Using pre-set license
Built from '2021.3/staging' branch; Version is '2021.3.21f1 (1b156197d683) revision 1774945'; Using compiler version '192829333'; Build Type 'Release'
OS: 'Windows 10  (10.0.19044) 64bit Core' Language: 'en' Physical Memory: 32635 MB
BatchMode: 1, IsHumanControllingUs: 0, StartBugReporterOnCrash: 0, Is64bit: 1, IsPro: 1

COMMAND LINE ARGUMENTS:
D:\UnityProjects\2021.3.21f1\Editor\Unity.exe
-adb2
-batchMode
-noUpm
-name
AssetImportWorker5
-projectPath
D:/UnityProjects/ScoreSpaceJam
-logFile
Logs/AssetImportWorker5.log
-srvPort
53510
Successfully changed project path to: D:/UnityProjects/ScoreSpaceJam
D:/UnityProjects/ScoreSpaceJam
[UnityMemory] Configuration Parameters - Can be set up in boot.config
    "memorysetup-bucket-allocator-granularity=16"
    "memorysetup-bucket-allocator-bucket-count=8"
    "memorysetup-bucket-allocator-block-size=33554432"
    "memorysetup-bucket-allocator-block-count=8"
    "memorysetup-main-allocator-block-size=16777216"
    "memorysetup-thread-allocator-block-size=16777216"
    "memorysetup-gfx-main-allocator-block-size=16777216"
    "memorysetup-gfx-thread-allocator-block-size=16777216"
    "memorysetup-cache-allocator-block-size=4194304"
    "memorysetup-typetree-allocator-block-size=2097152"
    "memorysetup-profiler-bucket-allocator-granularity=16"
    "memorysetup-profiler-bucket-allocator-bucket-count=8"
    "memorysetup-profiler-bucket-allocator-block-size=33554432"
    "memorysetup-profiler-bucket-allocator-block-count=8"
    "memorysetup-profiler-allocator-block-size=16777216"
    "memorysetup-profiler-editor-allocator-block-size=1048576"
    "memorysetup-temp-allocator-size-main=16777216"
    "memorysetup-job-temp-allocator-block-size=2097152"
    "memorysetup-job-temp-allocator-block-size-background=1048576"
    "memorysetup-job-temp-allocator-reduction-small-platforms=262144"
    "memorysetup-temp-allocator-size-background-worker=32768"
    "memorysetup-temp-allocator-size-job-worker=262144"
    "memorysetup-temp-allocator-size-preload-manager=33554432"
    "memorysetup-temp-allocator-size-nav-mesh-worker=65536"
    "memorysetup-temp-allocator-size-audio-worker=65536"
    "memorysetup-temp-allocator-size-cloud-worker=32768"
    "memorysetup-temp-allocator-size-gi-baking-worker=262144"
    "memorysetup-temp-allocator-size-gfx=262144"
Player connection [30712] Host "[IP] 192.168.0.22 [Port] 0 [Flags] 2 [Guid] 1975637786 [EditorId] 1975637786 [Version] 1048832 [Id] WindowsEditor(7,Cloetta) [Debug] 1 [PackageName] WindowsEditor [ProjectName] Editor" joined multi-casting on [225.0.0.222:54997]...

Player connection [30712] Host "[IP] 192.168.0.22 [Port] 0 [Flags] 2 [Guid] 1975637786 [EditorId] 1975637786 [Version] 1048832 [Id] WindowsEditor(7,Cloetta) [Debug] 1 [PackageName] WindowsEditor [ProjectName] Editor" joined alternative multi-casting on [225.0.0.222:34997]...

Refreshing native plugins compatible for Editor in 104.07 ms, found 4 plugins.
Preloading 0 native plugins for Editor in 0.00 ms.
Initialize engine version: 2021.3.21f1 (1b156197d683)
[Subsystems] Discovering subsystems at path D:/UnityProjects/2021.3.21f1/Editor/Data/Resources/UnitySubsystems
[Subsystems] Discovering subsystems at path D:/UnityProjects/ScoreSpaceJam/Assets
GfxDevice: creating device client; threaded=0; jobified=0
Direct3D:
    Version:  Direct3D 11.0 [level 11.1]
    Renderer: NVIDIA GeForce RTX 2060 (ID=0x1f08)
    Vendor:   NVIDIA
    VRAM:     5968 MB
    Driver:   31.0.15.3179
Initialize mono
Mono path[0] = 'D:/UnityProjects/2021.3.21f1/Editor/Data/Managed'
Mono path[1] = 'D:/UnityProjects/2021.3.21f1/Editor/Data/MonoBleedingEdge/lib/mono/unityjit-win32'
Mono config path = 'D:/UnityProjects/2021.3.21f1/Editor/Data/MonoBleedingEdge/etc'
Using monoOptions --debugger-agent=transport=dt_socket,embedding=1,server=y,suspend=n,address=127.0.0.1:56288
Begin MonoManager ReloadAssembly
Registering precompiled unity dll's ...
Register platform support module: D:/UnityProjects/2021.3.21f1/Editor/Data/PlaybackEngines/WebGLSupport/UnityEditor.WebGL.Extensions.dll
Register platform support module: D:/UnityProjects/2021.3.21f1/Editor/Data/PlaybackEngines/WindowsStandaloneSupport/UnityEditor.WindowsStandalone.Extensions.dll
Registered in 0.002814 seconds.
Native extension for WindowsStandalone target not found
Native extension for WebGL target not found
Refreshing native plugins compatible for Editor in 97.95 ms, found 4 plugins.
Preloading 0 native plugins for Editor in 0.00 ms.
Mono: successfully reloaded assembly
- Completed reload, in  0.553 seconds
Domain Reload Profiling:
	ReloadAssembly (553ms)
		BeginReloadAssembly (78ms)
			ExecutionOrderSort (0ms)
			DisableScriptedObjects (0ms)
			BackupInstance (0ms)
			ReleaseScriptingObjects (0ms)
			CreateAndSetChildDomain (1ms)
		EndReloadAssembly (396ms)
			LoadAssemblies (77ms)
			RebuildTransferFunctionScriptingTraits (0ms)
			SetupTypeCache (90ms)
			ReleaseScriptCaches (0ms)
			RebuildScriptCaches (29ms)
			SetupLoadedEditorAssemblies (239ms)
				LogAssemblyErrors (0ms)
				InitializePlatformSupportModulesInManaged (7ms)
				SetLoadedEditorAssemblies (0ms)
				RefreshPlugins (98ms)
				BeforeProcessingInitializeOnLoad (1ms)
				ProcessInitializeOnLoadAttributes (101ms)
				ProcessInitializeOnLoadMethodAttributes (31ms)
				AfterProcessingInitializeOnLoad (0ms)
				EditorAssembliesLoaded (0ms)
			ExecutionOrderSort2 (0ms)
			AwakeInstancesAfterBackupRestoration (0ms)
Platform modules already initialized, skipping
Registering precompiled user dll's ...
Registered in 0.004476 seconds.
Begin MonoManager ReloadAssembly
Symbol file LoadedFromMemory doesn't match image D:\UnityProjects\ScoreSpaceJam\Library\PackageCache\com.unity.visualscripting@1.7.8\Editor\VisualScripting.Core\Dependencies\YamlDotNet\Unity.VisualScripting.YamlDotNet.dll
Symbol file LoadedFromMemory doesn't match image D:\UnityProjects\ScoreSpaceJam\Library\PackageCache\com.unity.visualscripting@1.7.8\Editor\VisualScripting.Core\Dependencies\DotNetZip\Unity.VisualScripting.IonicZip.dll
Native extension for WindowsStandalone target not found
Native extension for WebGL target not found
Refreshing native plugins compatible for Editor in 100.96 ms, found 4 plugins.
Preloading 0 native plugins for Editor in 0.00 ms.
Mono: successfully reloaded assembly
- Completed reload, in  0.940 seconds
Domain Reload Profiling:
	ReloadAssembly (940ms)
		BeginReloadAssembly (92ms)
			ExecutionOrderSort (0ms)
			DisableScriptedObjects (4ms)
			BackupInstance (0ms)
			ReleaseScriptingObjects (0ms)
			CreateAndSetChildDomain (15ms)
		EndReloadAssembly (772ms)
			LoadAssemblies (78ms)
			RebuildTransferFunctionScriptingTraits (0ms)
			SetupTypeCache (196ms)
			ReleaseScriptCaches (0ms)
			RebuildScriptCaches (54ms)
			SetupLoadedEditorAssemblies (428ms)
				LogAssemblyErrors (0ms)
				InitializePlatformSupportModulesInManaged (3ms)
				SetLoadedEditorAssemblies (0ms)
				RefreshPlugins (101ms)
				BeforeProcessingInitializeOnLoad (74ms)
				ProcessInitializeOnLoadAttributes (213ms)
				ProcessInitializeOnLoadMethodAttributes (35ms)
				AfterProcessingInitializeOnLoad (2ms)
				EditorAssembliesLoaded (0ms)
			ExecutionOrderSort2 (0ms)
			AwakeInstancesAfterBackupRestoration (3ms)
Platform modules already initialized, skipping
========================================================================
Worker process is ready to serve import requests
Launched and connected shader compiler UnityShaderCompiler.exe after 0.03 seconds
Refreshing native plugins compatible for Editor in 0.78 ms, found 4 plugins.
Preloading 0 native plugins for Editor in 0.00 ms.
Unloading 4455 Unused Serialized files (Serialized files now loaded: 0)
Unloading 62 unused Assets / (1.3 MB). Loaded Objects now: 4909.
Memory consumption went from 174.3 MB to 173.0 MB.
Total: 2.567200 ms (FindLiveObjects: 0.267800 ms CreateObjectMapping: 0.120300 ms MarkObjects: 2.034000 ms  DeleteObjects: 0.144200 ms)

AssetImportParameters requested are different than current active one (requested -> active):
  custom:video-decoder-ogg-theora: a1e56fd34408186e4bbccfd4996cb3dc -> 
  custom:container-muxer-webm: aa71ff27fc2769a1b78a27578f13a17b -> 
  custom:container-demuxer-webm: 4f35f7cbe854078d1ac9338744f61a02 -> 
  custom:video-encoder-webm-vp8: eb34c28f22e8b96e1ab97ce403110664 -> 
  custom:audio-encoder-webm-vorbis: bf7c407c2cedff20999df2af8eb42d56 -> 
  custom:framework-win-MediaFoundation: 216162199b28c13a410421893ffa2e32 -> 
  custom:container-demuxer-ogg: 62fdf1f143b41e24485cea50d1cbac27 -> 
  custom:video-decoder-webm-vp8: 9c59270c3fd7afecdb556c50c9e8de78 -> 
  custom:audio-decoder-ogg-vorbis: bf7c407c2cedff20999df2af8eb42d56 -> 
========================================================================
Received Import Request.
  Time since last request: 79452.256183 seconds.
  path: Assets/Mike/Sprites/Pick Up's/coins-chests-etc-2-0_464.asset
  artifactKey: Guid(4e95b0a382936724ba276e0c391463e8) Importer(815301076,1909f56bfc062723c751e8b465ee728b)
Start importing Assets/Mike/Sprites/Pick Up's/coins-chests-etc-2-0_464.asset using Guid(4e95b0a382936724ba276e0c391463e8) Importer(815301076,1909f56bfc062723c751e8b465ee728b)  -> (artifact id: '89460e906aa4489a904103096410e68d') in 0.094891 seconds 
========================================================================
Received Import Request.
  Time since last request: 0.000026 seconds.
  path: Assets/Mike/Sprites/Pick Up's/coins-chests-etc-2-0_474.asset
  artifactKey: Guid(7d019125ea7fdcb479a422513e4f949b) Importer(815301076,1909f56bfc062723c751e8b465ee728b)
Start importing Assets/Mike/Sprites/Pick Up's/coins-chests-etc-2-0_474.asset using Guid(7d019125ea7fdcb479a422513e4f949b) Importer(815301076,1909f56bfc062723c751e8b465ee728b)  -> (artifact id: 'd67580ccf03e9ac1be81e5ca74c97dc7') in 0.025204 seconds 
========================================================================
Received Import Request.
  Time since last request: 0.000039 seconds.
  path: Assets/Mike/Sprites/Pick Up's/coins-chests-etc-2-0_498.asset
  artifactKey: Guid(6b03b756663ad0a4eb0d50ad43627163) Importer(815301076,1909f56bfc062723c751e8b465ee728b)
Start importing Assets/Mike/Sprites/Pick Up's/coins-chests-etc-2-0_498.asset using Guid(6b03b756663ad0a4eb0d50ad43627163) Importer(815301076,1909f56bfc062723c751e8b465ee728b)  -> (artifact id: '0a11a1805cd14609a550bbde1ad4cae2') in 0.022626 seconds 
========================================================================
Received Import Request.
  Time since last request: 0.000035 seconds.
  path: Assets/Mike/Sprites/Pick Up's/coins-chests-etc-2-0_484.asset
  artifactKey: Guid(392b9b215f685d149b8f19a580bad7cf) Importer(815301076,1909f56bfc062723c751e8b465ee728b)
Start importing Assets/Mike/Sprites/Pick Up's/coins-chests-etc-2-0_484.asset using Guid(392b9b215f685d149b8f19a580bad7cf) Importer(815301076,1909f56bfc062723c751e8b465ee728b)  -> (artifact id: 'f296c344b3bb980f01c7e56567101aff') in 0.022982 seconds 
========================================================================
Received Import Request.
  Time since last request: 0.000018 seconds.
  path: Assets/Mike/Sprites/Pick Up's/coins-chests-etc-2-0_514.asset
  artifactKey: Guid(3bc681314fad5fc4b98f994c589589f2) Importer(815301076,1909f56bfc062723c751e8b465ee728b)
Start importing Assets/Mike/Sprites/Pick Up's/coins-chests-etc-2-0_514.asset using Guid(3bc681314fad5fc4b98f994c589589f2) Importer(815301076,1909f56bfc062723c751e8b465ee728b)  -> (artifact id: 'b352cef8538d4f3247756ac0dab150c4') in 0.027762 seconds 
========================================================================
Received Import Request.
  Time since last request: 0.000018 seconds.
  path: Assets/Mike/Sprites/Pick Up's/coins-chests-etc-2-0_470.asset
  artifactKey: Guid(40778ec37f6b09045b9988bb9dba104a) Importer(815301076,1909f56bfc062723c751e8b465ee728b)
Start importing Assets/Mike/Sprites/Pick Up's/coins-chests-etc-2-0_470.asset using Guid(40778ec37f6b09045b9988bb9dba104a) Importer(815301076,1909f56bfc062723c751e8b465ee728b)  -> (artifact id: '4c9a182ae6a0199ba335f58c0081cbad') in 0.044490 seconds 
========================================================================
Received Import Request.
  Time since last request: 0.000018 seconds.
  path: Assets/Mike/Sprites/Pick Up's/coins-chests-etc-2-0_510.asset
  artifactKey: Guid(e1b8139b925f7f44d85607aec3bf2c2e) Importer(815301076,1909f56bfc062723c751e8b465ee728b)
Start importing Assets/Mike/Sprites/Pick Up's/coins-chests-etc-2-0_510.asset using Guid(e1b8139b925f7f44d85607aec3bf2c2e) Importer(815301076,1909f56bfc062723c751e8b465ee728b)  -> (artifact id: 'c7a37acf15cbc4a200498632a7d3dd38') in 0.018154 seconds 
========================================================================
Received Import Request.
  Time since last request: 0.000021 seconds.
  path: Assets/Mike/Sprites/Pick Up's/coins-chests-etc-2-0_495.asset
  artifactKey: Guid(5b05b30fa9a60fb49aee1c80f4bc5b3d) Importer(815301076,1909f56bfc062723c751e8b465ee728b)
Start importing Assets/Mike/Sprites/Pick Up's/coins-chests-etc-2-0_495.asset using Guid(5b05b30fa9a60fb49aee1c80f4bc5b3d) Importer(815301076,1909f56bfc062723c751e8b465ee728b)  -> (artifact id: '6e4b4a52a5e80bd0b307aeb57cf85eb0') in 0.021135 seconds 
========================================================================
Received Import Request.
  Time since last request: 0.000022 seconds.
  path: Assets/Mike/Sprites/Pick Up's/coins-chests-etc-2-0_468.asset
  artifactKey: Guid(d945735c1bac119409960f4b8bcb763a) Importer(815301076,1909f56bfc062723c751e8b465ee728b)
Start importing Assets/Mike/Sprites/Pick Up's/coins-chests-etc-2-0_468.asset using Guid(d945735c1bac119409960f4b8bcb763a) Importer(815301076,1909f56bfc062723c751e8b465ee728b)  -> (artifact id: '27250ab84f6b6b8ef76641cd1e779177') in 0.019941 seconds 
========================================================================
Received Import Request.
  Time since last request: 0.000024 seconds.
  path: Assets/Mike/Sprites/Pick Up's/coins-chests-etc-2-0_482.asset
  artifactKey: Guid(6f360b4d245962f45bdd3378b2f7478c) Importer(815301076,1909f56bfc062723c751e8b465ee728b)
Start importing Assets/Mike/Sprites/Pick Up's/coins-chests-etc-2-0_482.asset using Guid(6f360b4d245962f45bdd3378b2f7478c) Importer(815301076,1909f56bfc062723c751e8b465ee728b)  -> (artifact id: 'a6eabd5a8514f71c8c638d1f85c7bdaa') in 0.020917 seconds 
========================================================================
Received Import Request.
  Time since last request: 0.000022 seconds.
  path: Assets/Mike/Sprites/Pick Up's/coins-chests-etc-2-0_499.asset
  artifactKey: Guid(cc5f36211f042bd4faf0879277d5a9c2) Importer(815301076,1909f56bfc062723c751e8b465ee728b)
Start importing Assets/Mike/Sprites/Pick Up's/coins-chests-etc-2-0_499.asset using Guid(cc5f36211f042bd4faf0879277d5a9c2) Importer(815301076,1909f56bfc062723c751e8b465ee728b)  -> (artifact id: 'e2cdb05742395f926a50b6966759256b') in 0.018468 seconds 
========================================================================
Received Import Request.
  Time since last request: 0.000026 seconds.
  path: Assets/Mike/Sprites/Pick Up's/coins-chests-etc-2-0_503.asset
  artifactKey: Guid(5475eff2e8a5ae348bdd357b071368fc) Importer(815301076,1909f56bfc062723c751e8b465ee728b)
Start importing Assets/Mike/Sprites/Pick Up's/coins-chests-etc-2-0_503.asset using Guid(5475eff2e8a5ae348bdd357b071368fc) Importer(815301076,1909f56bfc062723c751e8b465ee728b)  -> (artifact id: 'dbe6d3b830f087c03f778d1f8f0da28f') in 0.020815 seconds 
========================================================================
Received Import Request.
  Time since last request: 0.000016 seconds.
  path: Assets/Mike/Sprites/Pick Up's/coins-chests-etc-2-0_469.asset
  artifactKey: Guid(4febfa95f8773df429832e8c6976fc48) Importer(815301076,1909f56bfc062723c751e8b465ee728b)
Start importing Assets/Mike/Sprites/Pick Up's/coins-chests-etc-2-0_469.asset using Guid(4febfa95f8773df429832e8c6976fc48) Importer(815301076,1909f56bfc062723c751e8b465ee728b)  -> (artifact id: '16439c8a9cb5a3f24de5a89065732211') in 0.020545 seconds 
========================================================================
Received Import Request.
  Time since last request: 39.713388 seconds.
  path: Assets/Mike/Sprites/Pick Up's/coins-chests-etc-2-0_224.asset
  artifactKey: Guid(fe8ad085544abc947979e1c042244903) Importer(815301076,1909f56bfc062723c751e8b465ee728b)
Start importing Assets/Mike/Sprites/Pick Up's/coins-chests-etc-2-0_224.asset using Guid(fe8ad085544abc947979e1c042244903) Importer(815301076,1909f56bfc062723c751e8b465ee728b)  -> (artifact id: 'aa9053789f557551df49dc3d228f0226') in 0.040087 seconds 
========================================================================
Received Import Request.
  Time since last request: 0.000019 seconds.
  path: Assets/Mike/Sprites/Pick Up's/coins-chests-etc-2-0_243.asset
  artifactKey: Guid(703d0dbace3466640ad1c5641a83885e) Importer(815301076,1909f56bfc062723c751e8b465ee728b)
Start importing Assets/Mike/Sprites/Pick Up's/coins-chests-etc-2-0_243.asset using Guid(703d0dbace3466640ad1c5641a83885e) Importer(815301076,1909f56bfc062723c751e8b465ee728b)  -> (artifact id: 'eb8d1250854d059b894f27b060a53383') in 0.024611 seconds 
========================================================================
Received Import Request.
  Time since last request: 0.000024 seconds.
  path: Assets/Mike/Sprites/Pick Up's/coins-chests-etc-2-0_237.asset
  artifactKey: Guid(a152bf42d7214654db7ba1f17a5d012b) Importer(815301076,1909f56bfc062723c751e8b465ee728b)
Start importing Assets/Mike/Sprites/Pick Up's/coins-chests-etc-2-0_237.asset using Guid(a152bf42d7214654db7ba1f17a5d012b) Importer(815301076,1909f56bfc062723c751e8b465ee728b)  -> (artifact id: '13cbe5406fd0ca5a2b3dfba027768b81') in 0.022057 seconds 
========================================================================
Received Import Request.
  Time since last request: 0.000023 seconds.
  path: Assets/Mike/Sprites/Pick Up's/coins-chests-etc-2-0_244.asset
  artifactKey: Guid(2e2b1c2ce04bcf445ba659db6312ab36) Importer(815301076,1909f56bfc062723c751e8b465ee728b)
Start importing Assets/Mike/Sprites/Pick Up's/coins-chests-etc-2-0_244.asset using Guid(2e2b1c2ce04bcf445ba659db6312ab36) Importer(815301076,1909f56bfc062723c751e8b465ee728b)  -> (artifact id: 'ffab7bebcd3458be964ff6096263a944') in 0.020915 seconds 
========================================================================
Received Import Request.
  Time since last request: 0.000029 seconds.
  path: Assets/Mike/Sprites/Pick Up's/coins-chests-etc-2-0_229.asset
  artifactKey: Guid(335f43bfa6a7a0d48a68cad4f0eda37f) Importer(815301076,1909f56bfc062723c751e8b465ee728b)
Start importing Assets/Mike/Sprites/Pick Up's/coins-chests-etc-2-0_229.asset using Guid(335f43bfa6a7a0d48a68cad4f0eda37f) Importer(815301076,1909f56bfc062723c751e8b465ee728b)  -> (artifact id: 'b9530ad87df1e69d58ba397a76a03475') in 0.019854 seconds 
========================================================================
Received Import Request.
  Time since last request: 0.000022 seconds.
  path: Assets/Mike/Sprites/Pick Up's/coins-chests-etc-2-0_242.asset
  artifactKey: Guid(2cf36d6e10b3c1f47950c4ab0c8b8e8a) Importer(815301076,1909f56bfc062723c751e8b465ee728b)
Start importing Assets/Mike/Sprites/Pick Up's/coins-chests-etc-2-0_242.asset using Guid(2cf36d6e10b3c1f47950c4ab0c8b8e8a) Importer(815301076,1909f56bfc062723c751e8b465ee728b)  -> (artifact id: '33206ddf1067cc966ff9f3782097e5b7') in 0.021454 seconds 
========================================================================
Received Import Request.
  Time since last request: 0.000029 seconds.
  path: Assets/Mike/Sprites/Pick Up's/coins-chests-etc-2-0_249.asset
  artifactKey: Guid(eca23c657f12e8f4abc71e47f37f0351) Importer(815301076,1909f56bfc062723c751e8b465ee728b)
Start importing Assets/Mike/Sprites/Pick Up's/coins-chests-etc-2-0_249.asset using Guid(eca23c657f12e8f4abc71e47f37f0351) Importer(815301076,1909f56bfc062723c751e8b465ee728b)  -> (artifact id: 'b114c6c175e81cd355f8d587b0f83f1a') in 0.018870 seconds 
========================================================================
Received Import Request.
  Time since last request: 0.000036 seconds.
  path: Assets/Mike/Sprites/Pick Up's/coins-chests-etc-2-0_240.asset
  artifactKey: Guid(7284ff26f53c63f43a8522bc6a91e6f0) Importer(815301076,1909f56bfc062723c751e8b465ee728b)
Start importing Assets/Mike/Sprites/Pick Up's/coins-chests-etc-2-0_240.asset using Guid(7284ff26f53c63f43a8522bc6a91e6f0) Importer(815301076,1909f56bfc062723c751e8b465ee728b)  -> (artifact id: 'b1aac8a554d6e4bda5767215d3be69bd') in 0.018547 seconds 
========================================================================
Received Import Request.
  Time since last request: 0.969649 seconds.
  path: Assets/Mike/Sprites/Pick Up's/coins-chests-etc-2-0_388.asset
  artifactKey: Guid(955617f1ba08b644b9920ef43c0261ce) Importer(815301076,1909f56bfc062723c751e8b465ee728b)
Start importing Assets/Mike/Sprites/Pick Up's/coins-chests-etc-2-0_388.asset using Guid(955617f1ba08b644b9920ef43c0261ce) Importer(815301076,1909f56bfc062723c751e8b465ee728b)  -> (artifact id: '8aec2c76eeabaf619057d111bb9f15f0') in 0.032480 seconds 
========================================================================
Received Import Request.
  Time since last request: 0.000023 seconds.
  path: Assets/Mike/Sprites/Pick Up's/coins-chests-etc-2-0_393.asset
  artifactKey: Guid(1c2920ee1de041842b2e4f0e9492ba9a) Importer(815301076,1909f56bfc062723c751e8b465ee728b)
Start importing Assets/Mike/Sprites/Pick Up's/coins-chests-etc-2-0_393.asset using Guid(1c2920ee1de041842b2e4f0e9492ba9a) Importer(815301076,1909f56bfc062723c751e8b465ee728b)  -> (artifact id: '4dd1f939864e7620dc1793d35ef0129c') in 0.021008 seconds 
========================================================================
Received Import Request.
  Time since last request: 0.000034 seconds.
  path: Assets/Mike/Sprites/Pick Up's/coins-chests-etc-2-0_450.asset
  artifactKey: Guid(d61cab48160d39f4280150241cf9935a) Importer(815301076,1909f56bfc062723c751e8b465ee728b)
Start importing Assets/Mike/Sprites/Pick Up's/coins-chests-etc-2-0_450.asset using Guid(d61cab48160d39f4280150241cf9935a) Importer(815301076,1909f56bfc062723c751e8b465ee728b)  -> (artifact id: '3f8f4c206e257705ae12a57e6b637093') in 0.020245 seconds 
========================================================================
Received Import Request.
  Time since last request: 0.000019 seconds.
  path: Assets/Mike/Sprites/Pick Up's/coins-chests-etc-2-0_398.asset
  artifactKey: Guid(4497282d0ef5ef44c81b255adc756f6f) Importer(815301076,1909f56bfc062723c751e8b465ee728b)
Start importing Assets/Mike/Sprites/Pick Up's/coins-chests-etc-2-0_398.asset using Guid(4497282d0ef5ef44c81b255adc756f6f) Importer(815301076,1909f56bfc062723c751e8b465ee728b)  -> (artifact id: 'e346df0de126ab9e786aeb3bfadd4e4b') in 0.021219 seconds 
========================================================================
Received Import Request.
  Time since last request: 0.000020 seconds.
  path: Assets/Mike/Sprites/Pick Up's/coins-chests-etc-2-0_391.asset
  artifactKey: Guid(15aaf07cca6fe074aa8f04a34d8942af) Importer(815301076,1909f56bfc062723c751e8b465ee728b)
Start importing Assets/Mike/Sprites/Pick Up's/coins-chests-etc-2-0_391.asset using Guid(15aaf07cca6fe074aa8f04a34d8942af) Importer(815301076,1909f56bfc062723c751e8b465ee728b)  -> (artifact id: '72e8181f427ae6970360334b76d3e9d4') in 0.020110 seconds 
========================================================================
Received Import Request.
  Time since last request: 0.000020 seconds.
  path: Assets/Mike/Sprites/Pick Up's/coins-chests-etc-2-0_418.asset
  artifactKey: Guid(e385f069425af46478f76dbb5b31f885) Importer(815301076,1909f56bfc062723c751e8b465ee728b)
Start importing Assets/Mike/Sprites/Pick Up's/coins-chests-etc-2-0_418.asset using Guid(e385f069425af46478f76dbb5b31f885) Importer(815301076,1909f56bfc062723c751e8b465ee728b)  -> (artifact id: '40d9f84176ee2b755697542f1072de2b') in 0.021392 seconds 
========================================================================
Received Import Request.
  Time since last request: 0.000028 seconds.
  path: Assets/Mike/Sprites/Pick Up's/coins-chests-etc-2-0_434.asset
  artifactKey: Guid(6fb890963886fb3408a32bf969fca825) Importer(815301076,1909f56bfc062723c751e8b465ee728b)
Start importing Assets/Mike/Sprites/Pick Up's/coins-chests-etc-2-0_434.asset using Guid(6fb890963886fb3408a32bf969fca825) Importer(815301076,1909f56bfc062723c751e8b465ee728b)  -> (artifact id: '06ddc0e1baa0ee18ef6ebe4b4d010f71') in 0.019730 seconds 
========================================================================
Received Import Request.
  Time since last request: 0.000026 seconds.
  path: Assets/Mike/Sprites/Pick Up's/coins-chests-etc-2-0_449.asset
  artifactKey: Guid(11c8a06d6b926a94894257549695366d) Importer(815301076,1909f56bfc062723c751e8b465ee728b)
Start importing Assets/Mike/Sprites/Pick Up's/coins-chests-etc-2-0_449.asset using Guid(11c8a06d6b926a94894257549695366d) Importer(815301076,1909f56bfc062723c751e8b465ee728b)  -> (artifact id: 'c9d11ff63851048e424ed08780457ffe') in 0.018948 seconds 
========================================================================
Received Import Request.
  Time since last request: 0.000022 seconds.
  path: Assets/Mike/Sprites/Pick Up's/coins-chests-etc-2-0_426.asset
  artifactKey: Guid(996039bc2c7899b4892aaef51c0d1dc1) Importer(815301076,1909f56bfc062723c751e8b465ee728b)
Start importing Assets/Mike/Sprites/Pick Up's/coins-chests-etc-2-0_426.asset using Guid(996039bc2c7899b4892aaef51c0d1dc1) Importer(815301076,1909f56bfc062723c751e8b465ee728b)  -> (artifact id: 'cf563f1c6fd4ab87a01ebb9597a42ff6') in 0.026529 seconds 
========================================================================
Received Import Request.
  Time since last request: 0.000020 seconds.
  path: Assets/Mike/Sprites/Pick Up's/coins-chests-etc-2-0_396.asset
  artifactKey: Guid(760ba27e0c68fd942a74fba5ee860c7c) Importer(815301076,1909f56bfc062723c751e8b465ee728b)
Start importing Assets/Mike/Sprites/Pick Up's/coins-chests-etc-2-0_396.asset using Guid(760ba27e0c68fd942a74fba5ee860c7c) Importer(815301076,1909f56bfc062723c751e8b465ee728b)  -> (artifact id: '40142ee67cb4e37fe0e6f07192a5203d') in 0.022224 seconds 
========================================================================
Received Import Request.
  Time since last request: 0.000025 seconds.
  path: Assets/Mike/Sprites/Pick Up's/coins-chests-etc-2-0_446.asset
  artifactKey: Guid(2761d5c9ccfe26045801518f514dd6ec) Importer(815301076,1909f56bfc062723c751e8b465ee728b)
Start importing Assets/Mike/Sprites/Pick Up's/coins-chests-etc-2-0_446.asset using Guid(2761d5c9ccfe26045801518f514dd6ec) Importer(815301076,1909f56bfc062723c751e8b465ee728b)  -> (artifact id: '68c6733f597ea70c13934d6a0deea56d') in 0.023176 seconds 
========================================================================
Received Import Request.
  Time since last request: 0.000028 seconds.
  path: Assets/Mike/Sprites/Pick Up's/coins-chests-etc-2-0_403.asset
  artifactKey: Guid(7dafe806b87897445a458392a6f862d9) Importer(815301076,1909f56bfc062723c751e8b465ee728b)
Start importing Assets/Mike/Sprites/Pick Up's/coins-chests-etc-2-0_403.asset using Guid(7dafe806b87897445a458392a6f862d9) Importer(815301076,1909f56bfc062723c751e8b465ee728b)  -> (artifact id: '6c7690a4d98cc588bfa10db488a1df67') in 0.021521 seconds 
========================================================================
Received Import Request.
  Time since last request: 0.000017 seconds.
  path: Assets/Mike/Sprites/Pick Up's/coins-chests-etc-2-0_414.asset
  artifactKey: Guid(6cac7542cc8e9644fa71a437176fb208) Importer(815301076,1909f56bfc062723c751e8b465ee728b)
Start importing Assets/Mike/Sprites/Pick Up's/coins-chests-etc-2-0_414.asset using Guid(6cac7542cc8e9644fa71a437176fb208) Importer(815301076,1909f56bfc062723c751e8b465ee728b)  -> (artifact id: 'b4a16471414587ce4f0b2809c6dbdc30') in 0.022213 seconds 
========================================================================
Received Import Request.
  Time since last request: 0.000018 seconds.
  path: Assets/Mike/Sprites/Pick Up's/coins-chests-etc-2-0_428.asset
  artifactKey: Guid(95ed1f8bd79125649bb8a0b6fad3de7b) Importer(815301076,1909f56bfc062723c751e8b465ee728b)
Start importing Assets/Mike/Sprites/Pick Up's/coins-chests-etc-2-0_428.asset using Guid(95ed1f8bd79125649bb8a0b6fad3de7b) Importer(815301076,1909f56bfc062723c751e8b465ee728b)  -> (artifact id: '6cb8db47b6ca171d2959adba409cb7d5') in 0.021690 seconds 
========================================================================
Received Import Request.
  Time since last request: 0.000016 seconds.
  path: Assets/Mike/Sprites/Pick Up's/coins-chests-etc-2-0_404.asset
  artifactKey: Guid(27ea861ee5087d940b2f0854ca1c28d7) Importer(815301076,1909f56bfc062723c751e8b465ee728b)
Start importing Assets/Mike/Sprites/Pick Up's/coins-chests-etc-2-0_404.asset using Guid(27ea861ee5087d940b2f0854ca1c28d7) Importer(815301076,1909f56bfc062723c751e8b465ee728b)  -> (artifact id: '4b3c2ba9687f190dbbf2c50f9499b20e') in 0.023184 seconds 
========================================================================
Received Import Request.
  Time since last request: 0.000041 seconds.
  path: Assets/Mike/Sprites/Pick Up's/coins-chests-etc-2-0_438.asset
  artifactKey: Guid(073ffc0b533323c40807575174164c99) Importer(815301076,1909f56bfc062723c751e8b465ee728b)
Start importing Assets/Mike/Sprites/Pick Up's/coins-chests-etc-2-0_438.asset using Guid(073ffc0b533323c40807575174164c99) Importer(815301076,1909f56bfc062723c751e8b465ee728b)  -> (artifact id: 'd61c21c47c949fe9cc633458814ca93c') in 0.022683 seconds 
========================================================================
Received Import Request.
  Time since last request: 0.000021 seconds.
  path: Assets/Mike/Sprites/Pick Up's/coins-chests-etc-2-0_422.asset
  artifactKey: Guid(ed7aafe136a2eb44a9ecbbad8ff08161) Importer(815301076,1909f56bfc062723c751e8b465ee728b)
Start importing Assets/Mike/Sprites/Pick Up's/coins-chests-etc-2-0_422.asset using Guid(ed7aafe136a2eb44a9ecbbad8ff08161) Importer(815301076,1909f56bfc062723c751e8b465ee728b)  -> (artifact id: '1936ea743d8e3ababcb887de8684eb53') in 0.023098 seconds 
========================================================================
Received Import Request.
  Time since last request: 0.349173 seconds.
  path: Assets/Mike/Sprites/Pick Up's/coins-chests-etc-2-0_454.asset
  artifactKey: Guid(d6ad8f81a7dd3194b9a00d6fd9077657) Importer(815301076,1909f56bfc062723c751e8b465ee728b)
Start importing Assets/Mike/Sprites/Pick Up's/coins-chests-etc-2-0_454.asset using Guid(d6ad8f81a7dd3194b9a00d6fd9077657) Importer(815301076,1909f56bfc062723c751e8b465ee728b)  -> (artifact id: '3d0cb6786b9547421985098dbf72a65e') in 0.026518 seconds 
========================================================================
Received Import Request.
  Time since last request: 0.000020 seconds.
  path: Assets/Mike/Sprites/Pick Up's/coins-chests-etc-2-0_455.asset
  artifactKey: Guid(15de748ea4bbe784aa178752b301b6be) Importer(815301076,1909f56bfc062723c751e8b465ee728b)
Start importing Assets/Mike/Sprites/Pick Up's/coins-chests-etc-2-0_455.asset using Guid(15de748ea4bbe784aa178752b301b6be) Importer(815301076,1909f56bfc062723c751e8b465ee728b)  -> (artifact id: '9a9352ad06933ea29ba87aeb1ae8bd96') in 0.021367 seconds 
========================================================================
Received Import Request.
  Time since last request: 0.546545 seconds.
  path: Assets/Mike/Sprites/Pick Up's/coins-chests-etc-2-0_652.asset
  artifactKey: Guid(ec9ef5f88f333a243811d3d48dcb5a53) Importer(815301076,1909f56bfc062723c751e8b465ee728b)
Start importing Assets/Mike/Sprites/Pick Up's/coins-chests-etc-2-0_652.asset using Guid(ec9ef5f88f333a243811d3d48dcb5a53) Importer(815301076,1909f56bfc062723c751e8b465ee728b)  -> (artifact id: '8e2457bf293596f1eb9c0c262a2d6903') in 0.023714 seconds 
========================================================================
Received Import Request.
  Time since last request: 0.000018 seconds.
  path: Assets/Mike/Sprites/Pick Up's/coins-chests-etc-2-0_653.asset
  artifactKey: Guid(cf958aaed59a1764192a1f63d91c8256) Importer(815301076,1909f56bfc062723c751e8b465ee728b)
Start importing Assets/Mike/Sprites/Pick Up's/coins-chests-etc-2-0_653.asset using Guid(cf958aaed59a1764192a1f63d91c8256) Importer(815301076,1909f56bfc062723c751e8b465ee728b)  -> (artifact id: '20db2687d933e6ef31a6ee96ab79ac01') in 0.020467 seconds 
========================================================================
Received Import Request.
  Time since last request: 0.000017 seconds.
  path: Assets/Mike/Sprites/Pick Up's/coins-chests-etc-2-0_659.asset
  artifactKey: Guid(b5d44e0caf388cc4b90731c61e05b25d) Importer(815301076,1909f56bfc062723c751e8b465ee728b)
Start importing Assets/Mike/Sprites/Pick Up's/coins-chests-etc-2-0_659.asset using Guid(b5d44e0caf388cc4b90731c61e05b25d) Importer(815301076,1909f56bfc062723c751e8b465ee728b)  -> (artifact id: '93af9fca80fe300bd6e5e830bd034bf4') in 0.022776 seconds 
========================================================================
Received Import Request.
  Time since last request: 0.000015 seconds.
  path: Assets/Mike/Sprites/Pick Up's/coins-chests-etc-2-0_654.asset
  artifactKey: Guid(228702d8acf2e204f9b9648faf414832) Importer(815301076,1909f56bfc062723c751e8b465ee728b)
Start importing Assets/Mike/Sprites/Pick Up's/coins-chests-etc-2-0_654.asset using Guid(228702d8acf2e204f9b9648faf414832) Importer(815301076,1909f56bfc062723c751e8b465ee728b)  -> (artifact id: 'f0a8a4faa975ba0baec8327430a5b8c0') in 0.020682 seconds 
========================================================================
Received Import Request.
  Time since last request: 0.344994 seconds.
  path: Assets/Mike/Sprites/Pick Up's/coins-chests-etc-2-0_670.asset
  artifactKey: Guid(a33a9f2e9bd46ec45878faecde27008c) Importer(815301076,1909f56bfc062723c751e8b465ee728b)
Start importing Assets/Mike/Sprites/Pick Up's/coins-chests-etc-2-0_670.asset using Guid(a33a9f2e9bd46ec45878faecde27008c) Importer(815301076,1909f56bfc062723c751e8b465ee728b)  -> (artifact id: '88e1d33ac35adb480f114338169f127a') in 0.023799 seconds 
========================================================================
Received Import Request.
  Time since last request: 0.000025 seconds.
  path: Assets/Mike/Sprites/Pick Up's/coins-chests-etc-2-0_699.asset
  artifactKey: Guid(cf7abd1291f3eb64495e67c242070b7a) Importer(815301076,1909f56bfc062723c751e8b465ee728b)
Start importing Assets/Mike/Sprites/Pick Up's/coins-chests-etc-2-0_699.asset using Guid(cf7abd1291f3eb64495e67c242070b7a) Importer(815301076,1909f56bfc062723c751e8b465ee728b)  -> (artifact id: '1e28f1dca0681274d9a812f8f23ab535') in 0.020004 seconds 
========================================================================
Received Import Request.
  Time since last request: 0.000025 seconds.
  path: Assets/Mike/Sprites/Pick Up's/coins-chests-etc-2-0_718.asset
  artifactKey: Guid(0403040a69595234ab86d48d1d922963) Importer(815301076,1909f56bfc062723c751e8b465ee728b)
Start importing Assets/Mike/Sprites/Pick Up's/coins-chests-etc-2-0_718.asset using Guid(0403040a69595234ab86d48d1d922963) Importer(815301076,1909f56bfc062723c751e8b465ee728b)  -> (artifact id: 'd34b3a957bdce9980a6885cae2b8284f') in 0.019619 seconds 
========================================================================
Received Import Request.
  Time since last request: 0.000030 seconds.
  path: Assets/Mike/Sprites/Pick Up's/coins-chests-etc-2-0_723.asset
  artifactKey: Guid(c4773cbedb67aeb4b9af7636cda2e2ac) Importer(815301076,1909f56bfc062723c751e8b465ee728b)
Start importing Assets/Mike/Sprites/Pick Up's/coins-chests-etc-2-0_723.asset using Guid(c4773cbedb67aeb4b9af7636cda2e2ac) Importer(815301076,1909f56bfc062723c751e8b465ee728b)  -> (artifact id: 'b93d1299e6e6f736100c8d9ef463954f') in 0.018084 seconds 
========================================================================
Received Import Request.
  Time since last request: 0.000042 seconds.
  path: Assets/Mike/Sprites/Pick Up's/coins-chests-etc-2-0_749.asset
  artifactKey: Guid(4020d2aad4e55844aba515ee6aaa3066) Importer(815301076,1909f56bfc062723c751e8b465ee728b)
Start importing Assets/Mike/Sprites/Pick Up's/coins-chests-etc-2-0_749.asset using Guid(4020d2aad4e55844aba515ee6aaa3066) Importer(815301076,1909f56bfc062723c751e8b465ee728b)  -> (artifact id: 'a823e950a9342f9bec1289c709b0b952') in 0.027182 seconds 
========================================================================
Received Import Request.
  Time since last request: 0.000020 seconds.
  path: Assets/Mike/Sprites/Pick Up's/coins-chests-etc-2-0_677.asset
  artifactKey: Guid(1447cff82606d8945809d5dbbdea54f0) Importer(815301076,1909f56bfc062723c751e8b465ee728b)
Start importing Assets/Mike/Sprites/Pick Up's/coins-chests-etc-2-0_677.asset using Guid(1447cff82606d8945809d5dbbdea54f0) Importer(815301076,1909f56bfc062723c751e8b465ee728b)  -> (artifact id: 'e70b842d7dbe3d126149567b8e93d76a') in 0.021259 seconds 
========================================================================
Received Import Request.
  Time since last request: 0.000016 seconds.
  path: Assets/Mike/Sprites/Pick Up's/coins-chests-etc-2-0_676.asset
  artifactKey: Guid(9e57e044a3ffe6d4a85c06804d759409) Importer(815301076,1909f56bfc062723c751e8b465ee728b)
Start importing Assets/Mike/Sprites/Pick Up's/coins-chests-etc-2-0_676.asset using Guid(9e57e044a3ffe6d4a85c06804d759409) Importer(815301076,1909f56bfc062723c751e8b465ee728b)  -> (artifact id: '9840a1fb3f87521479c57cd73ebb82b4') in 0.019589 seconds 
========================================================================
Received Import Request.
  Time since last request: 0.000024 seconds.
  path: Assets/Mike/Sprites/Pick Up's/coins-chests-etc-2-0_736.asset
  artifactKey: Guid(3e5a414a91c4af64cb20e8f78766d8df) Importer(815301076,1909f56bfc062723c751e8b465ee728b)
Start importing Assets/Mike/Sprites/Pick Up's/coins-chests-etc-2-0_736.asset using Guid(3e5a414a91c4af64cb20e8f78766d8df) Importer(815301076,1909f56bfc062723c751e8b465ee728b)  -> (artifact id: '4cbfec35018fffd49954d760d4456ce3') in 0.020583 seconds 
========================================================================
Received Import Request.
  Time since last request: 0.000024 seconds.
  path: Assets/Mike/Sprites/Pick Up's/coins-chests-etc-2-0_697.asset
  artifactKey: Guid(f5811ed6fd50b924cab66722c6ec1616) Importer(815301076,1909f56bfc062723c751e8b465ee728b)
Start importing Assets/Mike/Sprites/Pick Up's/coins-chests-etc-2-0_697.asset using Guid(f5811ed6fd50b924cab66722c6ec1616) Importer(815301076,1909f56bfc062723c751e8b465ee728b)  -> (artifact id: '738e61021803be2dc2dd5c1c66bbbead') in 0.019964 seconds 
========================================================================
Received Import Request.
  Time since last request: 0.000034 seconds.
  path: Assets/Mike/Sprites/Pick Up's/coins-chests-etc-2-0_674.asset
  artifactKey: Guid(ccbf25131e19a1a41841b153b6480c3b) Importer(815301076,1909f56bfc062723c751e8b465ee728b)
Start importing Assets/Mike/Sprites/Pick Up's/coins-chests-etc-2-0_674.asset using Guid(ccbf25131e19a1a41841b153b6480c3b) Importer(815301076,1909f56bfc062723c751e8b465ee728b)  -> (artifact id: 'b8b6eb124a4ab7a47fbb82a2d0ab03dd') in 0.020309 seconds 
========================================================================
Received Import Request.
  Time since last request: 0.000017 seconds.
  path: Assets/Mike/Sprites/Pick Up's/coins-chests-etc-2-0_752.asset
  artifactKey: Guid(13dd6139ad7902448935d96f4fd8d354) Importer(815301076,1909f56bfc062723c751e8b465ee728b)
Start importing Assets/Mike/Sprites/Pick Up's/coins-chests-etc-2-0_752.asset using Guid(13dd6139ad7902448935d96f4fd8d354) Importer(815301076,1909f56bfc062723c751e8b465ee728b)  -> (artifact id: 'c0627521a4936f5ed2781cdd1a434421') in 0.020790 seconds 
========================================================================
Received Import Request.
  Time since last request: 0.000024 seconds.
  path: Assets/Mike/Sprites/Pick Up's/coins-chests-etc-2-0_751.asset
  artifactKey: Guid(1d93e2a4b3b8aa14cb823c2989a0732a) Importer(815301076,1909f56bfc062723c751e8b465ee728b)
Start importing Assets/Mike/Sprites/Pick Up's/coins-chests-etc-2-0_751.asset using Guid(1d93e2a4b3b8aa14cb823c2989a0732a) Importer(815301076,1909f56bfc062723c751e8b465ee728b)  -> (artifact id: 'f3a4379ad04faf520249afe6bc87a869') in 0.018045 seconds 
========================================================================
Received Import Request.
  Time since last request: 0.000019 seconds.
  path: Assets/Mike/Sprites/Pick Up's/coins-chests-etc-2-0_738.asset
  artifactKey: Guid(a0b2013b035f4e94e94ac40f86fffaad) Importer(815301076,1909f56bfc062723c751e8b465ee728b)
Start importing Assets/Mike/Sprites/Pick Up's/coins-chests-etc-2-0_738.asset using Guid(a0b2013b035f4e94e94ac40f86fffaad) Importer(815301076,1909f56bfc062723c751e8b465ee728b)  -> (artifact id: '227331609d609ace2299be158e1a9c31') in 0.020656 seconds 
========================================================================
Received Import Request.
  Time since last request: 0.000029 seconds.
  path: Assets/Mike/Sprites/Pick Up's/coins-chests-etc-2-0_725.asset
  artifactKey: Guid(b7b72c239b1b703458d713a4a4e0e03f) Importer(815301076,1909f56bfc062723c751e8b465ee728b)
Start importing Assets/Mike/Sprites/Pick Up's/coins-chests-etc-2-0_725.asset using Guid(b7b72c239b1b703458d713a4a4e0e03f) Importer(815301076,1909f56bfc062723c751e8b465ee728b)  -> (artifact id: '2fce2e4ea1523cf32b9057f60388f48e') in 0.018504 seconds 
========================================================================
Received Import Request.
  Time since last request: 0.000022 seconds.
  path: Assets/Mike/Sprites/Pick Up's/coins-chests-etc-2-0_687.asset
  artifactKey: Guid(e523627bb54524845a781f7b9494a029) Importer(815301076,1909f56bfc062723c751e8b465ee728b)
Start importing Assets/Mike/Sprites/Pick Up's/coins-chests-etc-2-0_687.asset using Guid(e523627bb54524845a781f7b9494a029) Importer(815301076,1909f56bfc062723c751e8b465ee728b)  -> (artifact id: '08de27775931f8fdd0facd5f38acfc38') in 0.018611 seconds 
========================================================================
Received Import Request.
  Time since last request: 0.000022 seconds.
  path: Assets/Mike/Sprites/Pick Up's/coins-chests-etc-2-0_712.asset
  artifactKey: Guid(0e1d08afea38fce4993fb5d318201ada) Importer(815301076,1909f56bfc062723c751e8b465ee728b)
Start importing Assets/Mike/Sprites/Pick Up's/coins-chests-etc-2-0_712.asset using Guid(0e1d08afea38fce4993fb5d318201ada) Importer(815301076,1909f56bfc062723c751e8b465ee728b)  -> (artifact id: '97fafc9dff36c8e224586e91be7c61df') in 0.019676 seconds 
========================================================================
Received Import Request.
  Time since last request: 0.000038 seconds.
  path: Assets/Mike/Sprites/Pick Up's/coins-chests-etc-2-0_692.asset
  artifactKey: Guid(e83e5e5b9c9f56349a35a25a6cc332d2) Importer(815301076,1909f56bfc062723c751e8b465ee728b)
Start importing Assets/Mike/Sprites/Pick Up's/coins-chests-etc-2-0_692.asset using Guid(e83e5e5b9c9f56349a35a25a6cc332d2) Importer(815301076,1909f56bfc062723c751e8b465ee728b)  -> (artifact id: '6dfc3da23abc5a6a15d68ef49865cef9') in 0.019817 seconds 
========================================================================
Received Import Request.
  Time since last request: 0.000020 seconds.
  path: Assets/Mike/Sprites/Pick Up's/coins-chests-etc-2-0_744.asset
  artifactKey: Guid(b14b532c7727e1b449aebd7417550a11) Importer(815301076,1909f56bfc062723c751e8b465ee728b)
Start importing Assets/Mike/Sprites/Pick Up's/coins-chests-etc-2-0_744.asset using Guid(b14b532c7727e1b449aebd7417550a11) Importer(815301076,1909f56bfc062723c751e8b465ee728b)  -> (artifact id: 'f1914d02d2549840f2fb36afa7b5b681') in 0.019487 seconds 
========================================================================
Received Import Request.
  Time since last request: 0.000017 seconds.
  path: Assets/Mike/Sprites/Pick Up's/coins-chests-etc-2-0_707.asset
  artifactKey: Guid(c9f7672db3b576942a1d42e6470a2450) Importer(815301076,1909f56bfc062723c751e8b465ee728b)
Start importing Assets/Mike/Sprites/Pick Up's/coins-chests-etc-2-0_707.asset using Guid(c9f7672db3b576942a1d42e6470a2450) Importer(815301076,1909f56bfc062723c751e8b465ee728b)  -> (artifact id: '0310aa788e5ee49428876cfcb717b6d3') in 0.019785 seconds 
========================================================================
Received Import Request.
  Time since last request: 0.000026 seconds.
  path: Assets/Mike/Sprites/Pick Up's/coins-chests-etc-2-0_748.asset
  artifactKey: Guid(98295eec8204e5341bc86556900aa36c) Importer(815301076,1909f56bfc062723c751e8b465ee728b)
Start importing Assets/Mike/Sprites/Pick Up's/coins-chests-etc-2-0_748.asset using Guid(98295eec8204e5341bc86556900aa36c) Importer(815301076,1909f56bfc062723c751e8b465ee728b)  -> (artifact id: '2d56ea865df4b4b0b6f569eb2b57a617') in 0.019434 seconds 
========================================================================
Received Import Request.
  Time since last request: 0.000018 seconds.
  path: Assets/Mike/Sprites/Pick Up's/coins-chests-etc-2-0_700.asset
  artifactKey: Guid(df97f4e96cd6d03489c1780062f12ac2) Importer(815301076,1909f56bfc062723c751e8b465ee728b)
Start importing Assets/Mike/Sprites/Pick Up's/coins-chests-etc-2-0_700.asset using Guid(df97f4e96cd6d03489c1780062f12ac2) Importer(815301076,1909f56bfc062723c751e8b465ee728b)  -> (artifact id: 'fdf9af12c96d1436ee7f74c5f17f8ac3') in 0.020293 seconds 
========================================================================
Received Import Request.
  Time since last request: 0.000018 seconds.
  path: Assets/Mike/Sprites/Pick Up's/coins-chests-etc-2-0_717.asset
  artifactKey: Guid(174b995b4ee540d419d332124430070d) Importer(815301076,1909f56bfc062723c751e8b465ee728b)
Start importing Assets/Mike/Sprites/Pick Up's/coins-chests-etc-2-0_717.asset using Guid(174b995b4ee540d419d332124430070d) Importer(815301076,1909f56bfc062723c751e8b465ee728b)  -> (artifact id: 'ab8cde58cf99c816b34ee42d8c9a5e35') in 0.018715 seconds 
========================================================================
Received Import Request.
  Time since last request: 0.000018 seconds.
  path: Assets/Mike/Sprites/Pick Up's/coins-chests-etc-2-0_733.asset
  artifactKey: Guid(fdd0f652ffa742049a18f2d3b5cb07fa) Importer(815301076,1909f56bfc062723c751e8b465ee728b)
Start importing Assets/Mike/Sprites/Pick Up's/coins-chests-etc-2-0_733.asset using Guid(fdd0f652ffa742049a18f2d3b5cb07fa) Importer(815301076,1909f56bfc062723c751e8b465ee728b)  -> (artifact id: '56719618027b690f47d828a2cb0a520a') in 0.017938 seconds 
Editor requested this worker to shutdown with reason: Scaling down because of idle timeout
AssetImportWorker is now disconnected from the server
Process exiting
Exiting without the bug reporter. Application will terminate with return code 0