Using pre-set license
Built from '2021.3/staging' branch; Version is '2021.3.21f1 (1b156197d683) revision 1774945'; Using compiler version '192829333'; Build Type 'Release'
OS: 'Windows 11  (10.0.22621) 64bit Core' Language: 'en' Physical Memory: 16245 MB
BatchMode: 1, IsHumanControllingUs: 0, StartBugReporterOnCrash: 0, Is64bit: 1, IsPro: 1

COMMAND LINE ARGUMENTS:
C:\Program Files\Unity 2021.3.21f1\Editor\Unity.exe
-adb2
-batchMode
-noUpm
-name
AssetImportWorker8
-projectPath
D:/My Files/Unity Projects 2023/ScoreSpaceJam
-logFile
Logs/AssetImportWorker8.log
-srvPort
61730
Successfully changed project path to: D:/My Files/Unity Projects 2023/ScoreSpaceJam
D:/My Files/Unity Projects 2023/ScoreSpaceJam
[UnityMemory] Configuration Parameters - Can be set up in boot.config
    "memorysetup-bucket-allocator-granularity=16"
    "memorysetup-bucket-allocator-bucket-count=8"
    "memorysetup-bucket-allocator-block-size=33554432"
    "memorysetup-bucket-allocator-block-count=8"
    "memorysetup-main-allocator-block-size=16777216"
    "memorysetup-thread-allocator-block-size=16777216"
    "memorysetup-gfx-main-allocator-block-size=16777216"
    "memorysetup-gfx-thread-allocator-block-size=16777216"
    "memorysetup-cache-allocator-block-size=4194304"
    "memorysetup-typetree-allocator-block-size=2097152"
    "memorysetup-profiler-bucket-allocator-granularity=16"
    "memorysetup-profiler-bucket-allocator-bucket-count=8"
    "memorysetup-profiler-bucket-allocator-block-size=33554432"
    "memorysetup-profiler-bucket-allocator-block-count=8"
    "memorysetup-profiler-allocator-block-size=16777216"
    "memorysetup-profiler-editor-allocator-block-size=1048576"
    "memorysetup-temp-allocator-size-main=16777216"
    "memorysetup-job-temp-allocator-block-size=2097152"
    "memorysetup-job-temp-allocator-block-size-background=1048576"
    "memorysetup-job-temp-allocator-reduction-small-platforms=262144"
    "memorysetup-temp-allocator-size-background-worker=32768"
    "memorysetup-temp-allocator-size-job-worker=262144"
    "memorysetup-temp-allocator-size-preload-manager=33554432"
    "memorysetup-temp-allocator-size-nav-mesh-worker=65536"
    "memorysetup-temp-allocator-size-audio-worker=65536"
    "memorysetup-temp-allocator-size-cloud-worker=32768"
    "memorysetup-temp-allocator-size-gi-baking-worker=262144"
    "memorysetup-temp-allocator-size-gfx=262144"
Player connection [35256] Host "[IP] 192.168.5.73 [Port] 0 [Flags] 2 [Guid] 2905137786 [EditorId] 2905137786 [Version] 1048832 [Id] WindowsEditor(7,DESKTOP-OCSKS59) [Debug] 1 [PackageName] WindowsEditor [ProjectName] Editor" joined multi-casting on [225.0.0.222:54997]...

Player connection [35256] Host "[IP] 192.168.5.73 [Port] 0 [Flags] 2 [Guid] 2905137786 [EditorId] 2905137786 [Version] 1048832 [Id] WindowsEditor(7,DESKTOP-OCSKS59) [Debug] 1 [PackageName] WindowsEditor [ProjectName] Editor" joined alternative multi-casting on [225.0.0.222:34997]...

Refreshing native plugins compatible for Editor in 152.68 ms, found 4 plugins.
Preloading 0 native plugins for Editor in 0.00 ms.
Initialize engine version: 2021.3.21f1 (1b156197d683)
[Subsystems] Discovering subsystems at path C:/Program Files/Unity 2021.3.21f1/Editor/Data/Resources/UnitySubsystems
[Subsystems] Discovering subsystems at path D:/My Files/Unity Projects 2023/ScoreSpaceJam/Assets
GfxDevice: creating device client; threaded=0; jobified=0
Direct3D:
    Version:  Direct3D 11.0 [level 11.1]
    Renderer: NVIDIA GeForce GTX 1660 Ti (ID=0x2191)
    Vendor:   NVIDIA
    VRAM:     5991 MB
    Driver:   30.0.14.7151
Initialize mono
Mono path[0] = 'C:/Program Files/Unity 2021.3.21f1/Editor/Data/Managed'
Mono path[1] = 'C:/Program Files/Unity 2021.3.21f1/Editor/Data/MonoBleedingEdge/lib/mono/unityjit-win32'
Mono config path = 'C:/Program Files/Unity 2021.3.21f1/Editor/Data/MonoBleedingEdge/etc'
Using monoOptions --debugger-agent=transport=dt_socket,embedding=1,server=y,suspend=n,address=127.0.0.1:56384
Begin MonoManager ReloadAssembly
Registering precompiled unity dll's ...
Register platform support module: C:/Program Files/Unity 2021.3.21f1/Editor/Data/PlaybackEngines/WebGLSupport/UnityEditor.WebGL.Extensions.dll
Register platform support module: C:/Program Files/Unity 2021.3.21f1/Editor/Data/PlaybackEngines/WindowsStandaloneSupport/UnityEditor.WindowsStandalone.Extensions.dll
Registered in 0.005083 seconds.
Native extension for WindowsStandalone target not found
Native extension for WebGL target not found
Refreshing native plugins compatible for Editor in 149.51 ms, found 4 plugins.
Preloading 0 native plugins for Editor in 0.00 ms.
Mono: successfully reloaded assembly
- Completed reload, in  1.017 seconds
Domain Reload Profiling:
	ReloadAssembly (1018ms)
		BeginReloadAssembly (147ms)
			ExecutionOrderSort (0ms)
			DisableScriptedObjects (0ms)
			BackupInstance (0ms)
			ReleaseScriptingObjects (0ms)
			CreateAndSetChildDomain (1ms)
		EndReloadAssembly (713ms)
			LoadAssemblies (144ms)
			RebuildTransferFunctionScriptingTraits (0ms)
			SetupTypeCache (156ms)
			ReleaseScriptCaches (0ms)
			RebuildScriptCaches (45ms)
			SetupLoadedEditorAssemblies (432ms)
				LogAssemblyErrors (0ms)
				InitializePlatformSupportModulesInManaged (14ms)
				SetLoadedEditorAssemblies (0ms)
				RefreshPlugins (150ms)
				BeforeProcessingInitializeOnLoad (2ms)
				ProcessInitializeOnLoadAttributes (210ms)
				ProcessInitializeOnLoadMethodAttributes (56ms)
				AfterProcessingInitializeOnLoad (0ms)
				EditorAssembliesLoaded (0ms)
			ExecutionOrderSort2 (0ms)
			AwakeInstancesAfterBackupRestoration (0ms)
Platform modules already initialized, skipping
Registering precompiled user dll's ...
Registered in 0.008450 seconds.
Begin MonoManager ReloadAssembly
Native extension for WindowsStandalone target not found
Native extension for WebGL target not found
Refreshing native plugins compatible for Editor in 146.32 ms, found 4 plugins.
Preloading 0 native plugins for Editor in 0.00 ms.
Mono: successfully reloaded assembly
- Completed reload, in  1.585 seconds
Domain Reload Profiling:
	ReloadAssembly (1586ms)
		BeginReloadAssembly (154ms)
			ExecutionOrderSort (0ms)
			DisableScriptedObjects (10ms)
			BackupInstance (0ms)
			ReleaseScriptingObjects (0ms)
			CreateAndSetChildDomain (26ms)
		EndReloadAssembly (1293ms)
			LoadAssemblies (126ms)
			RebuildTransferFunctionScriptingTraits (0ms)
			SetupTypeCache (340ms)
			ReleaseScriptCaches (1ms)
			RebuildScriptCaches (85ms)
			SetupLoadedEditorAssemblies (699ms)
				LogAssemblyErrors (0ms)
				InitializePlatformSupportModulesInManaged (6ms)
				SetLoadedEditorAssemblies (0ms)
				RefreshPlugins (146ms)
				BeforeProcessingInitializeOnLoad (133ms)
				ProcessInitializeOnLoadAttributes (349ms)
				ProcessInitializeOnLoadMethodAttributes (56ms)
				AfterProcessingInitializeOnLoad (7ms)
				EditorAssembliesLoaded (0ms)
			ExecutionOrderSort2 (0ms)
			AwakeInstancesAfterBackupRestoration (6ms)
Platform modules already initialized, skipping
========================================================================
Worker process is ready to serve import requests
Launched and connected shader compiler UnityShaderCompiler.exe after 0.07 seconds
Refreshing native plugins compatible for Editor in 1.52 ms, found 4 plugins.
Preloading 0 native plugins for Editor in 0.00 ms.
Unloading 4300 Unused Serialized files (Serialized files now loaded: 0)
Unloading 51 unused Assets / (129.4 KB). Loaded Objects now: 4758.
Memory consumption went from 161.3 MB to 161.2 MB.
Total: 5.746000 ms (FindLiveObjects: 0.506600 ms CreateObjectMapping: 0.761000 ms MarkObjects: 4.336300 ms  DeleteObjects: 0.141000 ms)

AssetImportParameters requested are different than current active one (requested -> active):
  custom:video-decoder-ogg-theora: a1e56fd34408186e4bbccfd4996cb3dc -> 
  custom:container-muxer-webm: aa71ff27fc2769a1b78a27578f13a17b -> 
  custom:container-demuxer-webm: 4f35f7cbe854078d1ac9338744f61a02 -> 
  custom:video-encoder-webm-vp8: eb34c28f22e8b96e1ab97ce403110664 -> 
  custom:audio-encoder-webm-vorbis: bf7c407c2cedff20999df2af8eb42d56 -> 
  custom:framework-win-MediaFoundation: 216162199b28c13a410421893ffa2e32 -> 
  custom:container-demuxer-ogg: 62fdf1f143b41e24485cea50d1cbac27 -> 
  custom:video-decoder-webm-vp8: 9c59270c3fd7afecdb556c50c9e8de78 -> 
  custom:audio-decoder-ogg-vorbis: bf7c407c2cedff20999df2af8eb42d56 -> 
========================================================================
Received Import Request.
  Time since last request: 148876.910159 seconds.
  path: Assets/Mike/tileset_271.asset
  artifactKey: Guid(42b0d882c59da2a4fa61016849e30c9e) Importer(815301076,1909f56bfc062723c751e8b465ee728b)
Start importing Assets/Mike/tileset_271.asset using Guid(42b0d882c59da2a4fa61016849e30c9e) Importer(815301076,1909f56bfc062723c751e8b465ee728b)  -> (artifact id: 'f28c1dd9f7cc611616ce00d7969773a7') in 0.293328 seconds 
========================================================================
Received Import Request.
  Time since last request: 0.000035 seconds.
  path: Assets/Mike/tileset_334.asset
  artifactKey: Guid(2826cd504cfb7b244a6d31fd3da0326e) Importer(815301076,1909f56bfc062723c751e8b465ee728b)
Start importing Assets/Mike/tileset_334.asset using Guid(2826cd504cfb7b244a6d31fd3da0326e) Importer(815301076,1909f56bfc062723c751e8b465ee728b)  -> (artifact id: '4692f7f4a761f1df2470a5edf4b75ead') in 0.009714 seconds 
========================================================================
Received Import Request.
  Time since last request: 0.000030 seconds.
  path: Assets/Mike/tileset_355.asset
  artifactKey: Guid(b8cc830381c3d0246b9dde673ac062dd) Importer(815301076,1909f56bfc062723c751e8b465ee728b)
Start importing Assets/Mike/tileset_355.asset using Guid(b8cc830381c3d0246b9dde673ac062dd) Importer(815301076,1909f56bfc062723c751e8b465ee728b)  -> (artifact id: '4c390726d42d38a5ab2b45d6dac171b1') in 0.008759 seconds 
========================================================================
Received Import Request.
  Time since last request: 0.000048 seconds.
  path: Assets/Mike/tileset_320.asset
  artifactKey: Guid(f5765dc3094d98c4d975e9b77d919223) Importer(815301076,1909f56bfc062723c751e8b465ee728b)
Start importing Assets/Mike/tileset_320.asset using Guid(f5765dc3094d98c4d975e9b77d919223) Importer(815301076,1909f56bfc062723c751e8b465ee728b)  -> (artifact id: '09e00c4a1c4a782bc8a57a76a208e148') in 0.009453 seconds 
========================================================================
Received Import Request.
  Time since last request: 0.000030 seconds.
  path: Assets/Mike/tileset_366.asset
  artifactKey: Guid(16c7398a1c56cfb44a8b4fb5309bf10f) Importer(815301076,1909f56bfc062723c751e8b465ee728b)
Start importing Assets/Mike/tileset_366.asset using Guid(16c7398a1c56cfb44a8b4fb5309bf10f) Importer(815301076,1909f56bfc062723c751e8b465ee728b)  -> (artifact id: 'f689a70cbb4e241aa8229c49a8b78f8a') in 0.007887 seconds 
========================================================================
Received Import Request.
  Time since last request: 0.000034 seconds.
  path: Assets/Mike/tileset_353.asset
  artifactKey: Guid(d26f9c572b2ca7946ae36ee9c4483c2f) Importer(815301076,1909f56bfc062723c751e8b465ee728b)
Start importing Assets/Mike/tileset_353.asset using Guid(d26f9c572b2ca7946ae36ee9c4483c2f) Importer(815301076,1909f56bfc062723c751e8b465ee728b)  -> (artifact id: 'da41acaeb2827552bf94b32874cd8788') in 0.018176 seconds 
========================================================================
Received Import Request.
  Time since last request: 0.000029 seconds.
  path: Assets/Mike/tileset_352.asset
  artifactKey: Guid(4e2e5af7f338a4f4e96ce4e94f635163) Importer(815301076,1909f56bfc062723c751e8b465ee728b)
Start importing Assets/Mike/tileset_352.asset using Guid(4e2e5af7f338a4f4e96ce4e94f635163) Importer(815301076,1909f56bfc062723c751e8b465ee728b)  -> (artifact id: '4f4d6d7b111a6338dafab7cc1ddac8f6') in 0.010940 seconds 
========================================================================
Received Import Request.
  Time since last request: 0.000023 seconds.
  path: Assets/Mike/tileset_347.asset
  artifactKey: Guid(1e1abd3ed35695841b13bd2dc84e359c) Importer(815301076,1909f56bfc062723c751e8b465ee728b)
Start importing Assets/Mike/tileset_347.asset using Guid(1e1abd3ed35695841b13bd2dc84e359c) Importer(815301076,1909f56bfc062723c751e8b465ee728b)  -> (artifact id: '0d533c99f6c4d50d8f6d603aac100dcc') in 0.028909 seconds 
========================================================================
Received Import Request.
  Time since last request: 0.000022 seconds.
  path: Assets/Mike/tileset_350.asset
  artifactKey: Guid(8cdfceea090045a4ba4635983d38ccfc) Importer(815301076,1909f56bfc062723c751e8b465ee728b)
Start importing Assets/Mike/tileset_350.asset using Guid(8cdfceea090045a4ba4635983d38ccfc) Importer(815301076,1909f56bfc062723c751e8b465ee728b)  -> (artifact id: 'f3ea0b03c87ff820bedf41c9d3077fb0') in 0.018042 seconds 
========================================================================
Received Import Request.
  Time since last request: 0.000020 seconds.
  path: Assets/Mike/tileset_298.asset
  artifactKey: Guid(a9d9581805e02b848ae8a35ecea236c9) Importer(815301076,1909f56bfc062723c751e8b465ee728b)
Start importing Assets/Mike/tileset_298.asset using Guid(a9d9581805e02b848ae8a35ecea236c9) Importer(815301076,1909f56bfc062723c751e8b465ee728b)  -> (artifact id: '0a8721f25e5faab3daeafbd0c89ed086') in 0.015323 seconds 
========================================================================
Received Import Request.
  Time since last request: 0.000022 seconds.
  path: Assets/Mike/tileset_304.asset
  artifactKey: Guid(ac8382af53d6aac4487d25885d9a2b71) Importer(815301076,1909f56bfc062723c751e8b465ee728b)
Start importing Assets/Mike/tileset_304.asset using Guid(ac8382af53d6aac4487d25885d9a2b71) Importer(815301076,1909f56bfc062723c751e8b465ee728b)  -> (artifact id: 'ed4dae8a4fc686e5bfccd5075c4505b1') in 0.022117 seconds 
========================================================================
Received Import Request.
  Time since last request: 0.000022 seconds.
  path: Assets/Mike/tileset_274.asset
  artifactKey: Guid(45d6f4fe5993d9d4bac83ac25e921857) Importer(815301076,1909f56bfc062723c751e8b465ee728b)
Start importing Assets/Mike/tileset_274.asset using Guid(45d6f4fe5993d9d4bac83ac25e921857) Importer(815301076,1909f56bfc062723c751e8b465ee728b)  -> (artifact id: 'a664be6fc033bdbb874dae33c1390b69') in 0.020503 seconds 
========================================================================
Received Import Request.
  Time since last request: 0.000041 seconds.
  path: Assets/Mike/tileset_327.asset
  artifactKey: Guid(992be5eb78dadc1409ed59ba9c4bb199) Importer(815301076,1909f56bfc062723c751e8b465ee728b)
Start importing Assets/Mike/tileset_327.asset using Guid(992be5eb78dadc1409ed59ba9c4bb199) Importer(815301076,1909f56bfc062723c751e8b465ee728b)  -> (artifact id: '0585eecc0fd42105b27b599ad6bdc44d') in 0.017081 seconds 
========================================================================
Received Import Request.
  Time since last request: 0.000026 seconds.
  path: Assets/Mike/tileset_315.asset
  artifactKey: Guid(4344bf62d8932d742b413535f1dccf17) Importer(815301076,1909f56bfc062723c751e8b465ee728b)
Start importing Assets/Mike/tileset_315.asset using Guid(4344bf62d8932d742b413535f1dccf17) Importer(815301076,1909f56bfc062723c751e8b465ee728b)  -> (artifact id: '8aecf95fb300994ea973a6d5aea78781') in 0.219645 seconds 
========================================================================
Received Import Request.
  Time since last request: 0.000059 seconds.
  path: Assets/Mike/tileset_322.asset
  artifactKey: Guid(69d07dd8583557143a4c10b645a8c0b4) Importer(815301076,1909f56bfc062723c751e8b465ee728b)
Start importing Assets/Mike/tileset_322.asset using Guid(69d07dd8583557143a4c10b645a8c0b4) Importer(815301076,1909f56bfc062723c751e8b465ee728b)  -> (artifact id: '20ba645d1f581a1d2408d68b13516ab0') in 0.015553 seconds 
========================================================================
Received Import Request.
  Time since last request: 0.000065 seconds.
  path: Assets/Mike/tileset_317.asset
  artifactKey: Guid(b15e61dad120c6e4b9ad5dfaed226738) Importer(815301076,1909f56bfc062723c751e8b465ee728b)
Start importing Assets/Mike/tileset_317.asset using Guid(b15e61dad120c6e4b9ad5dfaed226738) Importer(815301076,1909f56bfc062723c751e8b465ee728b)  -> (artifact id: '38296975c485886b65c8b2f7bf10e889') in 0.020373 seconds 
========================================================================
Received Import Request.
  Time since last request: 0.000029 seconds.
  path: Assets/Mike/tileset_307.asset
  artifactKey: Guid(efe7f40ada7c11649a6e91bce79cfdd1) Importer(815301076,1909f56bfc062723c751e8b465ee728b)
Start importing Assets/Mike/tileset_307.asset using Guid(efe7f40ada7c11649a6e91bce79cfdd1) Importer(815301076,1909f56bfc062723c751e8b465ee728b)  -> (artifact id: '6e6c29b417d82ebc269e64d1e01baa58') in 0.008317 seconds 
========================================================================
Received Import Request.
  Time since last request: 0.000023 seconds.
  path: Assets/Mike/tileset_335.asset
  artifactKey: Guid(736e9a0280304364daef6a699f168e1b) Importer(815301076,1909f56bfc062723c751e8b465ee728b)
Start importing Assets/Mike/tileset_335.asset using Guid(736e9a0280304364daef6a699f168e1b) Importer(815301076,1909f56bfc062723c751e8b465ee728b)  -> (artifact id: '81dd5646a209b09ac13b1a7e64c7538f') in 0.020421 seconds 
========================================================================
Received Import Request.
  Time since last request: 0.000027 seconds.
  path: Assets/Mike/tileset_300.asset
  artifactKey: Guid(6933bf7ca2173094fbaf2119cca2c724) Importer(815301076,1909f56bfc062723c751e8b465ee728b)
Start importing Assets/Mike/tileset_300.asset using Guid(6933bf7ca2173094fbaf2119cca2c724) Importer(815301076,1909f56bfc062723c751e8b465ee728b)  -> (artifact id: '59fbea4bd359f544097bfa72399afd33') in 0.039088 seconds 
========================================================================
Received Import Request.
  Time since last request: 0.000030 seconds.
  path: Assets/Mike/tileset_321.asset
  artifactKey: Guid(30ce57f3688b436469b98ab0bd41b452) Importer(815301076,1909f56bfc062723c751e8b465ee728b)
Start importing Assets/Mike/tileset_321.asset using Guid(30ce57f3688b436469b98ab0bd41b452) Importer(815301076,1909f56bfc062723c751e8b465ee728b)  -> (artifact id: '6fdbab306445095bebf445b3db4c840c') in 0.008345 seconds 
========================================================================
Received Import Request.
  Time since last request: 0.000029 seconds.
  path: Assets/Mike/tileset_336.asset
  artifactKey: Guid(0b7ec1a9c1b6f5c40adbae541c9978d3) Importer(815301076,1909f56bfc062723c751e8b465ee728b)
Start importing Assets/Mike/tileset_336.asset using Guid(0b7ec1a9c1b6f5c40adbae541c9978d3) Importer(815301076,1909f56bfc062723c751e8b465ee728b)  -> (artifact id: 'f26046adaf5995eb78e1df2356e61eab') in 0.012325 seconds 
========================================================================
Received Import Request.
  Time since last request: 0.000037 seconds.
  path: Assets/Mike/tileset_277.asset
  artifactKey: Guid(bea973a170d3509408febc8ec1400aa7) Importer(815301076,1909f56bfc062723c751e8b465ee728b)
Start importing Assets/Mike/tileset_277.asset using Guid(bea973a170d3509408febc8ec1400aa7) Importer(815301076,1909f56bfc062723c751e8b465ee728b)  -> (artifact id: '9cad6c6ccc7574de9602ee9ad27fbc19') in 0.019207 seconds 
========================================================================
Received Import Request.
  Time since last request: 0.000044 seconds.
  path: Assets/Mike/tileset_339.asset
  artifactKey: Guid(2e9b0f39f5edcdc4cb99e5df908cb616) Importer(815301076,1909f56bfc062723c751e8b465ee728b)
Start importing Assets/Mike/tileset_339.asset using Guid(2e9b0f39f5edcdc4cb99e5df908cb616) Importer(815301076,1909f56bfc062723c751e8b465ee728b)  -> (artifact id: '07fa21363b95e2194f9e0e930afba96d') in 0.014964 seconds 
========================================================================
Received Prepare
Registering precompiled user dll's ...
Registered in 0.007857 seconds.
Begin MonoManager ReloadAssembly
Native extension for WindowsStandalone target not found
Native extension for WebGL target not found
Refreshing native plugins compatible for Editor in 0.70 ms, found 4 plugins.
Preloading 0 native plugins for Editor in 0.00 ms.
Mono: successfully reloaded assembly
- Completed reload, in  1.144 seconds
Domain Reload Profiling:
	ReloadAssembly (1144ms)
		BeginReloadAssembly (168ms)
			ExecutionOrderSort (0ms)
			DisableScriptedObjects (10ms)
			BackupInstance (0ms)
			ReleaseScriptingObjects (0ms)
			CreateAndSetChildDomain (42ms)
		EndReloadAssembly (864ms)
			LoadAssemblies (121ms)
			RebuildTransferFunctionScriptingTraits (0ms)
			SetupTypeCache (309ms)
			ReleaseScriptCaches (1ms)
			RebuildScriptCaches (54ms)
			SetupLoadedEditorAssemblies (351ms)
				LogAssemblyErrors (0ms)
				InitializePlatformSupportModulesInManaged (6ms)
				SetLoadedEditorAssemblies (1ms)
				RefreshPlugins (1ms)
				BeforeProcessingInitializeOnLoad (76ms)
				ProcessInitializeOnLoadAttributes (218ms)
				ProcessInitializeOnLoadMethodAttributes (44ms)
				AfterProcessingInitializeOnLoad (7ms)
				EditorAssembliesLoaded (0ms)
			ExecutionOrderSort2 (0ms)
			AwakeInstancesAfterBackupRestoration (8ms)
Platform modules already initialized, skipping
Refreshing native plugins compatible for Editor in 4.13 ms, found 4 plugins.
Preloading 0 native plugins for Editor in 0.00 ms.
Unloading 4100 Unused Serialized files (Serialized files now loaded: 0)
Unloading 129 unused Assets / (24.6 KB). Loaded Objects now: 4660.
Memory consumption went from 154.7 MB to 154.6 MB.
Total: 3.649700 ms (FindLiveObjects: 0.383500 ms CreateObjectMapping: 0.335700 ms MarkObjects: 2.867600 ms  DeleteObjects: 0.061600 ms)

AssetImportParameters requested are different than current active one (requested -> active):
  custom:video-decoder-ogg-theora: a1e56fd34408186e4bbccfd4996cb3dc -> 
  custom:container-muxer-webm: aa71ff27fc2769a1b78a27578f13a17b -> 
  custom:container-demuxer-webm: 4f35f7cbe854078d1ac9338744f61a02 -> 
  custom:video-encoder-webm-vp8: eb34c28f22e8b96e1ab97ce403110664 -> 
  custom:audio-encoder-webm-vorbis: bf7c407c2cedff20999df2af8eb42d56 -> 
  custom:framework-win-MediaFoundation: 216162199b28c13a410421893ffa2e32 -> 
  custom:container-demuxer-ogg: 62fdf1f143b41e24485cea50d1cbac27 -> 
  custom:video-decoder-webm-vp8: 9c59270c3fd7afecdb556c50c9e8de78 -> 
  custom:audio-decoder-ogg-vorbis: bf7c407c2cedff20999df2af8eb42d56 -> 
========================================================================
Received Prepare
Registering precompiled user dll's ...
Registered in 0.007420 seconds.
Begin MonoManager ReloadAssembly
Native extension for WindowsStandalone target not found
Native extension for WebGL target not found
Refreshing native plugins compatible for Editor in 1.42 ms, found 4 plugins.
Preloading 0 native plugins for Editor in 0.00 ms.
Mono: successfully reloaded assembly
- Completed reload, in  2.143 seconds
Domain Reload Profiling:
	ReloadAssembly (2144ms)
		BeginReloadAssembly (166ms)
			ExecutionOrderSort (0ms)
			DisableScriptedObjects (13ms)
			BackupInstance (0ms)
			ReleaseScriptingObjects (0ms)
			CreateAndSetChildDomain (48ms)
		EndReloadAssembly (1872ms)
			LoadAssemblies (111ms)
			RebuildTransferFunctionScriptingTraits (0ms)
			SetupTypeCache (300ms)
			ReleaseScriptCaches (2ms)
			RebuildScriptCaches (63ms)
			SetupLoadedEditorAssemblies (487ms)
				LogAssemblyErrors (0ms)
				InitializePlatformSupportModulesInManaged (7ms)
				SetLoadedEditorAssemblies (1ms)
				RefreshPlugins (2ms)
				BeforeProcessingInitializeOnLoad (89ms)
				ProcessInitializeOnLoadAttributes (330ms)
				ProcessInitializeOnLoadMethodAttributes (50ms)
				AfterProcessingInitializeOnLoad (8ms)
				EditorAssembliesLoaded (0ms)
			ExecutionOrderSort2 (0ms)
			AwakeInstancesAfterBackupRestoration (10ms)
Platform modules already initialized, skipping
Refreshing native plugins compatible for Editor in 4.70 ms, found 4 plugins.
Preloading 0 native plugins for Editor in 0.00 ms.
Unloading 4276 Unused Serialized files (Serialized files now loaded: 0)
Unloading 26 unused Assets / (96.5 KB). Loaded Objects now: 4779.
Memory consumption went from 158.8 MB to 158.7 MB.
Total: 6.131900 ms (FindLiveObjects: 0.415500 ms CreateObjectMapping: 0.300400 ms MarkObjects: 5.305100 ms  DeleteObjects: 0.109300 ms)

AssetImportParameters requested are different than current active one (requested -> active):
  custom:video-decoder-ogg-theora: a1e56fd34408186e4bbccfd4996cb3dc -> 
  custom:container-muxer-webm: aa71ff27fc2769a1b78a27578f13a17b -> 
  custom:container-demuxer-webm: 4f35f7cbe854078d1ac9338744f61a02 -> 
  custom:video-encoder-webm-vp8: eb34c28f22e8b96e1ab97ce403110664 -> 
  custom:audio-encoder-webm-vorbis: bf7c407c2cedff20999df2af8eb42d56 -> 
  custom:framework-win-MediaFoundation: 216162199b28c13a410421893ffa2e32 -> 
  custom:container-demuxer-ogg: 62fdf1f143b41e24485cea50d1cbac27 -> 
  custom:video-decoder-webm-vp8: 9c59270c3fd7afecdb556c50c9e8de78 -> 
  custom:audio-decoder-ogg-vorbis: bf7c407c2cedff20999df2af8eb42d56 -> 
========================================================================
Received Prepare
Registering precompiled user dll's ...
Registered in 0.008279 seconds.
Begin MonoManager ReloadAssembly
Native extension for WindowsStandalone target not found
Native extension for WebGL target not found
Refreshing native plugins compatible for Editor in 1.57 ms, found 4 plugins.
Preloading 0 native plugins for Editor in 0.00 ms.
Mono: successfully reloaded assembly
- Completed reload, in  1.570 seconds
Domain Reload Profiling:
	ReloadAssembly (1570ms)
		BeginReloadAssembly (162ms)
			ExecutionOrderSort (0ms)
			DisableScriptedObjects (7ms)
			BackupInstance (0ms)
			ReleaseScriptingObjects (0ms)
			CreateAndSetChildDomain (42ms)
		EndReloadAssembly (1281ms)
			LoadAssemblies (129ms)
			RebuildTransferFunctionScriptingTraits (0ms)
			SetupTypeCache (398ms)
			ReleaseScriptCaches (2ms)
			RebuildScriptCaches (80ms)
			SetupLoadedEditorAssemblies (581ms)
				LogAssemblyErrors (0ms)
				InitializePlatformSupportModulesInManaged (9ms)
				SetLoadedEditorAssemblies (1ms)
				RefreshPlugins (2ms)
				BeforeProcessingInitializeOnLoad (111ms)
				ProcessInitializeOnLoadAttributes (380ms)
				ProcessInitializeOnLoadMethodAttributes (69ms)
				AfterProcessingInitializeOnLoad (9ms)
				EditorAssembliesLoaded (0ms)
			ExecutionOrderSort2 (0ms)
			AwakeInstancesAfterBackupRestoration (14ms)
Platform modules already initialized, skipping
Refreshing native plugins compatible for Editor in 5.49 ms, found 4 plugins.
Preloading 0 native plugins for Editor in 0.00 ms.
Unloading 4276 Unused Serialized files (Serialized files now loaded: 0)
Unloading 26 unused Assets / (95.4 KB). Loaded Objects now: 4794.
Memory consumption went from 158.8 MB to 158.7 MB.
Total: 7.755400 ms (FindLiveObjects: 0.549100 ms CreateObjectMapping: 0.612400 ms MarkObjects: 6.477700 ms  DeleteObjects: 0.114400 ms)

AssetImportParameters requested are different than current active one (requested -> active):
  custom:video-decoder-ogg-theora: a1e56fd34408186e4bbccfd4996cb3dc -> 
  custom:container-muxer-webm: aa71ff27fc2769a1b78a27578f13a17b -> 
  custom:container-demuxer-webm: 4f35f7cbe854078d1ac9338744f61a02 -> 
  custom:video-encoder-webm-vp8: eb34c28f22e8b96e1ab97ce403110664 -> 
  custom:audio-encoder-webm-vorbis: bf7c407c2cedff20999df2af8eb42d56 -> 
  custom:framework-win-MediaFoundation: 216162199b28c13a410421893ffa2e32 -> 
  custom:container-demuxer-ogg: 62fdf1f143b41e24485cea50d1cbac27 -> 
  custom:video-decoder-webm-vp8: 9c59270c3fd7afecdb556c50c9e8de78 -> 
  custom:audio-decoder-ogg-vorbis: bf7c407c2cedff20999df2af8eb42d56 -> 
