Using pre-set license
Built from '2021.3/staging' branch; Version is '2021.3.21f1 (1b156197d683) revision 1774945'; Using compiler version '192829333'; Build Type 'Release'
OS: 'Windows 11  (10.0.22621) 64bit Core' Language: 'en' Physical Memory: 16245 MB
BatchMode: 1, IsHumanControllingUs: 0, StartBugReporterOnCrash: 0, Is64bit: 1, IsPro: 1

COMMAND LINE ARGUMENTS:
C:\Program Files\Unity 2021.3.21f1\Editor\Unity.exe
-adb2
-batchMode
-noUpm
-name
AssetImportWorker7
-projectPath
D:/My Files/Unity Projects 2023/ScoreSpaceJam
-logFile
Logs/AssetImportWorker7.log
-srvPort
61730
Successfully changed project path to: D:/My Files/Unity Projects 2023/ScoreSpaceJam
D:/My Files/Unity Projects 2023/ScoreSpaceJam
[UnityMemory] Configuration Parameters - Can be set up in boot.config
    "memorysetup-bucket-allocator-granularity=16"
    "memorysetup-bucket-allocator-bucket-count=8"
    "memorysetup-bucket-allocator-block-size=33554432"
    "memorysetup-bucket-allocator-block-count=8"
    "memorysetup-main-allocator-block-size=16777216"
    "memorysetup-thread-allocator-block-size=16777216"
    "memorysetup-gfx-main-allocator-block-size=16777216"
    "memorysetup-gfx-thread-allocator-block-size=16777216"
    "memorysetup-cache-allocator-block-size=4194304"
    "memorysetup-typetree-allocator-block-size=2097152"
    "memorysetup-profiler-bucket-allocator-granularity=16"
    "memorysetup-profiler-bucket-allocator-bucket-count=8"
    "memorysetup-profiler-bucket-allocator-block-size=33554432"
    "memorysetup-profiler-bucket-allocator-block-count=8"
    "memorysetup-profiler-allocator-block-size=16777216"
    "memorysetup-profiler-editor-allocator-block-size=1048576"
    "memorysetup-temp-allocator-size-main=16777216"
    "memorysetup-job-temp-allocator-block-size=2097152"
    "memorysetup-job-temp-allocator-block-size-background=1048576"
    "memorysetup-job-temp-allocator-reduction-small-platforms=262144"
    "memorysetup-temp-allocator-size-background-worker=32768"
    "memorysetup-temp-allocator-size-job-worker=262144"
    "memorysetup-temp-allocator-size-preload-manager=33554432"
    "memorysetup-temp-allocator-size-nav-mesh-worker=65536"
    "memorysetup-temp-allocator-size-audio-worker=65536"
    "memorysetup-temp-allocator-size-cloud-worker=32768"
    "memorysetup-temp-allocator-size-gi-baking-worker=262144"
    "memorysetup-temp-allocator-size-gfx=262144"
Player connection [31276] Host "[IP] 192.168.5.73 [Port] 0 [Flags] 2 [Guid] 3403142044 [EditorId] 3403142044 [Version] 1048832 [Id] WindowsEditor(7,DESKTOP-OCSKS59) [Debug] 1 [PackageName] WindowsEditor [ProjectName] Editor" joined multi-casting on [225.0.0.222:54997]...

Player connection [31276] Host "[IP] 192.168.5.73 [Port] 0 [Flags] 2 [Guid] 3403142044 [EditorId] 3403142044 [Version] 1048832 [Id] WindowsEditor(7,DESKTOP-OCSKS59) [Debug] 1 [PackageName] WindowsEditor [ProjectName] Editor" joined alternative multi-casting on [225.0.0.222:34997]...

Refreshing native plugins compatible for Editor in 123.07 ms, found 4 plugins.
Preloading 0 native plugins for Editor in 0.00 ms.
Initialize engine version: 2021.3.21f1 (1b156197d683)
[Subsystems] Discovering subsystems at path C:/Program Files/Unity 2021.3.21f1/Editor/Data/Resources/UnitySubsystems
[Subsystems] Discovering subsystems at path D:/My Files/Unity Projects 2023/ScoreSpaceJam/Assets
GfxDevice: creating device client; threaded=0; jobified=0
Direct3D:
    Version:  Direct3D 11.0 [level 11.1]
    Renderer: NVIDIA GeForce GTX 1660 Ti (ID=0x2191)
    Vendor:   NVIDIA
    VRAM:     5991 MB
    Driver:   30.0.14.7151
Initialize mono
Mono path[0] = 'C:/Program Files/Unity 2021.3.21f1/Editor/Data/Managed'
Mono path[1] = 'C:/Program Files/Unity 2021.3.21f1/Editor/Data/MonoBleedingEdge/lib/mono/unityjit-win32'
Mono config path = 'C:/Program Files/Unity 2021.3.21f1/Editor/Data/MonoBleedingEdge/etc'
Using monoOptions --debugger-agent=transport=dt_socket,embedding=1,server=y,suspend=n,address=127.0.0.1:56636
Begin MonoManager ReloadAssembly
Registering precompiled unity dll's ...
Register platform support module: C:/Program Files/Unity 2021.3.21f1/Editor/Data/PlaybackEngines/WebGLSupport/UnityEditor.WebGL.Extensions.dll
Register platform support module: C:/Program Files/Unity 2021.3.21f1/Editor/Data/PlaybackEngines/WindowsStandaloneSupport/UnityEditor.WindowsStandalone.Extensions.dll
Registered in 0.003311 seconds.
Native extension for WindowsStandalone target not found
Native extension for WebGL target not found
Refreshing native plugins compatible for Editor in 97.32 ms, found 4 plugins.
Preloading 0 native plugins for Editor in 0.00 ms.
Mono: successfully reloaded assembly
- Completed reload, in  1.276 seconds
Domain Reload Profiling:
	ReloadAssembly (1277ms)
		BeginReloadAssembly (87ms)
			ExecutionOrderSort (0ms)
			DisableScriptedObjects (0ms)
			BackupInstance (0ms)
			ReleaseScriptingObjects (0ms)
			CreateAndSetChildDomain (1ms)
		EndReloadAssembly (1093ms)
			LoadAssemblies (85ms)
			RebuildTransferFunctionScriptingTraits (0ms)
			SetupTypeCache (116ms)
			ReleaseScriptCaches (0ms)
			RebuildScriptCaches (28ms)
			SetupLoadedEditorAssemblies (752ms)
				LogAssemblyErrors (0ms)
				InitializePlatformSupportModulesInManaged (7ms)
				SetLoadedEditorAssemblies (0ms)
				RefreshPlugins (97ms)
				BeforeProcessingInitializeOnLoad (2ms)
				ProcessInitializeOnLoadAttributes (144ms)
				ProcessInitializeOnLoadMethodAttributes (501ms)
				AfterProcessingInitializeOnLoad (0ms)
				EditorAssembliesLoaded (0ms)
			ExecutionOrderSort2 (0ms)
			AwakeInstancesAfterBackupRestoration (0ms)
Platform modules already initialized, skipping
Registering precompiled user dll's ...
Registered in 0.006367 seconds.
Begin MonoManager ReloadAssembly
Native extension for WindowsStandalone target not found
Native extension for WebGL target not found
Refreshing native plugins compatible for Editor in 117.78 ms, found 4 plugins.
Preloading 0 native plugins for Editor in 0.00 ms.
Mono: successfully reloaded assembly
- Completed reload, in  1.384 seconds
Domain Reload Profiling:
	ReloadAssembly (1385ms)
		BeginReloadAssembly (113ms)
			ExecutionOrderSort (0ms)
			DisableScriptedObjects (8ms)
			BackupInstance (0ms)
			ReleaseScriptingObjects (0ms)
			CreateAndSetChildDomain (18ms)
		EndReloadAssembly (1167ms)
			LoadAssemblies (90ms)
			RebuildTransferFunctionScriptingTraits (0ms)
			SetupTypeCache (335ms)
			ReleaseScriptCaches (1ms)
			RebuildScriptCaches (77ms)
			SetupLoadedEditorAssemblies (610ms)
				LogAssemblyErrors (0ms)
				InitializePlatformSupportModulesInManaged (5ms)
				SetLoadedEditorAssemblies (0ms)
				RefreshPlugins (118ms)
				BeforeProcessingInitializeOnLoad (112ms)
				ProcessInitializeOnLoadAttributes (319ms)
				ProcessInitializeOnLoadMethodAttributes (50ms)
				AfterProcessingInitializeOnLoad (6ms)
				EditorAssembliesLoaded (0ms)
			ExecutionOrderSort2 (0ms)
			AwakeInstancesAfterBackupRestoration (6ms)
Platform modules already initialized, skipping
========================================================================
Worker process is ready to serve import requests
Launched and connected shader compiler UnityShaderCompiler.exe after 0.05 seconds
Refreshing native plugins compatible for Editor in 1.49 ms, found 4 plugins.
Preloading 0 native plugins for Editor in 0.00 ms.
Unloading 4300 Unused Serialized files (Serialized files now loaded: 0)
Unloading 51 unused Assets / (129.4 KB). Loaded Objects now: 4758.
Memory consumption went from 161.3 MB to 161.2 MB.
Total: 4.191700 ms (FindLiveObjects: 0.486300 ms CreateObjectMapping: 0.687400 ms MarkObjects: 2.920200 ms  DeleteObjects: 0.096900 ms)

AssetImportParameters requested are different than current active one (requested -> active):
  custom:video-decoder-ogg-theora: a1e56fd34408186e4bbccfd4996cb3dc -> 
  custom:container-muxer-webm: aa71ff27fc2769a1b78a27578f13a17b -> 
  custom:container-demuxer-webm: 4f35f7cbe854078d1ac9338744f61a02 -> 
  custom:video-encoder-webm-vp8: eb34c28f22e8b96e1ab97ce403110664 -> 
  custom:audio-encoder-webm-vorbis: bf7c407c2cedff20999df2af8eb42d56 -> 
  custom:framework-win-MediaFoundation: 216162199b28c13a410421893ffa2e32 -> 
  custom:container-demuxer-ogg: 62fdf1f143b41e24485cea50d1cbac27 -> 
  custom:video-decoder-webm-vp8: 9c59270c3fd7afecdb556c50c9e8de78 -> 
  custom:audio-decoder-ogg-vorbis: bf7c407c2cedff20999df2af8eb42d56 -> 
========================================================================
Received Import Request.
  Time since last request: 148638.041428 seconds.
  path: Assets/Mike/tileset_49.asset
  artifactKey: Guid(a2c3c68158714884db69dd3271e4219c) Importer(815301076,1909f56bfc062723c751e8b465ee728b)
Start importing Assets/Mike/tileset_49.asset using Guid(a2c3c68158714884db69dd3271e4219c) Importer(815301076,1909f56bfc062723c751e8b465ee728b)  -> (artifact id: 'da125daa5140d7a792639acb851b7a02') in 0.085111 seconds 
========================================================================
Received Import Request.
  Time since last request: 0.000041 seconds.
  path: Assets/Mike/tileset_71.asset
  artifactKey: Guid(0b91c4bdab743a54aa546e642136506c) Importer(815301076,1909f56bfc062723c751e8b465ee728b)
Start importing Assets/Mike/tileset_71.asset using Guid(0b91c4bdab743a54aa546e642136506c) Importer(815301076,1909f56bfc062723c751e8b465ee728b)  -> (artifact id: 'b492d3866340e090276d1a714fefdf32') in 0.020258 seconds 
========================================================================
Received Import Request.
  Time since last request: 0.000023 seconds.
  path: Assets/Mike/tileset_66.asset
  artifactKey: Guid(f4c0b16a26ec01c41bd44557bd045830) Importer(815301076,1909f56bfc062723c751e8b465ee728b)
Start importing Assets/Mike/tileset_66.asset using Guid(f4c0b16a26ec01c41bd44557bd045830) Importer(815301076,1909f56bfc062723c751e8b465ee728b)  -> (artifact id: '9dcd549f77ac24627fc20cf6dd1350ea') in 0.017470 seconds 
========================================================================
Received Import Request.
  Time since last request: 0.000023 seconds.
  path: Assets/Mike/tileset_56.asset
  artifactKey: Guid(fee35888542e35d44b3c71e8926d4a2d) Importer(815301076,1909f56bfc062723c751e8b465ee728b)
Start importing Assets/Mike/tileset_56.asset using Guid(fee35888542e35d44b3c71e8926d4a2d) Importer(815301076,1909f56bfc062723c751e8b465ee728b)  -> (artifact id: '20f19061ad5110d97d2975a88a9a7d0f') in 0.013029 seconds 
========================================================================
Received Import Request.
  Time since last request: 0.000037 seconds.
  path: Assets/Mike/tileset_84.asset
  artifactKey: Guid(b9cc546083879e84780bfbe8bbf1f62f) Importer(815301076,1909f56bfc062723c751e8b465ee728b)
Start importing Assets/Mike/tileset_84.asset using Guid(b9cc546083879e84780bfbe8bbf1f62f) Importer(815301076,1909f56bfc062723c751e8b465ee728b)  -> (artifact id: 'd3affc63abb3ab3592a31976d7541bbb') in 0.015009 seconds 
========================================================================
Received Import Request.
  Time since last request: 0.000027 seconds.
  path: Assets/Mike/tileset_67.asset
  artifactKey: Guid(54efa293520103644b6cdde7c6553b28) Importer(815301076,1909f56bfc062723c751e8b465ee728b)
Start importing Assets/Mike/tileset_67.asset using Guid(54efa293520103644b6cdde7c6553b28) Importer(815301076,1909f56bfc062723c751e8b465ee728b)  -> (artifact id: '48082f7d4588ec005ff4a548ba921fdb') in 0.016034 seconds 
========================================================================
Received Import Request.
  Time since last request: 0.000027 seconds.
  path: Assets/Mike/tileset_62.asset
  artifactKey: Guid(8b6aa2c41b8a62141bdd21827d76a3a1) Importer(815301076,1909f56bfc062723c751e8b465ee728b)
Start importing Assets/Mike/tileset_62.asset using Guid(8b6aa2c41b8a62141bdd21827d76a3a1) Importer(815301076,1909f56bfc062723c751e8b465ee728b)  -> (artifact id: '8a335a517e36468435b3715da7f29d1b') in 0.016582 seconds 
========================================================================
Received Import Request.
  Time since last request: 0.000040 seconds.
  path: Assets/Mike/tileset_59.asset
  artifactKey: Guid(5efd63fe61186a0429f29b59141283c2) Importer(815301076,1909f56bfc062723c751e8b465ee728b)
Start importing Assets/Mike/tileset_59.asset using Guid(5efd63fe61186a0429f29b59141283c2) Importer(815301076,1909f56bfc062723c751e8b465ee728b)  -> (artifact id: '9514513b4bb8fab5d5b3c4a5541621aa') in 0.014220 seconds 
========================================================================
Received Import Request.
  Time since last request: 0.000026 seconds.
  path: Assets/Mike/tileset_55.asset
  artifactKey: Guid(f80b140bb4749264ba923584eb214c57) Importer(815301076,1909f56bfc062723c751e8b465ee728b)
Start importing Assets/Mike/tileset_55.asset using Guid(f80b140bb4749264ba923584eb214c57) Importer(815301076,1909f56bfc062723c751e8b465ee728b)  -> (artifact id: '66b9a3a8b613502542ee5141df592b67') in 0.018050 seconds 
========================================================================
Received Import Request.
  Time since last request: 0.000021 seconds.
  path: Assets/Mike/tileset_88.asset
  artifactKey: Guid(b428a2729c32b0943b51d47e9d6140b9) Importer(815301076,1909f56bfc062723c751e8b465ee728b)
Start importing Assets/Mike/tileset_88.asset using Guid(b428a2729c32b0943b51d47e9d6140b9) Importer(815301076,1909f56bfc062723c751e8b465ee728b)  -> (artifact id: 'cc3ec92ad5144200077c6c46c97ad919') in 0.015399 seconds 
========================================================================
Received Import Request.
  Time since last request: 0.000052 seconds.
  path: Assets/Mike/tileset_78.asset
  artifactKey: Guid(2dce358a646227e4290f4af17234f424) Importer(815301076,1909f56bfc062723c751e8b465ee728b)
Start importing Assets/Mike/tileset_78.asset using Guid(2dce358a646227e4290f4af17234f424) Importer(815301076,1909f56bfc062723c751e8b465ee728b)  -> (artifact id: '919b3ef62cf5c8c87e1fc2add0d03d85') in 0.013996 seconds 
========================================================================
Received Import Request.
  Time since last request: 0.234085 seconds.
  path: Assets/Mike/tileset_97.asset
  artifactKey: Guid(6a7b2506aebd3be4ca80512568c9dad5) Importer(815301076,1909f56bfc062723c751e8b465ee728b)
Start importing Assets/Mike/tileset_97.asset using Guid(6a7b2506aebd3be4ca80512568c9dad5) Importer(815301076,1909f56bfc062723c751e8b465ee728b)  -> (artifact id: '056bb3a8013ea78ddd732f4d7d6a7fae') in 0.016542 seconds 
========================================================================
Received Import Request.
  Time since last request: 0.000020 seconds.
  path: Assets/Mike/tileset_99.asset
  artifactKey: Guid(be93241e997d88d4c8805de53a7837b2) Importer(815301076,1909f56bfc062723c751e8b465ee728b)
Start importing Assets/Mike/tileset_99.asset using Guid(be93241e997d88d4c8805de53a7837b2) Importer(815301076,1909f56bfc062723c751e8b465ee728b)  -> (artifact id: 'e9a5607c45c2e3ece16edba955ed4c81') in 0.014881 seconds 
========================================================================
Received Import Request.
  Time since last request: 0.000025 seconds.
  path: Assets/Mike/tileset_116.asset
  artifactKey: Guid(acc7e510cae6eec42b2cdae863389aa6) Importer(815301076,1909f56bfc062723c751e8b465ee728b)
Start importing Assets/Mike/tileset_116.asset using Guid(acc7e510cae6eec42b2cdae863389aa6) Importer(815301076,1909f56bfc062723c751e8b465ee728b)  -> (artifact id: '939fa53ec5457acb8e975797f32172e1') in 0.016016 seconds 
========================================================================
Received Import Request.
  Time since last request: 0.000017 seconds.
  path: Assets/Mike/tileset_112.asset
  artifactKey: Guid(92505044d9b55bc4f8b2f8d8b2bac773) Importer(815301076,1909f56bfc062723c751e8b465ee728b)
Start importing Assets/Mike/tileset_112.asset using Guid(92505044d9b55bc4f8b2f8d8b2bac773) Importer(815301076,1909f56bfc062723c751e8b465ee728b)  -> (artifact id: '2e80877ee7d0898b01716359ba0614ef') in 0.014355 seconds 
========================================================================
Received Import Request.
  Time since last request: 0.000028 seconds.
  path: Assets/Mike/tileset_140.asset
  artifactKey: Guid(588b963867e8f154fb8f540da7ba98c2) Importer(815301076,1909f56bfc062723c751e8b465ee728b)
Start importing Assets/Mike/tileset_140.asset using Guid(588b963867e8f154fb8f540da7ba98c2) Importer(815301076,1909f56bfc062723c751e8b465ee728b)  -> (artifact id: 'd3530af661684777c923c8aa4281333a') in 0.014506 seconds 
========================================================================
Received Import Request.
  Time since last request: 0.000025 seconds.
  path: Assets/Mike/tileset_138.asset
  artifactKey: Guid(4599da8e05f4c004abc450186ff79e2f) Importer(815301076,1909f56bfc062723c751e8b465ee728b)
Start importing Assets/Mike/tileset_138.asset using Guid(4599da8e05f4c004abc450186ff79e2f) Importer(815301076,1909f56bfc062723c751e8b465ee728b)  -> (artifact id: '3e0c3975f04096f854c0a2f0aca41a42') in 0.016157 seconds 
========================================================================
Received Import Request.
  Time since last request: 0.000018 seconds.
  path: Assets/Mike/tileset_137.asset
  artifactKey: Guid(7bd6c3506da4d204780f81140c0b5490) Importer(815301076,1909f56bfc062723c751e8b465ee728b)
Start importing Assets/Mike/tileset_137.asset using Guid(7bd6c3506da4d204780f81140c0b5490) Importer(815301076,1909f56bfc062723c751e8b465ee728b)  -> (artifact id: '94e662f86de5cb8342af6b6351682ecf') in 0.014224 seconds 
========================================================================
Received Import Request.
  Time since last request: 0.000024 seconds.
  path: Assets/Mike/tileset_108.asset
  artifactKey: Guid(492adf21578f8f34c90efa9f27c66ed2) Importer(815301076,1909f56bfc062723c751e8b465ee728b)
Start importing Assets/Mike/tileset_108.asset using Guid(492adf21578f8f34c90efa9f27c66ed2) Importer(815301076,1909f56bfc062723c751e8b465ee728b)  -> (artifact id: '3d8a1c2a663a680a8ed127243176a2dd') in 0.015682 seconds 
========================================================================
Received Import Request.
  Time since last request: 0.000028 seconds.
  path: Assets/Mike/tileset_111.asset
  artifactKey: Guid(a27008ce970f6294f834173ed3e2e992) Importer(815301076,1909f56bfc062723c751e8b465ee728b)
Start importing Assets/Mike/tileset_111.asset using Guid(a27008ce970f6294f834173ed3e2e992) Importer(815301076,1909f56bfc062723c751e8b465ee728b)  -> (artifact id: '2db33adbc8066bfc36646393ee23d550') in 0.015373 seconds 
========================================================================
Received Import Request.
  Time since last request: 0.000033 seconds.
  path: Assets/Mike/tileset_106.asset
  artifactKey: Guid(cb27ff6b4efd9a34c901c8f118c731e9) Importer(815301076,1909f56bfc062723c751e8b465ee728b)
Start importing Assets/Mike/tileset_106.asset using Guid(cb27ff6b4efd9a34c901c8f118c731e9) Importer(815301076,1909f56bfc062723c751e8b465ee728b)  -> (artifact id: '244d846ce0cf0b0448c85e4a22056062') in 0.020944 seconds 
========================================================================
Received Import Request.
  Time since last request: 0.000026 seconds.
  path: Assets/Mike/tileset_129.asset
  artifactKey: Guid(7e36d1e7161028748b5e7f5f49ae724a) Importer(815301076,1909f56bfc062723c751e8b465ee728b)
Start importing Assets/Mike/tileset_129.asset using Guid(7e36d1e7161028748b5e7f5f49ae724a) Importer(815301076,1909f56bfc062723c751e8b465ee728b)  -> (artifact id: '3359bab57b05b82b02775680a4c1f591') in 0.017445 seconds 
========================================================================
Received Import Request.
  Time since last request: 0.000023 seconds.
  path: Assets/Mike/tileset_104.asset
  artifactKey: Guid(44c3facfad4adce4d8b8e5b4d79728c1) Importer(815301076,1909f56bfc062723c751e8b465ee728b)
Start importing Assets/Mike/tileset_104.asset using Guid(44c3facfad4adce4d8b8e5b4d79728c1) Importer(815301076,1909f56bfc062723c751e8b465ee728b)  -> (artifact id: '8d0d5a70bd93cfe405645f7629d5bfbd') in 0.017179 seconds 
========================================================================
Received Import Request.
  Time since last request: 0.021700 seconds.
  path: Assets/Mike/tileset_143.asset
  artifactKey: Guid(c27037d3cd58af54d879a2afb7da38e8) Importer(815301076,1909f56bfc062723c751e8b465ee728b)
Start importing Assets/Mike/tileset_143.asset using Guid(c27037d3cd58af54d879a2afb7da38e8) Importer(815301076,1909f56bfc062723c751e8b465ee728b)  -> (artifact id: '9160367396438023132322e16f6fa76a') in 0.012623 seconds 
========================================================================
Received Import Request.
  Time since last request: 0.000022 seconds.
  path: Assets/Mike/tileset_239.asset
  artifactKey: Guid(647340c4047212c448775fa1d23e71a7) Importer(815301076,1909f56bfc062723c751e8b465ee728b)
Start importing Assets/Mike/tileset_239.asset using Guid(647340c4047212c448775fa1d23e71a7) Importer(815301076,1909f56bfc062723c751e8b465ee728b)  -> (artifact id: 'baa083bb38168f785dae44f4e5974495') in 0.058942 seconds 
========================================================================
Received Import Request.
  Time since last request: 0.000059 seconds.
  path: Assets/Mike/tileset_154.asset
  artifactKey: Guid(dad4fa366f056af429c203447b2ffb6e) Importer(815301076,1909f56bfc062723c751e8b465ee728b)
Start importing Assets/Mike/tileset_154.asset using Guid(dad4fa366f056af429c203447b2ffb6e) Importer(815301076,1909f56bfc062723c751e8b465ee728b)  -> (artifact id: '98ddb111a5e976638e25ec5e5bd21cd6') in 0.013666 seconds 
========================================================================
Received Import Request.
  Time since last request: 0.000033 seconds.
  path: Assets/Mike/tileset_302.asset
  artifactKey: Guid(4e9b1bd0411028c4e9754db7a20117e5) Importer(815301076,1909f56bfc062723c751e8b465ee728b)
Start importing Assets/Mike/tileset_302.asset using Guid(4e9b1bd0411028c4e9754db7a20117e5) Importer(815301076,1909f56bfc062723c751e8b465ee728b)  -> (artifact id: 'e565c4c1a904c52db1d9660d8f9fc5d4') in 0.130973 seconds 
========================================================================
Received Import Request.
  Time since last request: 0.000023 seconds.
  path: Assets/Mike/tileset_220.asset
  artifactKey: Guid(09fbb09531500574d954a2d82074a4a3) Importer(815301076,1909f56bfc062723c751e8b465ee728b)
Start importing Assets/Mike/tileset_220.asset using Guid(09fbb09531500574d954a2d82074a4a3) Importer(815301076,1909f56bfc062723c751e8b465ee728b)  -> (artifact id: '8c25b7b0f029131896e846d86a69786c') in 0.025169 seconds 
========================================================================
Received Import Request.
  Time since last request: 0.000018 seconds.
  path: Assets/Mike/tileset_344.asset
  artifactKey: Guid(880eb5d74ae4ba045872ec0058aba1c1) Importer(815301076,1909f56bfc062723c751e8b465ee728b)
Start importing Assets/Mike/tileset_344.asset using Guid(880eb5d74ae4ba045872ec0058aba1c1) Importer(815301076,1909f56bfc062723c751e8b465ee728b)  -> (artifact id: '94a77d18f4495f59fdba422b299aeb91') in 0.015582 seconds 
========================================================================
Received Import Request.
  Time since last request: 0.000030 seconds.
  path: Assets/Mike/tileset_253.asset
  artifactKey: Guid(8b941eaf3e381aa4f80599edd38050c6) Importer(815301076,1909f56bfc062723c751e8b465ee728b)
Start importing Assets/Mike/tileset_253.asset using Guid(8b941eaf3e381aa4f80599edd38050c6) Importer(815301076,1909f56bfc062723c751e8b465ee728b)  -> (artifact id: 'c7e6c12fdf0f9a07baaa61b6a4479c29') in 0.017357 seconds 
========================================================================
Received Import Request.
  Time since last request: 0.000023 seconds.
  path: Assets/Mike/tileset_238.asset
  artifactKey: Guid(08c5f2a8b0e7f954da79be0a2e0062cd) Importer(815301076,1909f56bfc062723c751e8b465ee728b)
Start importing Assets/Mike/tileset_238.asset using Guid(08c5f2a8b0e7f954da79be0a2e0062cd) Importer(815301076,1909f56bfc062723c751e8b465ee728b)  -> (artifact id: 'c936ad2158394353b827f4f051351e9e') in 0.014800 seconds 
========================================================================
Received Import Request.
  Time since last request: 0.000023 seconds.
  path: Assets/Mike/tileset_355.asset
  artifactKey: Guid(b8cc830381c3d0246b9dde673ac062dd) Importer(815301076,1909f56bfc062723c751e8b465ee728b)
Start importing Assets/Mike/tileset_355.asset using Guid(b8cc830381c3d0246b9dde673ac062dd) Importer(815301076,1909f56bfc062723c751e8b465ee728b)  -> (artifact id: '3e588367a37db1dd8f23116c5f38a5f2') in 0.485957 seconds 
========================================================================
Received Import Request.
  Time since last request: 0.000023 seconds.
  path: Assets/Mike/tileset_269.asset
  artifactKey: Guid(f21a3ccdbd885444ba985e97da671434) Importer(815301076,1909f56bfc062723c751e8b465ee728b)
Start importing Assets/Mike/tileset_269.asset using Guid(f21a3ccdbd885444ba985e97da671434) Importer(815301076,1909f56bfc062723c751e8b465ee728b)  -> (artifact id: '877d33a843fb0569e4d021355897e03b') in 0.011031 seconds 
========================================================================
Received Import Request.
  Time since last request: 0.000028 seconds.
  path: Assets/Mike/tileset_357.asset
  artifactKey: Guid(21cf44722f7356148ae3f1c2c2fae689) Importer(815301076,1909f56bfc062723c751e8b465ee728b)
Start importing Assets/Mike/tileset_357.asset using Guid(21cf44722f7356148ae3f1c2c2fae689) Importer(815301076,1909f56bfc062723c751e8b465ee728b)  -> (artifact id: '0885e1f57cdda390fe9d7ebc62089f16') in 0.015134 seconds 
========================================================================
Received Import Request.
  Time since last request: 0.000026 seconds.
  path: Assets/Mike/tileset_366.asset
  artifactKey: Guid(16c7398a1c56cfb44a8b4fb5309bf10f) Importer(815301076,1909f56bfc062723c751e8b465ee728b)
Start importing Assets/Mike/tileset_366.asset using Guid(16c7398a1c56cfb44a8b4fb5309bf10f) Importer(815301076,1909f56bfc062723c751e8b465ee728b)  -> (artifact id: '5d42d0730dad2ced7b738474faf73b70') in 0.014595 seconds 
========================================================================
Received Import Request.
  Time since last request: 0.000021 seconds.
  path: Assets/Mike/tileset_353.asset
  artifactKey: Guid(d26f9c572b2ca7946ae36ee9c4483c2f) Importer(815301076,1909f56bfc062723c751e8b465ee728b)
Start importing Assets/Mike/tileset_353.asset using Guid(d26f9c572b2ca7946ae36ee9c4483c2f) Importer(815301076,1909f56bfc062723c751e8b465ee728b)  -> (artifact id: 'c5261ec7bde89656daba09e853e7e10d') in 0.011535 seconds 
========================================================================
Received Import Request.
  Time since last request: 0.000019 seconds.
  path: Assets/Mike/tileset_367.asset
  artifactKey: Guid(24552bdad88a08c4ba9a2c31033184c8) Importer(815301076,1909f56bfc062723c751e8b465ee728b)
Start importing Assets/Mike/tileset_367.asset using Guid(24552bdad88a08c4ba9a2c31033184c8) Importer(815301076,1909f56bfc062723c751e8b465ee728b)  -> (artifact id: '4e234b1e27827ca2bf9cd072115ab13d') in 0.011555 seconds 
========================================================================
Received Import Request.
  Time since last request: 0.000016 seconds.
  path: Assets/Mike/tileset_365.asset
  artifactKey: Guid(8a3e33a07a974eb428f9e0afc458b804) Importer(815301076,1909f56bfc062723c751e8b465ee728b)
Start importing Assets/Mike/tileset_365.asset using Guid(8a3e33a07a974eb428f9e0afc458b804) Importer(815301076,1909f56bfc062723c751e8b465ee728b)  -> (artifact id: '0e17fe471f8c9ea9cd1b7e18c89bed9a') in 0.012484 seconds 
========================================================================
Received Import Request.
  Time since last request: 0.000023 seconds.
  path: Assets/Mike/tileset_187.asset
  artifactKey: Guid(22aff29a02ce1f64880c16c85fd7f473) Importer(815301076,1909f56bfc062723c751e8b465ee728b)
Start importing Assets/Mike/tileset_187.asset using Guid(22aff29a02ce1f64880c16c85fd7f473) Importer(815301076,1909f56bfc062723c751e8b465ee728b)  -> (artifact id: 'c8b68c58b7338ac2c929fc599bc43982') in 0.125291 seconds 
========================================================================
Received Import Request.
  Time since last request: 0.000019 seconds.
  path: Assets/Mike/tileset_314.asset
  artifactKey: Guid(128780e598cf0da4e91e44eb877bfeb3) Importer(815301076,1909f56bfc062723c751e8b465ee728b)
Start importing Assets/Mike/tileset_314.asset using Guid(128780e598cf0da4e91e44eb877bfeb3) Importer(815301076,1909f56bfc062723c751e8b465ee728b)  -> (artifact id: '7c15bbbf29bf6443559a50d445bcce60') in 0.015831 seconds 
========================================================================
Received Import Request.
  Time since last request: 0.000024 seconds.
  path: Assets/Mike/tileset_280.asset
  artifactKey: Guid(a5b0e01cca7f996408421a91ca7ec0df) Importer(815301076,1909f56bfc062723c751e8b465ee728b)
Start importing Assets/Mike/tileset_280.asset using Guid(a5b0e01cca7f996408421a91ca7ec0df) Importer(815301076,1909f56bfc062723c751e8b465ee728b)  -> (artifact id: 'a3cae5f5a5449b120aa1a6700539aea5') in 0.016095 seconds 
========================================================================
Received Import Request.
  Time since last request: 0.000085 seconds.
  path: Assets/Mike/tileset_301.asset
  artifactKey: Guid(de6d28cd4a7d8e040a8b43b1e2b09467) Importer(815301076,1909f56bfc062723c751e8b465ee728b)
Start importing Assets/Mike/tileset_301.asset using Guid(de6d28cd4a7d8e040a8b43b1e2b09467) Importer(815301076,1909f56bfc062723c751e8b465ee728b)  -> (artifact id: '6a6d913b3e9dff1d7c6f6d06b54fbefe') in 0.014818 seconds 
========================================================================
Received Import Request.
  Time since last request: 0.000023 seconds.
  path: Assets/Mike/tileset_176.asset
  artifactKey: Guid(02f1993437001d94c9e63579ba206a3d) Importer(815301076,1909f56bfc062723c751e8b465ee728b)
Start importing Assets/Mike/tileset_176.asset using Guid(02f1993437001d94c9e63579ba206a3d) Importer(815301076,1909f56bfc062723c751e8b465ee728b)  -> (artifact id: '243f4ef3081a236e70f78a8b2387334e') in 0.013870 seconds 
========================================================================
Received Import Request.
  Time since last request: 0.000016 seconds.
  path: Assets/Mike/tileset_149.asset
  artifactKey: Guid(9c376dee08f6a7841bbe6eebba0610c9) Importer(815301076,1909f56bfc062723c751e8b465ee728b)
Start importing Assets/Mike/tileset_149.asset using Guid(9c376dee08f6a7841bbe6eebba0610c9) Importer(815301076,1909f56bfc062723c751e8b465ee728b)  -> (artifact id: '623bf4fc4e4357678d177929136703ea') in 0.012841 seconds 
========================================================================
Received Import Request.
  Time since last request: 0.000018 seconds.
  path: Assets/Mike/tileset_251.asset
  artifactKey: Guid(80daed058a4266c48bdedbaccd3e5e7a) Importer(815301076,1909f56bfc062723c751e8b465ee728b)
Start importing Assets/Mike/tileset_251.asset using Guid(80daed058a4266c48bdedbaccd3e5e7a) Importer(815301076,1909f56bfc062723c751e8b465ee728b)  -> (artifact id: 'bb6b48705a439ee2586303e715d803e9') in 0.017979 seconds 
========================================================================
Received Import Request.
  Time since last request: 0.000019 seconds.
  path: Assets/Mike/tileset_349.asset
  artifactKey: Guid(c24f5e3ec6f6009479a07adcbb69b757) Importer(815301076,1909f56bfc062723c751e8b465ee728b)
Start importing Assets/Mike/tileset_349.asset using Guid(c24f5e3ec6f6009479a07adcbb69b757) Importer(815301076,1909f56bfc062723c751e8b465ee728b)  -> (artifact id: 'dcf8273ba48bff989956f85be6b6c76d') in 0.123161 seconds 
========================================================================
Received Import Request.
  Time since last request: 0.000031 seconds.
  path: Assets/Mike/tileset_250.asset
  artifactKey: Guid(90e9832969a37ae4d888ac04dffc09e9) Importer(815301076,1909f56bfc062723c751e8b465ee728b)
Start importing Assets/Mike/tileset_250.asset using Guid(90e9832969a37ae4d888ac04dffc09e9) Importer(815301076,1909f56bfc062723c751e8b465ee728b)  -> (artifact id: 'd136b662c5a4613f48d1ccacdb62df2d') in 0.013364 seconds 
========================================================================
Received Import Request.
  Time since last request: 0.000036 seconds.
  path: Assets/Mike/tileset_230.asset
  artifactKey: Guid(16aa562f178611f4d9a08c0cb06132b7) Importer(815301076,1909f56bfc062723c751e8b465ee728b)
Start importing Assets/Mike/tileset_230.asset using Guid(16aa562f178611f4d9a08c0cb06132b7) Importer(815301076,1909f56bfc062723c751e8b465ee728b)  -> (artifact id: '3d695242a240d224345bb72f008b9732') in 0.020560 seconds 
========================================================================
Received Import Request.
  Time since last request: 0.000028 seconds.
  path: Assets/Mike/tileset_256.asset
  artifactKey: Guid(0d78bd65c68969940a7a9f103368fc2d) Importer(815301076,1909f56bfc062723c751e8b465ee728b)
Start importing Assets/Mike/tileset_256.asset using Guid(0d78bd65c68969940a7a9f103368fc2d) Importer(815301076,1909f56bfc062723c751e8b465ee728b)  -> (artifact id: '41d2062c835ec18fa1175b559cc7f044') in 0.016404 seconds 
========================================================================
Received Import Request.
  Time since last request: 0.000036 seconds.
  path: Assets/Mike/tileset_170.asset
  artifactKey: Guid(dd890b3463f15bb4c965832386e25cf6) Importer(815301076,1909f56bfc062723c751e8b465ee728b)
Start importing Assets/Mike/tileset_170.asset using Guid(dd890b3463f15bb4c965832386e25cf6) Importer(815301076,1909f56bfc062723c751e8b465ee728b)  -> (artifact id: '0eb38fb05c9af25267b733eca8011a5a') in 0.031323 seconds 
========================================================================
Received Import Request.
  Time since last request: 0.000020 seconds.
  path: Assets/Mike/tileset_304.asset
  artifactKey: Guid(ac8382af53d6aac4487d25885d9a2b71) Importer(815301076,1909f56bfc062723c751e8b465ee728b)
Start importing Assets/Mike/tileset_304.asset using Guid(ac8382af53d6aac4487d25885d9a2b71) Importer(815301076,1909f56bfc062723c751e8b465ee728b)  -> (artifact id: 'aa4d8332736ae41323acae6220033834') in 0.049904 seconds 
========================================================================
Received Import Request.
  Time since last request: 0.000019 seconds.
  path: Assets/Mike/tileset_242.asset
  artifactKey: Guid(8126635eded3bdb42873f098cba663d4) Importer(815301076,1909f56bfc062723c751e8b465ee728b)
Start importing Assets/Mike/tileset_242.asset using Guid(8126635eded3bdb42873f098cba663d4) Importer(815301076,1909f56bfc062723c751e8b465ee728b)  -> (artifact id: '08ed5ce1cb06dd8d618f928f7894fa6b') in 0.036513 seconds 
========================================================================
Received Import Request.
  Time since last request: 0.000030 seconds.
  path: Assets/Mike/tileset_274.asset
  artifactKey: Guid(45d6f4fe5993d9d4bac83ac25e921857) Importer(815301076,1909f56bfc062723c751e8b465ee728b)
Start importing Assets/Mike/tileset_274.asset using Guid(45d6f4fe5993d9d4bac83ac25e921857) Importer(815301076,1909f56bfc062723c751e8b465ee728b)  -> (artifact id: 'c7691399e9ec5c917bc5f83b30b8475b') in 0.012952 seconds 
========================================================================
Received Import Request.
  Time since last request: 0.000033 seconds.
  path: Assets/Mike/tileset_169.asset
  artifactKey: Guid(4a5d83c5a5b60eb40a9d6462a097119a) Importer(815301076,1909f56bfc062723c751e8b465ee728b)
Start importing Assets/Mike/tileset_169.asset using Guid(4a5d83c5a5b60eb40a9d6462a097119a) Importer(815301076,1909f56bfc062723c751e8b465ee728b)  -> (artifact id: 'd16163200ee05e6ff47a381abf854cb6') in 0.014426 seconds 
========================================================================
Received Import Request.
  Time since last request: 0.000025 seconds.
  path: Assets/Mike/tileset_147.asset
  artifactKey: Guid(de8b8ac6a80cb54478bf4ac4f30c1863) Importer(815301076,1909f56bfc062723c751e8b465ee728b)
Start importing Assets/Mike/tileset_147.asset using Guid(de8b8ac6a80cb54478bf4ac4f30c1863) Importer(815301076,1909f56bfc062723c751e8b465ee728b)  -> (artifact id: '026b93625c4a718c277b0086e35b855e') in 0.173930 seconds 
========================================================================
Received Import Request.
  Time since last request: 0.000021 seconds.
  path: Assets/Mike/tileset_293.asset
  artifactKey: Guid(4e0c020658df62044b02c52ed3426579) Importer(815301076,1909f56bfc062723c751e8b465ee728b)
Start importing Assets/Mike/tileset_293.asset using Guid(4e0c020658df62044b02c52ed3426579) Importer(815301076,1909f56bfc062723c751e8b465ee728b)  -> (artifact id: '361761ae54c38ff0109855c12d8a97bd') in 0.013644 seconds 
========================================================================
Received Import Request.
  Time since last request: 0.000019 seconds.
  path: Assets/Mike/tileset_215.asset
  artifactKey: Guid(6c698fb51b1d4c44495dffef0887a607) Importer(815301076,1909f56bfc062723c751e8b465ee728b)
Start importing Assets/Mike/tileset_215.asset using Guid(6c698fb51b1d4c44495dffef0887a607) Importer(815301076,1909f56bfc062723c751e8b465ee728b)  -> (artifact id: '963ae76409649594e670ece71fb9a980') in 0.016239 seconds 
========================================================================
Received Import Request.
  Time since last request: 0.000028 seconds.
  path: Assets/Mike/tileset_247.asset
  artifactKey: Guid(9f252404c15285144aa1276befb9be97) Importer(815301076,1909f56bfc062723c751e8b465ee728b)
Start importing Assets/Mike/tileset_247.asset using Guid(9f252404c15285144aa1276befb9be97) Importer(815301076,1909f56bfc062723c751e8b465ee728b)  -> (artifact id: '2388c2b2ef9ce135f3088f2967f0fff7') in 0.013341 seconds 
========================================================================
Received Import Request.
  Time since last request: 0.000039 seconds.
  path: Assets/Mike/tileset_341.asset
  artifactKey: Guid(00d36641875306947a2895ad256a84dd) Importer(815301076,1909f56bfc062723c751e8b465ee728b)
Start importing Assets/Mike/tileset_341.asset using Guid(00d36641875306947a2895ad256a84dd) Importer(815301076,1909f56bfc062723c751e8b465ee728b)  -> (artifact id: '14ce1d18c45186919a1ba4024b5bd31c') in 0.011099 seconds 
========================================================================
Received Import Request.
  Time since last request: 0.000023 seconds.
  path: Assets/Mike/tileset_270.asset
  artifactKey: Guid(a881157a542be3743b48996ffb34c14c) Importer(815301076,1909f56bfc062723c751e8b465ee728b)
Start importing Assets/Mike/tileset_270.asset using Guid(a881157a542be3743b48996ffb34c14c) Importer(815301076,1909f56bfc062723c751e8b465ee728b)  -> (artifact id: '4fcf58b41af5ab5fcb2dc3efc5375417') in 0.013338 seconds 
========================================================================
Received Import Request.
  Time since last request: 0.000038 seconds.
  path: Assets/Mike/tileset_165.asset
  artifactKey: Guid(669e12e93ab7df14f9e5c9791434a9d8) Importer(815301076,1909f56bfc062723c751e8b465ee728b)
Start importing Assets/Mike/tileset_165.asset using Guid(669e12e93ab7df14f9e5c9791434a9d8) Importer(815301076,1909f56bfc062723c751e8b465ee728b)  -> (artifact id: '651555159032ae58ebe9d53cc853defb') in 0.053798 seconds 
========================================================================
Received Import Request.
  Time since last request: 0.000026 seconds.
  path: Assets/Mike/tileset_279.asset
  artifactKey: Guid(b9f624a6c6c6d9c4888e3232c5458d53) Importer(815301076,1909f56bfc062723c751e8b465ee728b)
Start importing Assets/Mike/tileset_279.asset using Guid(b9f624a6c6c6d9c4888e3232c5458d53) Importer(815301076,1909f56bfc062723c751e8b465ee728b)  -> (artifact id: '9f0decca3054def47fc38a1955b79eba') in 0.039496 seconds 
========================================================================
Received Import Request.
  Time since last request: 0.000027 seconds.
  path: Assets/Mike/tileset_179.asset
  artifactKey: Guid(a165fa658f88948418fdcc72eb1aa801) Importer(815301076,1909f56bfc062723c751e8b465ee728b)
Start importing Assets/Mike/tileset_179.asset using Guid(a165fa658f88948418fdcc72eb1aa801) Importer(815301076,1909f56bfc062723c751e8b465ee728b)  -> (artifact id: '6be0083256edae37f9672e82fc8da556') in 0.013476 seconds 
========================================================================
Received Import Request.
  Time since last request: 0.000027 seconds.
  path: Assets/Mike/tileset_307.asset
  artifactKey: Guid(efe7f40ada7c11649a6e91bce79cfdd1) Importer(815301076,1909f56bfc062723c751e8b465ee728b)
Start importing Assets/Mike/tileset_307.asset using Guid(efe7f40ada7c11649a6e91bce79cfdd1) Importer(815301076,1909f56bfc062723c751e8b465ee728b)  -> (artifact id: 'fdbdd03cc5ef20cae31543446e0d73dc') in 0.040136 seconds 
========================================================================
Received Import Request.
  Time since last request: 0.000019 seconds.
  path: Assets/Mike/tileset_155.asset
  artifactKey: Guid(f25ccaa816431bd41bdb0223a1d64c1a) Importer(815301076,1909f56bfc062723c751e8b465ee728b)
Start importing Assets/Mike/tileset_155.asset using Guid(f25ccaa816431bd41bdb0223a1d64c1a) Importer(815301076,1909f56bfc062723c751e8b465ee728b)  -> (artifact id: '041b79ee35cb86f23a5184ed7b46ef28') in 0.031654 seconds 
========================================================================
Received Import Request.
  Time since last request: 0.000041 seconds.
  path: Assets/Mike/tileset_335.asset
  artifactKey: Guid(736e9a0280304364daef6a699f168e1b) Importer(815301076,1909f56bfc062723c751e8b465ee728b)
Start importing Assets/Mike/tileset_335.asset using Guid(736e9a0280304364daef6a699f168e1b) Importer(815301076,1909f56bfc062723c751e8b465ee728b)  -> (artifact id: '671ef28b38b5bd0dce1297b2e5f85db7') in 0.015764 seconds 
========================================================================
Received Import Request.
  Time since last request: 0.000021 seconds.
  path: Assets/Mike/tileset_236.asset
  artifactKey: Guid(e923859d7388c9e439643b34b21384cb) Importer(815301076,1909f56bfc062723c751e8b465ee728b)
Start importing Assets/Mike/tileset_236.asset using Guid(e923859d7388c9e439643b34b21384cb) Importer(815301076,1909f56bfc062723c751e8b465ee728b)  -> (artifact id: 'bcf925c8e8985e2b768e4c216e16efe3') in 0.012099 seconds 
========================================================================
Received Import Request.
  Time since last request: 0.000017 seconds.
  path: Assets/Mike/tileset_161.asset
  artifactKey: Guid(9ed76ec1849a6a54296a538e2e33800f) Importer(815301076,1909f56bfc062723c751e8b465ee728b)
Start importing Assets/Mike/tileset_161.asset using Guid(9ed76ec1849a6a54296a538e2e33800f) Importer(815301076,1909f56bfc062723c751e8b465ee728b)  -> (artifact id: '9ae4f1e7be0e899c654e1ef82f982245') in 0.011411 seconds 
========================================================================
Received Import Request.
  Time since last request: 0.000024 seconds.
  path: Assets/Mike/tileset_183.asset
  artifactKey: Guid(3c897f2ee81155345920af91bc1049c9) Importer(815301076,1909f56bfc062723c751e8b465ee728b)
Start importing Assets/Mike/tileset_183.asset using Guid(3c897f2ee81155345920af91bc1049c9) Importer(815301076,1909f56bfc062723c751e8b465ee728b)  -> (artifact id: '0cf53656d7549d79be249cc2b772cd88') in 0.013346 seconds 
========================================================================
Received Import Request.
  Time since last request: 0.000021 seconds.
  path: Assets/Mike/tileset_172.asset
  artifactKey: Guid(851e4e1f3d84f2d49894096bbd772b2f) Importer(815301076,1909f56bfc062723c751e8b465ee728b)
Start importing Assets/Mike/tileset_172.asset using Guid(851e4e1f3d84f2d49894096bbd772b2f) Importer(815301076,1909f56bfc062723c751e8b465ee728b)  -> (artifact id: 'ec6f80c3e4d5573bc5811471a9389c7a') in 0.013235 seconds 
========================================================================
Received Import Request.
  Time since last request: 0.000024 seconds.
  path: Assets/Mike/tileset_158.asset
  artifactKey: Guid(bf7afecbe716d7f40926ab4174951457) Importer(815301076,1909f56bfc062723c751e8b465ee728b)
Start importing Assets/Mike/tileset_158.asset using Guid(bf7afecbe716d7f40926ab4174951457) Importer(815301076,1909f56bfc062723c751e8b465ee728b)  -> (artifact id: 'd9f89c768e47b51ea99a842c75dfe93a') in 0.012702 seconds 
========================================================================
Received Import Request.
  Time since last request: 0.000022 seconds.
  path: Assets/Mike/tileset_310.asset
  artifactKey: Guid(fd0428df488362b4ca53f405698199ab) Importer(815301076,1909f56bfc062723c751e8b465ee728b)
Start importing Assets/Mike/tileset_310.asset using Guid(fd0428df488362b4ca53f405698199ab) Importer(815301076,1909f56bfc062723c751e8b465ee728b)  -> (artifact id: '68c497d7d5403423194b55cffa70746f') in 0.011528 seconds 
========================================================================
Received Import Request.
  Time since last request: 0.000019 seconds.
  path: Assets/Mike/tileset_276.asset
  artifactKey: Guid(12b4ac770f0140a4fa4022cbf5d09ac9) Importer(815301076,1909f56bfc062723c751e8b465ee728b)
Start importing Assets/Mike/tileset_276.asset using Guid(12b4ac770f0140a4fa4022cbf5d09ac9) Importer(815301076,1909f56bfc062723c751e8b465ee728b)  -> (artifact id: '379212c4ec4896db591d746f43088b87') in 0.011470 seconds 
========================================================================
Received Import Request.
  Time since last request: 0.000021 seconds.
  path: Assets/Mike/tileset_331.asset
  artifactKey: Guid(1fdc5608c35528249affa6ccc6329520) Importer(815301076,1909f56bfc062723c751e8b465ee728b)
Start importing Assets/Mike/tileset_331.asset using Guid(1fdc5608c35528249affa6ccc6329520) Importer(815301076,1909f56bfc062723c751e8b465ee728b)  -> (artifact id: '61a501df2fef3208f9e3b0ba7c07ce91') in 0.024642 seconds 
========================================================================
Received Import Request.
  Time since last request: 0.000024 seconds.
  path: Assets/Mike/tileset_336.asset
  artifactKey: Guid(0b7ec1a9c1b6f5c40adbae541c9978d3) Importer(815301076,1909f56bfc062723c751e8b465ee728b)
Start importing Assets/Mike/tileset_336.asset using Guid(0b7ec1a9c1b6f5c40adbae541c9978d3) Importer(815301076,1909f56bfc062723c751e8b465ee728b)  -> (artifact id: '16c0b2f37856850a9153852f969c88a5') in 0.013342 seconds 
========================================================================
Received Import Request.
  Time since last request: 0.000023 seconds.
  path: Assets/Mike/tileset_272.asset
  artifactKey: Guid(51f7833d2a283434aaf7c94691d981ea) Importer(815301076,1909f56bfc062723c751e8b465ee728b)
Start importing Assets/Mike/tileset_272.asset using Guid(51f7833d2a283434aaf7c94691d981ea) Importer(815301076,1909f56bfc062723c751e8b465ee728b)  -> (artifact id: 'a737d74c9cac3ba55e9abea14783d3f8') in 0.011546 seconds 
========================================================================
Received Import Request.
  Time since last request: 0.000026 seconds.
  path: Assets/Mike/tileset_185.asset
  artifactKey: Guid(a264a9ec2c5958f4ca34e43e56194831) Importer(815301076,1909f56bfc062723c751e8b465ee728b)
Start importing Assets/Mike/tileset_185.asset using Guid(a264a9ec2c5958f4ca34e43e56194831) Importer(815301076,1909f56bfc062723c751e8b465ee728b)  -> (artifact id: '2bab14cd2a5d8cb2cfad45f25c519cd6') in 0.011277 seconds 
========================================================================
Received Import Request.
  Time since last request: 0.000017 seconds.
  path: Assets/Mike/tileset_260.asset
  artifactKey: Guid(841277f833584924ba5f8948df687922) Importer(815301076,1909f56bfc062723c751e8b465ee728b)
Start importing Assets/Mike/tileset_260.asset using Guid(841277f833584924ba5f8948df687922) Importer(815301076,1909f56bfc062723c751e8b465ee728b)  -> (artifact id: 'd377b30051f83cde5ea9a64ad00eaafe') in 0.017116 seconds 
========================================================================
Received Import Request.
  Time since last request: 0.000022 seconds.
  path: Assets/Mike/tileset_181.asset
  artifactKey: Guid(e1368cc465728c54585d19d2c7b00623) Importer(815301076,1909f56bfc062723c751e8b465ee728b)
Start importing Assets/Mike/tileset_181.asset using Guid(e1368cc465728c54585d19d2c7b00623) Importer(815301076,1909f56bfc062723c751e8b465ee728b)  -> (artifact id: 'c71fa9fb3ed32186870705e98a3eff06') in 0.014775 seconds 
========================================================================
Received Import Request.
  Time since last request: 0.000026 seconds.
  path: Assets/Mike/tileset_222.asset
  artifactKey: Guid(740b1bd869a3cc245acd53908b8125ea) Importer(815301076,1909f56bfc062723c751e8b465ee728b)
Start importing Assets/Mike/tileset_222.asset using Guid(740b1bd869a3cc245acd53908b8125ea) Importer(815301076,1909f56bfc062723c751e8b465ee728b)  -> (artifact id: '1b1b798bd65c90e6551c7f1780fe9a34') in 0.014409 seconds 
========================================================================
Received Import Request.
  Time since last request: 7.313061 seconds.
  path: Assets/Mike/tileset_1.asset
  artifactKey: Guid(ed5ac740048a0c9458ae974f2def4621) Importer(815301076,1909f56bfc062723c751e8b465ee728b)
Start importing Assets/Mike/tileset_1.asset using Guid(ed5ac740048a0c9458ae974f2def4621) Importer(815301076,1909f56bfc062723c751e8b465ee728b)  -> (artifact id: '9d2ac2ec8c28ee0495e8587317ce4044') in 0.006989 seconds 
========================================================================
Received Import Request.
  Time since last request: 0.000021 seconds.
  path: Assets/Mike/tileset_24.asset
  artifactKey: Guid(09070ce930f0292409d4a5da842d2b81) Importer(815301076,1909f56bfc062723c751e8b465ee728b)
Start importing Assets/Mike/tileset_24.asset using Guid(09070ce930f0292409d4a5da842d2b81) Importer(815301076,1909f56bfc062723c751e8b465ee728b)  -> (artifact id: '68c4d1f5dfb175b4ad98f25a4034b9a4') in 0.012618 seconds 
========================================================================
Received Import Request.
  Time since last request: 0.000028 seconds.
  path: Assets/Mike/tileset_4.asset
  artifactKey: Guid(59700e3b6cd6016478ac69ac7bf5f3d4) Importer(815301076,1909f56bfc062723c751e8b465ee728b)
Start importing Assets/Mike/tileset_4.asset using Guid(59700e3b6cd6016478ac69ac7bf5f3d4) Importer(815301076,1909f56bfc062723c751e8b465ee728b)  -> (artifact id: '50a0a627cd031071ca61d67342eb0ad3') in 0.013744 seconds 
========================================================================
Received Import Request.
  Time since last request: 0.000021 seconds.
  path: Assets/Mike/tileset_18.asset
  artifactKey: Guid(b6d8f9084f92c5246981d89d1cebc130) Importer(815301076,1909f56bfc062723c751e8b465ee728b)
Start importing Assets/Mike/tileset_18.asset using Guid(b6d8f9084f92c5246981d89d1cebc130) Importer(815301076,1909f56bfc062723c751e8b465ee728b)  -> (artifact id: '3f92a933686f5c376f9cbe9209b4b85b') in 0.013700 seconds 
========================================================================
Received Import Request.
  Time since last request: 0.000026 seconds.
  path: Assets/Mike/tileset_3.asset
  artifactKey: Guid(3da1001d2300a8a4b946743a87dc90a3) Importer(815301076,1909f56bfc062723c751e8b465ee728b)
Start importing Assets/Mike/tileset_3.asset using Guid(3da1001d2300a8a4b946743a87dc90a3) Importer(815301076,1909f56bfc062723c751e8b465ee728b)  -> (artifact id: '8d5a18b93e38e94380a56f4724f4d50a') in 0.017785 seconds 
========================================================================
Received Import Request.
  Time since last request: 0.000029 seconds.
  path: Assets/Mike/tileset_15.asset
  artifactKey: Guid(4c16af1fc1b7d4f4a90b60f1bffc7a36) Importer(815301076,1909f56bfc062723c751e8b465ee728b)
Start importing Assets/Mike/tileset_15.asset using Guid(4c16af1fc1b7d4f4a90b60f1bffc7a36) Importer(815301076,1909f56bfc062723c751e8b465ee728b)  -> (artifact id: '8fb1717d2e208be409b379c2c877ef09') in 0.008406 seconds 
========================================================================
Received Import Request.
  Time since last request: 0.000039 seconds.
  path: Assets/Mike/tileset_40.asset
  artifactKey: Guid(e47355a294632ec46b1c9f19bd585c2e) Importer(815301076,1909f56bfc062723c751e8b465ee728b)
Start importing Assets/Mike/tileset_40.asset using Guid(e47355a294632ec46b1c9f19bd585c2e) Importer(815301076,1909f56bfc062723c751e8b465ee728b)  -> (artifact id: 'a8ac1ea73ab030364e0d8f94dfd41a53') in 0.016552 seconds 
========================================================================
Received Import Request.
  Time since last request: 0.000029 seconds.
  path: Assets/Mike/tileset_45.asset
  artifactKey: Guid(3b5170aff2c6122448af4b1dd2417eb4) Importer(815301076,1909f56bfc062723c751e8b465ee728b)
Start importing Assets/Mike/tileset_45.asset using Guid(3b5170aff2c6122448af4b1dd2417eb4) Importer(815301076,1909f56bfc062723c751e8b465ee728b)  -> (artifact id: '5df552f29834add916f4ef02bf272082') in 0.015920 seconds 
========================================================================
Received Import Request.
  Time since last request: 0.000031 seconds.
  path: Assets/Mike/tileset_21.asset
  artifactKey: Guid(867db09307604fb4697f21e34a9da4b5) Importer(815301076,1909f56bfc062723c751e8b465ee728b)
Start importing Assets/Mike/tileset_21.asset using Guid(867db09307604fb4697f21e34a9da4b5) Importer(815301076,1909f56bfc062723c751e8b465ee728b)  -> (artifact id: '89ea603ee14eb132539cd046c0438c35') in 0.008104 seconds 
========================================================================
Received Import Request.
  Time since last request: 0.000020 seconds.
  path: Assets/Mike/tileset_13.asset
  artifactKey: Guid(ab0216f8ab9de934a83773ef9f97dc16) Importer(815301076,1909f56bfc062723c751e8b465ee728b)
Start importing Assets/Mike/tileset_13.asset using Guid(ab0216f8ab9de934a83773ef9f97dc16) Importer(815301076,1909f56bfc062723c751e8b465ee728b)  -> (artifact id: '9aae928bc73e997418866db6870e72b1') in 0.013977 seconds 
========================================================================
Received Import Request.
  Time since last request: 0.000022 seconds.
  path: Assets/Mike/tileset_6.asset
  artifactKey: Guid(933d0df862a8b29498783f4fded1293f) Importer(815301076,1909f56bfc062723c751e8b465ee728b)
Start importing Assets/Mike/tileset_6.asset using Guid(933d0df862a8b29498783f4fded1293f) Importer(815301076,1909f56bfc062723c751e8b465ee728b)  -> (artifact id: '7b0d55a5a8f432f8bf7e1e316fbd0616') in 0.013483 seconds 
========================================================================
Received Import Request.
  Time since last request: 0.000041 seconds.
  path: Assets/Mike/tileset_28.asset
  artifactKey: Guid(672a732b06244374cab66e5bf6c41cef) Importer(815301076,1909f56bfc062723c751e8b465ee728b)
Start importing Assets/Mike/tileset_28.asset using Guid(672a732b06244374cab66e5bf6c41cef) Importer(815301076,1909f56bfc062723c751e8b465ee728b)  -> (artifact id: '92533c6e458d0ff0fc7d1260e8341a73') in 0.007113 seconds 
========================================================================
Received Import Request.
  Time since last request: 0.000038 seconds.
  path: Assets/Mike/tileset_12.asset
  artifactKey: Guid(e75f4f93989a299459676e1a5fdb300f) Importer(815301076,1909f56bfc062723c751e8b465ee728b)
Start importing Assets/Mike/tileset_12.asset using Guid(e75f4f93989a299459676e1a5fdb300f) Importer(815301076,1909f56bfc062723c751e8b465ee728b)  -> (artifact id: '5a78bbcfba27dfc3ea0bf94be008bfec') in 0.011459 seconds 
========================================================================
Received Import Request.
  Time since last request: 0.000024 seconds.
  path: Assets/Mike/tileset_22.asset
  artifactKey: Guid(fe1b1d76568c7a54c95201e6a9d36e2e) Importer(815301076,1909f56bfc062723c751e8b465ee728b)
Start importing Assets/Mike/tileset_22.asset using Guid(fe1b1d76568c7a54c95201e6a9d36e2e) Importer(815301076,1909f56bfc062723c751e8b465ee728b)  -> (artifact id: '5f9a5deccca5b42bdf904ca0dd3addb6') in 0.015892 seconds 
========================================================================
Received Import Request.
  Time since last request: 0.000024 seconds.
  path: Assets/Mike/tileset_43.asset
  artifactKey: Guid(3042974c7acce7d459aaff98d83fa664) Importer(815301076,1909f56bfc062723c751e8b465ee728b)
Start importing Assets/Mike/tileset_43.asset using Guid(3042974c7acce7d459aaff98d83fa664) Importer(815301076,1909f56bfc062723c751e8b465ee728b)  -> (artifact id: '291fbf6d2b5f737f352fa073417fd44f') in 0.006787 seconds 
========================================================================
Received Import Request.
  Time since last request: 0.000022 seconds.
  path: Assets/Mike/tileset_19.asset
  artifactKey: Guid(605350871fa73894bb6b93fbc7b148b2) Importer(815301076,1909f56bfc062723c751e8b465ee728b)
Start importing Assets/Mike/tileset_19.asset using Guid(605350871fa73894bb6b93fbc7b148b2) Importer(815301076,1909f56bfc062723c751e8b465ee728b)  -> (artifact id: '6c256767b2683259ed36e4af99dd627b') in 0.015978 seconds 
========================================================================
Received Import Request.
  Time since last request: 0.000019 seconds.
  path: Assets/Mike/tileset_9.asset
  artifactKey: Guid(a6a9796d7f07c9942907a74f0162beaf) Importer(815301076,1909f56bfc062723c751e8b465ee728b)
Start importing Assets/Mike/tileset_9.asset using Guid(a6a9796d7f07c9942907a74f0162beaf) Importer(815301076,1909f56bfc062723c751e8b465ee728b)  -> (artifact id: 'd87466e3737396e4bbc55862217dd264') in 0.014942 seconds 
========================================================================
Received Import Request.
  Time since last request: 0.000038 seconds.
  path: Assets/Mike/tileset_29.asset
  artifactKey: Guid(e18146ceb1ab9984db81cfbd6f5ff258) Importer(815301076,1909f56bfc062723c751e8b465ee728b)
Start importing Assets/Mike/tileset_29.asset using Guid(e18146ceb1ab9984db81cfbd6f5ff258) Importer(815301076,1909f56bfc062723c751e8b465ee728b)  -> (artifact id: '54526c9dd505e4a9485c309d754fc325') in 0.008219 seconds 
========================================================================
Received Import Request.
  Time since last request: 0.000023 seconds.
  path: Assets/Mike/tileset_14.asset
  artifactKey: Guid(85f6f73889dc4d943a6a2d4eda46a0f4) Importer(815301076,1909f56bfc062723c751e8b465ee728b)
Start importing Assets/Mike/tileset_14.asset using Guid(85f6f73889dc4d943a6a2d4eda46a0f4) Importer(815301076,1909f56bfc062723c751e8b465ee728b)  -> (artifact id: '55d5c32a22da75b713da5a7a8160f085') in 0.014234 seconds 
========================================================================
Received Import Request.
  Time since last request: 7.232485 seconds.
  path: Assets/Mike/tileset_1.asset
  artifactKey: Guid(ed5ac740048a0c9458ae974f2def4621) Importer(815301076,1909f56bfc062723c751e8b465ee728b)
Start importing Assets/Mike/tileset_1.asset using Guid(ed5ac740048a0c9458ae974f2def4621) Importer(815301076,1909f56bfc062723c751e8b465ee728b)  -> (artifact id: '28c15d29a37ed0e578d1e04de6ad3408') in 0.006008 seconds 
========================================================================
Received Import Request.
  Time since last request: 0.000025 seconds.
  path: Assets/Mike/tileset_24.asset
  artifactKey: Guid(09070ce930f0292409d4a5da842d2b81) Importer(815301076,1909f56bfc062723c751e8b465ee728b)
Start importing Assets/Mike/tileset_24.asset using Guid(09070ce930f0292409d4a5da842d2b81) Importer(815301076,1909f56bfc062723c751e8b465ee728b)  -> (artifact id: 'd1394e215eb4fc49567420ecdcf9f2db') in 0.005774 seconds 
========================================================================
Received Import Request.
  Time since last request: 0.000020 seconds.
  path: Assets/Mike/tileset_4.asset
  artifactKey: Guid(59700e3b6cd6016478ac69ac7bf5f3d4) Importer(815301076,1909f56bfc062723c751e8b465ee728b)
Start importing Assets/Mike/tileset_4.asset using Guid(59700e3b6cd6016478ac69ac7bf5f3d4) Importer(815301076,1909f56bfc062723c751e8b465ee728b)  -> (artifact id: 'b777f4721f544ee97588ed7cfd3b69fe') in 0.010761 seconds 
========================================================================
Received Import Request.
  Time since last request: 0.000021 seconds.
  path: Assets/Mike/tileset_37.asset
  artifactKey: Guid(6e5057e28914ed941b73e89777010a69) Importer(815301076,1909f56bfc062723c751e8b465ee728b)
Start importing Assets/Mike/tileset_37.asset using Guid(6e5057e28914ed941b73e89777010a69) Importer(815301076,1909f56bfc062723c751e8b465ee728b)  -> (artifact id: 'b4b42ed440d1870ae34e99f037e9af71') in 0.005932 seconds 
========================================================================
Received Import Request.
  Time since last request: 0.000083 seconds.
  path: Assets/Mike/tileset_34.asset
  artifactKey: Guid(ca502e8843b0b1c41b844fbb2cba8046) Importer(815301076,1909f56bfc062723c751e8b465ee728b)
Start importing Assets/Mike/tileset_34.asset using Guid(ca502e8843b0b1c41b844fbb2cba8046) Importer(815301076,1909f56bfc062723c751e8b465ee728b)  -> (artifact id: '93479b1d11079caffbcaed08514c07c9') in 0.006383 seconds 
========================================================================
Received Import Request.
  Time since last request: 0.000029 seconds.
  path: Assets/Mike/tileset_32.asset
  artifactKey: Guid(e51d709c68d1fcb49900aec169725019) Importer(815301076,1909f56bfc062723c751e8b465ee728b)
Start importing Assets/Mike/tileset_32.asset using Guid(e51d709c68d1fcb49900aec169725019) Importer(815301076,1909f56bfc062723c751e8b465ee728b)  -> (artifact id: '368dd7b2725c197d3e1d94413ce8124e') in 0.006722 seconds 
========================================================================
Received Import Request.
  Time since last request: 0.000029 seconds.
  path: Assets/Mike/tileset_8.asset
  artifactKey: Guid(8cba8331b30eff74fa28bc39b064cc0d) Importer(815301076,1909f56bfc062723c751e8b465ee728b)
Start importing Assets/Mike/tileset_8.asset using Guid(8cba8331b30eff74fa28bc39b064cc0d) Importer(815301076,1909f56bfc062723c751e8b465ee728b)  -> (artifact id: '516190557294dff6a750fda32305132e') in 0.014002 seconds 
========================================================================
Received Import Request.
  Time since last request: 0.000070 seconds.
  path: Assets/Mike/tileset_45.asset
  artifactKey: Guid(3b5170aff2c6122448af4b1dd2417eb4) Importer(815301076,1909f56bfc062723c751e8b465ee728b)
Start importing Assets/Mike/tileset_45.asset using Guid(3b5170aff2c6122448af4b1dd2417eb4) Importer(815301076,1909f56bfc062723c751e8b465ee728b)  -> (artifact id: '056125de3e0a8a7a3a152ebc7b0e48e2') in 0.006911 seconds 
========================================================================
Received Import Request.
  Time since last request: 0.000024 seconds.
  path: Assets/Mike/tileset_21.asset
  artifactKey: Guid(867db09307604fb4697f21e34a9da4b5) Importer(815301076,1909f56bfc062723c751e8b465ee728b)
Start importing Assets/Mike/tileset_21.asset using Guid(867db09307604fb4697f21e34a9da4b5) Importer(815301076,1909f56bfc062723c751e8b465ee728b)  -> (artifact id: '84eb8f2bc19e5bb6337400d43e564f01') in 0.006270 seconds 
========================================================================
Received Import Request.
  Time since last request: 0.000020 seconds.
  path: Assets/Mike/tileset_13.asset
  artifactKey: Guid(ab0216f8ab9de934a83773ef9f97dc16) Importer(815301076,1909f56bfc062723c751e8b465ee728b)
Start importing Assets/Mike/tileset_13.asset using Guid(ab0216f8ab9de934a83773ef9f97dc16) Importer(815301076,1909f56bfc062723c751e8b465ee728b)  -> (artifact id: '2689088b4cc6101c446dcfc3a144b9f3') in 0.012275 seconds 
========================================================================
Received Import Request.
  Time since last request: 0.000023 seconds.
  path: Assets/Mike/tileset_6.asset
  artifactKey: Guid(933d0df862a8b29498783f4fded1293f) Importer(815301076,1909f56bfc062723c751e8b465ee728b)
Start importing Assets/Mike/tileset_6.asset using Guid(933d0df862a8b29498783f4fded1293f) Importer(815301076,1909f56bfc062723c751e8b465ee728b)  -> (artifact id: 'ad847f189cc0eb800cf0d4687a17a5dc') in 0.026098 seconds 
========================================================================
Received Import Request.
  Time since last request: 0.000028 seconds.
  path: Assets/Mike/tileset_28.asset
  artifactKey: Guid(672a732b06244374cab66e5bf6c41cef) Importer(815301076,1909f56bfc062723c751e8b465ee728b)
Start importing Assets/Mike/tileset_28.asset using Guid(672a732b06244374cab66e5bf6c41cef) Importer(815301076,1909f56bfc062723c751e8b465ee728b)  -> (artifact id: 'ab9b5ce551aa9f831eb3692c6f86f157') in 0.006696 seconds 
========================================================================
Received Import Request.
  Time since last request: 0.000020 seconds.
  path: Assets/Mike/tileset_12.asset
  artifactKey: Guid(e75f4f93989a299459676e1a5fdb300f) Importer(815301076,1909f56bfc062723c751e8b465ee728b)
Start importing Assets/Mike/tileset_12.asset using Guid(e75f4f93989a299459676e1a5fdb300f) Importer(815301076,1909f56bfc062723c751e8b465ee728b)  -> (artifact id: 'a5fad7f15110ebcfd4034d38dfb927af') in 0.006526 seconds 
========================================================================
Received Import Request.
  Time since last request: 0.000026 seconds.
  path: Assets/Mike/tileset_22.asset
  artifactKey: Guid(fe1b1d76568c7a54c95201e6a9d36e2e) Importer(815301076,1909f56bfc062723c751e8b465ee728b)
Start importing Assets/Mike/tileset_22.asset using Guid(fe1b1d76568c7a54c95201e6a9d36e2e) Importer(815301076,1909f56bfc062723c751e8b465ee728b)  -> (artifact id: '24b021f1f21c6911ef66c35f5ad341d9') in 0.011811 seconds 
========================================================================
Received Import Request.
  Time since last request: 0.000018 seconds.
  path: Assets/Mike/tileset_43.asset
  artifactKey: Guid(3042974c7acce7d459aaff98d83fa664) Importer(815301076,1909f56bfc062723c751e8b465ee728b)
Start importing Assets/Mike/tileset_43.asset using Guid(3042974c7acce7d459aaff98d83fa664) Importer(815301076,1909f56bfc062723c751e8b465ee728b)  -> (artifact id: '86fcb5fe61d23cb0e0eee7a677c6b726') in 0.006237 seconds 
========================================================================
Received Import Request.
  Time since last request: 0.000023 seconds.
  path: Assets/Mike/tileset_16.asset
  artifactKey: Guid(c531295a38bf31148930753b55a23723) Importer(815301076,1909f56bfc062723c751e8b465ee728b)
Start importing Assets/Mike/tileset_16.asset using Guid(c531295a38bf31148930753b55a23723) Importer(815301076,1909f56bfc062723c751e8b465ee728b)  -> (artifact id: 'c9bf2608764fe79a94b93200d8b23ecc') in 0.006487 seconds 
========================================================================
Received Import Request.
  Time since last request: 0.000062 seconds.
  path: Assets/Mike/tileset_9.asset
  artifactKey: Guid(a6a9796d7f07c9942907a74f0162beaf) Importer(815301076,1909f56bfc062723c751e8b465ee728b)
Start importing Assets/Mike/tileset_9.asset using Guid(a6a9796d7f07c9942907a74f0162beaf) Importer(815301076,1909f56bfc062723c751e8b465ee728b)  -> (artifact id: 'd2e39e08ebfee106cab0aca00ee98d66') in 0.005149 seconds 
========================================================================
Received Import Request.
  Time since last request: 0.000040 seconds.
  path: Assets/Mike/tileset_44.asset
  artifactKey: Guid(b26cf9127d72ffb42a06d610278dbd52) Importer(815301076,1909f56bfc062723c751e8b465ee728b)
Start importing Assets/Mike/tileset_44.asset using Guid(b26cf9127d72ffb42a06d610278dbd52) Importer(815301076,1909f56bfc062723c751e8b465ee728b)  -> (artifact id: '82115355f67285d5d38cd88ebb9ed516') in 0.006407 seconds 
========================================================================
Received Import Request.
  Time since last request: 0.000029 seconds.
  path: Assets/Mike/tileset_14.asset
  artifactKey: Guid(85f6f73889dc4d943a6a2d4eda46a0f4) Importer(815301076,1909f56bfc062723c751e8b465ee728b)
Start importing Assets/Mike/tileset_14.asset using Guid(85f6f73889dc4d943a6a2d4eda46a0f4) Importer(815301076,1909f56bfc062723c751e8b465ee728b)  -> (artifact id: '8011214002106949baa3b9a7b1e07eab') in 0.007855 seconds 
========================================================================
Received Import Request.
  Time since last request: 0.000018 seconds.
  path: Assets/Mike/tileset_39.asset
  artifactKey: Guid(bc11d61e06fdf3f4e85e48f7cd6b3736) Importer(815301076,1909f56bfc062723c751e8b465ee728b)
Start importing Assets/Mike/tileset_39.asset using Guid(bc11d61e06fdf3f4e85e48f7cd6b3736) Importer(815301076,1909f56bfc062723c751e8b465ee728b)  -> (artifact id: '1d31f39f85927942d8caec5606dcfd24') in 0.005329 seconds 
========================================================================
Received Import Request.
  Time since last request: 3.972002 seconds.
  path: Assets/Mike/tileset_1.asset
  artifactKey: Guid(ed5ac740048a0c9458ae974f2def4621) Importer(815301076,1909f56bfc062723c751e8b465ee728b)
Start importing Assets/Mike/tileset_1.asset using Guid(ed5ac740048a0c9458ae974f2def4621) Importer(815301076,1909f56bfc062723c751e8b465ee728b)  -> (artifact id: '55fbc642893d4c11f5f5f95199138383') in 0.006709 seconds 
========================================================================
Received Import Request.
  Time since last request: 0.000021 seconds.
  path: Assets/Mike/tileset_27.asset
  artifactKey: Guid(975143de13b79cc488f60bc8b3514425) Importer(815301076,1909f56bfc062723c751e8b465ee728b)
Start importing Assets/Mike/tileset_27.asset using Guid(975143de13b79cc488f60bc8b3514425) Importer(815301076,1909f56bfc062723c751e8b465ee728b)  -> (artifact id: 'd70dd4b3b5c5df2c8282e89d80fe97be') in 0.013982 seconds 
========================================================================
Received Import Request.
  Time since last request: 0.000023 seconds.
  path: Assets/Mike/tileset_10.asset
  artifactKey: Guid(7852ef9c3c2aba44698922e62d4e0772) Importer(815301076,1909f56bfc062723c751e8b465ee728b)
Start importing Assets/Mike/tileset_10.asset using Guid(7852ef9c3c2aba44698922e62d4e0772) Importer(815301076,1909f56bfc062723c751e8b465ee728b)  -> (artifact id: '3cd8c0c72eebeae3fd58613ecd3241ce') in 0.007235 seconds 
========================================================================
Received Import Request.
  Time since last request: 0.000021 seconds.
  path: Assets/Mike/tileset_37.asset
  artifactKey: Guid(6e5057e28914ed941b73e89777010a69) Importer(815301076,1909f56bfc062723c751e8b465ee728b)
Start importing Assets/Mike/tileset_37.asset using Guid(6e5057e28914ed941b73e89777010a69) Importer(815301076,1909f56bfc062723c751e8b465ee728b)  -> (artifact id: '5d95b8cce0a683f7dc22b43c3f693320') in 0.005551 seconds 
========================================================================
Received Import Request.
  Time since last request: 0.000027 seconds.
  path: Assets/Mike/tileset_34.asset
  artifactKey: Guid(ca502e8843b0b1c41b844fbb2cba8046) Importer(815301076,1909f56bfc062723c751e8b465ee728b)
Start importing Assets/Mike/tileset_34.asset using Guid(ca502e8843b0b1c41b844fbb2cba8046) Importer(815301076,1909f56bfc062723c751e8b465ee728b)  -> (artifact id: 'f98d6df5e36d08f265e0616d2f4b8896') in 0.007176 seconds 
========================================================================
Received Import Request.
  Time since last request: 0.000043 seconds.
  path: Assets/Mike/tileset_32.asset
  artifactKey: Guid(e51d709c68d1fcb49900aec169725019) Importer(815301076,1909f56bfc062723c751e8b465ee728b)
Start importing Assets/Mike/tileset_32.asset using Guid(e51d709c68d1fcb49900aec169725019) Importer(815301076,1909f56bfc062723c751e8b465ee728b)  -> (artifact id: '756c31ba9c20b002d93556718e949cac') in 0.006304 seconds 
========================================================================
Received Import Request.
  Time since last request: 0.000023 seconds.
  path: Assets/Mike/tileset_8.asset
  artifactKey: Guid(8cba8331b30eff74fa28bc39b064cc0d) Importer(815301076,1909f56bfc062723c751e8b465ee728b)
Start importing Assets/Mike/tileset_8.asset using Guid(8cba8331b30eff74fa28bc39b064cc0d) Importer(815301076,1909f56bfc062723c751e8b465ee728b)  -> (artifact id: '23c5c6d3c61dea552407b6bb891d4658') in 0.016306 seconds 
========================================================================
Received Import Request.
  Time since last request: 0.000021 seconds.
  path: Assets/Mike/tileset_45.asset
  artifactKey: Guid(3b5170aff2c6122448af4b1dd2417eb4) Importer(815301076,1909f56bfc062723c751e8b465ee728b)
Start importing Assets/Mike/tileset_45.asset using Guid(3b5170aff2c6122448af4b1dd2417eb4) Importer(815301076,1909f56bfc062723c751e8b465ee728b)  -> (artifact id: 'afea18f243854eefa2e7b094397b79df') in 0.006127 seconds 
========================================================================
Received Import Request.
  Time since last request: 0.000026 seconds.
  path: Assets/Mike/tileset_21.asset
  artifactKey: Guid(867db09307604fb4697f21e34a9da4b5) Importer(815301076,1909f56bfc062723c751e8b465ee728b)
Start importing Assets/Mike/tileset_21.asset using Guid(867db09307604fb4697f21e34a9da4b5) Importer(815301076,1909f56bfc062723c751e8b465ee728b)  -> (artifact id: '61b27b106ffd907e9bc7aeba0d5150c3') in 0.005518 seconds 
========================================================================
Received Import Request.
  Time since last request: 0.000018 seconds.
  path: Assets/Mike/tileset_13.asset
  artifactKey: Guid(ab0216f8ab9de934a83773ef9f97dc16) Importer(815301076,1909f56bfc062723c751e8b465ee728b)
Start importing Assets/Mike/tileset_13.asset using Guid(ab0216f8ab9de934a83773ef9f97dc16) Importer(815301076,1909f56bfc062723c751e8b465ee728b)  -> (artifact id: 'b76b9e608f703e133a495abd404ca75d') in 1.071818 seconds 
========================================================================
Received Import Request.
  Time since last request: 0.000023 seconds.
  path: Assets/Mike/tileset_17.asset
  artifactKey: Guid(357b31b2561cfdc4e946e633b5cd34e2) Importer(815301076,1909f56bfc062723c751e8b465ee728b)
Start importing Assets/Mike/tileset_17.asset using Guid(357b31b2561cfdc4e946e633b5cd34e2) Importer(815301076,1909f56bfc062723c751e8b465ee728b)  -> (artifact id: '41c00bda29bc1e79a2899eb571e85053') in 0.017566 seconds 
========================================================================
Received Import Request.
  Time since last request: 0.000044 seconds.
  path: Assets/Mike/tileset_12.asset
  artifactKey: Guid(e75f4f93989a299459676e1a5fdb300f) Importer(815301076,1909f56bfc062723c751e8b465ee728b)
Start importing Assets/Mike/tileset_12.asset using Guid(e75f4f93989a299459676e1a5fdb300f) Importer(815301076,1909f56bfc062723c751e8b465ee728b)  -> (artifact id: 'e0425acf5340eddec4bb9f9f5e2a0ba2') in 0.007192 seconds 
========================================================================
Received Import Request.
  Time since last request: 0.000024 seconds.
  path: Assets/Mike/tileset_22.asset
  artifactKey: Guid(fe1b1d76568c7a54c95201e6a9d36e2e) Importer(815301076,1909f56bfc062723c751e8b465ee728b)
Start importing Assets/Mike/tileset_22.asset using Guid(fe1b1d76568c7a54c95201e6a9d36e2e) Importer(815301076,1909f56bfc062723c751e8b465ee728b)  -> (artifact id: '5e839b85a8e165ed44ad8501520b5100') in 0.013653 seconds 
========================================================================
Received Import Request.
  Time since last request: 0.000017 seconds.
  path: Assets/Mike/tileset_43.asset
  artifactKey: Guid(3042974c7acce7d459aaff98d83fa664) Importer(815301076,1909f56bfc062723c751e8b465ee728b)
Start importing Assets/Mike/tileset_43.asset using Guid(3042974c7acce7d459aaff98d83fa664) Importer(815301076,1909f56bfc062723c751e8b465ee728b)  -> (artifact id: '2dfbfb5e87a7725b38021bd6fbb6a1ec') in 0.006137 seconds 
========================================================================
Received Import Request.
  Time since last request: 0.000026 seconds.
  path: Assets/Mike/tileset_36.asset
  artifactKey: Guid(1d8d0cd5ad630e94ba3dd4619c533833) Importer(815301076,1909f56bfc062723c751e8b465ee728b)
Start importing Assets/Mike/tileset_36.asset using Guid(1d8d0cd5ad630e94ba3dd4619c533833) Importer(815301076,1909f56bfc062723c751e8b465ee728b)  -> (artifact id: '673d86c7786eecb18a3c4fb3d4c46f1b') in 0.007149 seconds 
========================================================================
Received Import Request.
  Time since last request: 0.000020 seconds.
  path: Assets/Mike/tileset_44.asset
  artifactKey: Guid(b26cf9127d72ffb42a06d610278dbd52) Importer(815301076,1909f56bfc062723c751e8b465ee728b)
Start importing Assets/Mike/tileset_44.asset using Guid(b26cf9127d72ffb42a06d610278dbd52) Importer(815301076,1909f56bfc062723c751e8b465ee728b)  -> (artifact id: '332611e6454b78071f2515ae3d7a5c8d') in 0.006367 seconds 
========================================================================
Received Import Request.
  Time since last request: 0.000027 seconds.
  path: Assets/Mike/tileset_14.asset
  artifactKey: Guid(85f6f73889dc4d943a6a2d4eda46a0f4) Importer(815301076,1909f56bfc062723c751e8b465ee728b)
Start importing Assets/Mike/tileset_14.asset using Guid(85f6f73889dc4d943a6a2d4eda46a0f4) Importer(815301076,1909f56bfc062723c751e8b465ee728b)  -> (artifact id: 'aa59c9eda6c001cef763448d963f9c3d') in 0.006928 seconds 
========================================================================
Received Import Request.
  Time since last request: 0.000025 seconds.
  path: Assets/Mike/tileset_39.asset
  artifactKey: Guid(bc11d61e06fdf3f4e85e48f7cd6b3736) Importer(815301076,1909f56bfc062723c751e8b465ee728b)
Start importing Assets/Mike/tileset_39.asset using Guid(bc11d61e06fdf3f4e85e48f7cd6b3736) Importer(815301076,1909f56bfc062723c751e8b465ee728b)  -> (artifact id: '16ca5cd154487d0a936fa285857e50b9') in 0.004290 seconds 
========================================================================
Received Import Request.
  Time since last request: 2.443432 seconds.
  path: Assets/Mike/tileset_1.asset
  artifactKey: Guid(ed5ac740048a0c9458ae974f2def4621) Importer(815301076,1909f56bfc062723c751e8b465ee728b)
Start importing Assets/Mike/tileset_1.asset using Guid(ed5ac740048a0c9458ae974f2def4621) Importer(815301076,1909f56bfc062723c751e8b465ee728b)  -> (artifact id: 'bf6b500894b019a88b30ed5683cb93d4') in 0.007709 seconds 
========================================================================
Received Import Request.
  Time since last request: 0.000018 seconds.
  path: Assets/Mike/tileset_24.asset
  artifactKey: Guid(09070ce930f0292409d4a5da842d2b81) Importer(815301076,1909f56bfc062723c751e8b465ee728b)
Start importing Assets/Mike/tileset_24.asset using Guid(09070ce930f0292409d4a5da842d2b81) Importer(815301076,1909f56bfc062723c751e8b465ee728b)  -> (artifact id: '2d5bd3e0383d753b3c998fd6d13762d9') in 0.005156 seconds 
========================================================================
Received Import Request.
  Time since last request: 0.000026 seconds.
  path: Assets/Mike/tileset_4.asset
  artifactKey: Guid(59700e3b6cd6016478ac69ac7bf5f3d4) Importer(815301076,1909f56bfc062723c751e8b465ee728b)
Start importing Assets/Mike/tileset_4.asset using Guid(59700e3b6cd6016478ac69ac7bf5f3d4) Importer(815301076,1909f56bfc062723c751e8b465ee728b)  -> (artifact id: '978a204d8984d0218edc4ced145f0a1c') in 0.012480 seconds 
========================================================================
Received Import Request.
  Time since last request: 0.000020 seconds.
  path: Assets/Mike/tileset_18.asset
  artifactKey: Guid(b6d8f9084f92c5246981d89d1cebc130) Importer(815301076,1909f56bfc062723c751e8b465ee728b)
Start importing Assets/Mike/tileset_18.asset using Guid(b6d8f9084f92c5246981d89d1cebc130) Importer(815301076,1909f56bfc062723c751e8b465ee728b)  -> (artifact id: 'f46a127fecc7dc59b190baca53855274') in 0.005611 seconds 
========================================================================
Received Import Request.
  Time since last request: 0.000044 seconds.
  path: Assets/Mike/tileset_3.asset
  artifactKey: Guid(3da1001d2300a8a4b946743a87dc90a3) Importer(815301076,1909f56bfc062723c751e8b465ee728b)
Start importing Assets/Mike/tileset_3.asset using Guid(3da1001d2300a8a4b946743a87dc90a3) Importer(815301076,1909f56bfc062723c751e8b465ee728b)  -> (artifact id: 'c6d60878ec0face09afc9350114186bd') in 0.006317 seconds 
========================================================================
Received Import Request.
  Time since last request: 0.000028 seconds.
  path: Assets/Mike/tileset_15.asset
  artifactKey: Guid(4c16af1fc1b7d4f4a90b60f1bffc7a36) Importer(815301076,1909f56bfc062723c751e8b465ee728b)
Start importing Assets/Mike/tileset_15.asset using Guid(4c16af1fc1b7d4f4a90b60f1bffc7a36) Importer(815301076,1909f56bfc062723c751e8b465ee728b)  -> (artifact id: '2ef792bce3ce963ee4f50a42044a75ff') in 0.005466 seconds 
========================================================================
Received Import Request.
  Time since last request: 0.000022 seconds.
  path: Assets/Mike/tileset_8.asset
  artifactKey: Guid(8cba8331b30eff74fa28bc39b064cc0d) Importer(815301076,1909f56bfc062723c751e8b465ee728b)
Start importing Assets/Mike/tileset_8.asset using Guid(8cba8331b30eff74fa28bc39b064cc0d) Importer(815301076,1909f56bfc062723c751e8b465ee728b)  -> (artifact id: '2ebd0facd126f39f80b06e02466172d1') in 0.015609 seconds 
========================================================================
Received Import Request.
  Time since last request: 0.000029 seconds.
  path: Assets/Mike/tileset_45.asset
  artifactKey: Guid(3b5170aff2c6122448af4b1dd2417eb4) Importer(815301076,1909f56bfc062723c751e8b465ee728b)
Start importing Assets/Mike/tileset_45.asset using Guid(3b5170aff2c6122448af4b1dd2417eb4) Importer(815301076,1909f56bfc062723c751e8b465ee728b)  -> (artifact id: 'af9240602e5172b3f3ebbd513dbaae60') in 0.006330 seconds 
========================================================================
Received Import Request.
  Time since last request: 0.000025 seconds.
  path: Assets/Mike/tileset_21.asset
  artifactKey: Guid(867db09307604fb4697f21e34a9da4b5) Importer(815301076,1909f56bfc062723c751e8b465ee728b)
Start importing Assets/Mike/tileset_21.asset using Guid(867db09307604fb4697f21e34a9da4b5) Importer(815301076,1909f56bfc062723c751e8b465ee728b)  -> (artifact id: '02d45be1106caba5598971da1bbe7367') in 0.007695 seconds 
========================================================================
Received Import Request.
  Time since last request: 0.000027 seconds.
  path: Assets/Mike/tileset_13.asset
  artifactKey: Guid(ab0216f8ab9de934a83773ef9f97dc16) Importer(815301076,1909f56bfc062723c751e8b465ee728b)
Start importing Assets/Mike/tileset_13.asset using Guid(ab0216f8ab9de934a83773ef9f97dc16) Importer(815301076,1909f56bfc062723c751e8b465ee728b)  -> (artifact id: '5ce64b517c59b685cf5a7d5542f22de5') in 0.011306 seconds 
========================================================================
Received Import Request.
  Time since last request: 0.000027 seconds.
  path: Assets/Mike/tileset_6.asset
  artifactKey: Guid(933d0df862a8b29498783f4fded1293f) Importer(815301076,1909f56bfc062723c751e8b465ee728b)
Start importing Assets/Mike/tileset_6.asset using Guid(933d0df862a8b29498783f4fded1293f) Importer(815301076,1909f56bfc062723c751e8b465ee728b)  -> (artifact id: 'eccdd55ef404975e88c4ddec0a1ece5d') in 0.004997 seconds 
========================================================================
Received Import Request.
  Time since last request: 0.000029 seconds.
  path: Assets/Mike/tileset_35.asset
  artifactKey: Guid(77f5df0058ab9b545b299a2faf54129f) Importer(815301076,1909f56bfc062723c751e8b465ee728b)
Start importing Assets/Mike/tileset_35.asset using Guid(77f5df0058ab9b545b299a2faf54129f) Importer(815301076,1909f56bfc062723c751e8b465ee728b)  -> (artifact id: 'a9fd52570064eab5fd430a677b1a30e9') in 0.006828 seconds 
========================================================================
Received Import Request.
  Time since last request: 0.000023 seconds.
  path: Assets/Mike/tileset_33.asset
  artifactKey: Guid(45ed9f8920012ac4f8e8e75e06c03159) Importer(815301076,1909f56bfc062723c751e8b465ee728b)
Start importing Assets/Mike/tileset_33.asset using Guid(45ed9f8920012ac4f8e8e75e06c03159) Importer(815301076,1909f56bfc062723c751e8b465ee728b)  -> (artifact id: 'b6e8c6e4f895105b38c2b3fe69346f45') in 0.006162 seconds 
========================================================================
Received Import Request.
  Time since last request: 0.000033 seconds.
  path: Assets/Mike/tileset_42.asset
  artifactKey: Guid(fd235164b14f7674fbc1477d2488786f) Importer(815301076,1909f56bfc062723c751e8b465ee728b)
Start importing Assets/Mike/tileset_42.asset using Guid(fd235164b14f7674fbc1477d2488786f) Importer(815301076,1909f56bfc062723c751e8b465ee728b)  -> (artifact id: '18bb3a77e6c72a35aa6e83e9021ac238') in 0.013377 seconds 
========================================================================
Received Import Request.
  Time since last request: 0.000043 seconds.
  path: Assets/Mike/tileset_38.asset
  artifactKey: Guid(0d8394db4f820b741aff781ee508d5de) Importer(815301076,1909f56bfc062723c751e8b465ee728b)
Start importing Assets/Mike/tileset_38.asset using Guid(0d8394db4f820b741aff781ee508d5de) Importer(815301076,1909f56bfc062723c751e8b465ee728b)  -> (artifact id: '211ccb8a491cf0b67c12ff4a8767e609') in 0.012305 seconds 
========================================================================
Received Import Request.
  Time since last request: 0.000022 seconds.
  path: Assets/Mike/tileset_23.asset
  artifactKey: Guid(4d3b153904be221479021aa03eac7d13) Importer(815301076,1909f56bfc062723c751e8b465ee728b)
Start importing Assets/Mike/tileset_23.asset using Guid(4d3b153904be221479021aa03eac7d13) Importer(815301076,1909f56bfc062723c751e8b465ee728b)  -> (artifact id: '411c513f19e57dfcffab34e9bb22b9de') in 0.014763 seconds 
========================================================================
Received Import Request.
  Time since last request: 0.000026 seconds.
  path: Assets/Mike/tileset_29.asset
  artifactKey: Guid(e18146ceb1ab9984db81cfbd6f5ff258) Importer(815301076,1909f56bfc062723c751e8b465ee728b)
Start importing Assets/Mike/tileset_29.asset using Guid(e18146ceb1ab9984db81cfbd6f5ff258) Importer(815301076,1909f56bfc062723c751e8b465ee728b)  -> (artifact id: '8830cd3f3a3626000294b3202f4503df') in 0.005408 seconds 
========================================================================
Received Import Request.
  Time since last request: 0.000040 seconds.
  path: Assets/Mike/tileset_11.asset
  artifactKey: Guid(f9cc0b5b91814194bb92661ddfa576e8) Importer(815301076,1909f56bfc062723c751e8b465ee728b)
Start importing Assets/Mike/tileset_11.asset using Guid(f9cc0b5b91814194bb92661ddfa576e8) Importer(815301076,1909f56bfc062723c751e8b465ee728b)  -> (artifact id: '9e5eb87d1b0320d1c4a7d31287264af6') in 0.005255 seconds 
========================================================================
Received Import Request.
  Time since last request: 0.000024 seconds.
  path: Assets/Mike/tileset_39.asset
  artifactKey: Guid(bc11d61e06fdf3f4e85e48f7cd6b3736) Importer(815301076,1909f56bfc062723c751e8b465ee728b)
Start importing Assets/Mike/tileset_39.asset using Guid(bc11d61e06fdf3f4e85e48f7cd6b3736) Importer(815301076,1909f56bfc062723c751e8b465ee728b)  -> (artifact id: '93b543e930b1aba561e35e6a5cc8f88f') in 0.006159 seconds 
Editor requested this worker to shutdown with reason: Scaling down because of idle timeout
AssetImportWorker is now disconnected from the server
Process exiting
Exiting without the bug reporter. Application will terminate with return code 0