Using pre-set license
Built from '2021.3/staging' branch; Version is '2021.3.21f1 (1b156197d683) revision 1774945'; Using compiler version '192829333'; Build Type 'Release'
OS: 'Windows 11  (10.0.22621) 64bit Core' Language: 'en' Physical Memory: 16245 MB
BatchMode: 1, IsHumanControllingUs: 0, StartBugReporterOnCrash: 0, Is64bit: 1, IsPro: 1

COMMAND LINE ARGUMENTS:
C:\Program Files\Unity 2021.3.21f1\Editor\Unity.exe
-adb2
-batchMode
-noUpm
-name
AssetImportWorker9
-projectPath
D:/My Files/Unity Projects 2023/ScoreSpaceJam
-logFile
Logs/AssetImportWorker9.log
-srvPort
61730
Successfully changed project path to: D:/My Files/Unity Projects 2023/ScoreSpaceJam
D:/My Files/Unity Projects 2023/ScoreSpaceJam
[UnityMemory] Configuration Parameters - Can be set up in boot.config
    "memorysetup-bucket-allocator-granularity=16"
    "memorysetup-bucket-allocator-bucket-count=8"
    "memorysetup-bucket-allocator-block-size=33554432"
    "memorysetup-bucket-allocator-block-count=8"
    "memorysetup-main-allocator-block-size=16777216"
    "memorysetup-thread-allocator-block-size=16777216"
    "memorysetup-gfx-main-allocator-block-size=16777216"
    "memorysetup-gfx-thread-allocator-block-size=16777216"
    "memorysetup-cache-allocator-block-size=4194304"
    "memorysetup-typetree-allocator-block-size=2097152"
    "memorysetup-profiler-bucket-allocator-granularity=16"
    "memorysetup-profiler-bucket-allocator-bucket-count=8"
    "memorysetup-profiler-bucket-allocator-block-size=33554432"
    "memorysetup-profiler-bucket-allocator-block-count=8"
    "memorysetup-profiler-allocator-block-size=16777216"
    "memorysetup-profiler-editor-allocator-block-size=1048576"
    "memorysetup-temp-allocator-size-main=16777216"
    "memorysetup-job-temp-allocator-block-size=2097152"
    "memorysetup-job-temp-allocator-block-size-background=1048576"
    "memorysetup-job-temp-allocator-reduction-small-platforms=262144"
    "memorysetup-temp-allocator-size-background-worker=32768"
    "memorysetup-temp-allocator-size-job-worker=262144"
    "memorysetup-temp-allocator-size-preload-manager=33554432"
    "memorysetup-temp-allocator-size-nav-mesh-worker=65536"
    "memorysetup-temp-allocator-size-audio-worker=65536"
    "memorysetup-temp-allocator-size-cloud-worker=32768"
    "memorysetup-temp-allocator-size-gi-baking-worker=262144"
    "memorysetup-temp-allocator-size-gfx=262144"
Player connection [32432] Host "[IP] 192.168.5.73 [Port] 0 [Flags] 2 [Guid] 1216305082 [EditorId] 1216305082 [Version] 1048832 [Id] WindowsEditor(7,DESKTOP-OCSKS59) [Debug] 1 [PackageName] WindowsEditor [ProjectName] Editor" joined multi-casting on [225.0.0.222:54997]...

Player connection [32432] Host "[IP] 192.168.5.73 [Port] 0 [Flags] 2 [Guid] 1216305082 [EditorId] 1216305082 [Version] 1048832 [Id] WindowsEditor(7,DESKTOP-OCSKS59) [Debug] 1 [PackageName] WindowsEditor [ProjectName] Editor" joined alternative multi-casting on [225.0.0.222:34997]...

Refreshing native plugins compatible for Editor in 152.07 ms, found 4 plugins.
Preloading 0 native plugins for Editor in 0.00 ms.
Initialize engine version: 2021.3.21f1 (1b156197d683)
[Subsystems] Discovering subsystems at path C:/Program Files/Unity 2021.3.21f1/Editor/Data/Resources/UnitySubsystems
[Subsystems] Discovering subsystems at path D:/My Files/Unity Projects 2023/ScoreSpaceJam/Assets
GfxDevice: creating device client; threaded=0; jobified=0
Direct3D:
    Version:  Direct3D 11.0 [level 11.1]
    Renderer: NVIDIA GeForce GTX 1660 Ti (ID=0x2191)
    Vendor:   NVIDIA
    VRAM:     5991 MB
    Driver:   30.0.14.7151
Initialize mono
Mono path[0] = 'C:/Program Files/Unity 2021.3.21f1/Editor/Data/Managed'
Mono path[1] = 'C:/Program Files/Unity 2021.3.21f1/Editor/Data/MonoBleedingEdge/lib/mono/unityjit-win32'
Mono config path = 'C:/Program Files/Unity 2021.3.21f1/Editor/Data/MonoBleedingEdge/etc'
Using monoOptions --debugger-agent=transport=dt_socket,embedding=1,server=y,suspend=n,address=127.0.0.1:56996
Begin MonoManager ReloadAssembly
Registering precompiled unity dll's ...
Register platform support module: C:/Program Files/Unity 2021.3.21f1/Editor/Data/PlaybackEngines/WebGLSupport/UnityEditor.WebGL.Extensions.dll
Register platform support module: C:/Program Files/Unity 2021.3.21f1/Editor/Data/PlaybackEngines/WindowsStandaloneSupport/UnityEditor.WindowsStandalone.Extensions.dll
Registered in 0.005916 seconds.
Native extension for WindowsStandalone target not found
Native extension for WebGL target not found
Refreshing native plugins compatible for Editor in 147.06 ms, found 4 plugins.
Preloading 0 native plugins for Editor in 0.00 ms.
Mono: successfully reloaded assembly
- Completed reload, in  1.053 seconds
Domain Reload Profiling:
	ReloadAssembly (1054ms)
		BeginReloadAssembly (121ms)
			ExecutionOrderSort (0ms)
			DisableScriptedObjects (0ms)
			BackupInstance (0ms)
			ReleaseScriptingObjects (0ms)
			CreateAndSetChildDomain (1ms)
		EndReloadAssembly (760ms)
			LoadAssemblies (118ms)
			RebuildTransferFunctionScriptingTraits (0ms)
			SetupTypeCache (180ms)
			ReleaseScriptCaches (0ms)
			RebuildScriptCaches (55ms)
			SetupLoadedEditorAssemblies (461ms)
				LogAssemblyErrors (0ms)
				InitializePlatformSupportModulesInManaged (12ms)
				SetLoadedEditorAssemblies (1ms)
				RefreshPlugins (147ms)
				BeforeProcessingInitializeOnLoad (2ms)
				ProcessInitializeOnLoadAttributes (239ms)
				ProcessInitializeOnLoadMethodAttributes (60ms)
				AfterProcessingInitializeOnLoad (0ms)
				EditorAssembliesLoaded (0ms)
			ExecutionOrderSort2 (0ms)
			AwakeInstancesAfterBackupRestoration (0ms)
Platform modules already initialized, skipping
Registering precompiled user dll's ...
Registered in 0.007310 seconds.
Begin MonoManager ReloadAssembly
Native extension for WindowsStandalone target not found
Native extension for WebGL target not found
Refreshing native plugins compatible for Editor in 120.85 ms, found 4 plugins.
Preloading 0 native plugins for Editor in 0.00 ms.
Mono: successfully reloaded assembly
- Completed reload, in  1.602 seconds
Domain Reload Profiling:
	ReloadAssembly (1603ms)
		BeginReloadAssembly (155ms)
			ExecutionOrderSort (0ms)
			DisableScriptedObjects (7ms)
			BackupInstance (0ms)
			ReleaseScriptingObjects (0ms)
			CreateAndSetChildDomain (26ms)
		EndReloadAssembly (1306ms)
			LoadAssemblies (134ms)
			RebuildTransferFunctionScriptingTraits (0ms)
			SetupTypeCache (348ms)
			ReleaseScriptCaches (1ms)
			RebuildScriptCaches (82ms)
			SetupLoadedEditorAssemblies (697ms)
				LogAssemblyErrors (0ms)
				InitializePlatformSupportModulesInManaged (6ms)
				SetLoadedEditorAssemblies (0ms)
				RefreshPlugins (121ms)
				BeforeProcessingInitializeOnLoad (154ms)
				ProcessInitializeOnLoadAttributes (352ms)
				ProcessInitializeOnLoadMethodAttributes (58ms)
				AfterProcessingInitializeOnLoad (7ms)
				EditorAssembliesLoaded (0ms)
			ExecutionOrderSort2 (0ms)
			AwakeInstancesAfterBackupRestoration (7ms)
Platform modules already initialized, skipping
========================================================================
Worker process is ready to serve import requests
Launched and connected shader compiler UnityShaderCompiler.exe after 0.05 seconds
Refreshing native plugins compatible for Editor in 2.52 ms, found 4 plugins.
Preloading 0 native plugins for Editor in 0.00 ms.
Unloading 4300 Unused Serialized files (Serialized files now loaded: 0)
Unloading 51 unused Assets / (129.4 KB). Loaded Objects now: 4758.
Memory consumption went from 161.3 MB to 161.2 MB.
Total: 6.439500 ms (FindLiveObjects: 0.822500 ms CreateObjectMapping: 0.769900 ms MarkObjects: 4.694100 ms  DeleteObjects: 0.151700 ms)

AssetImportParameters requested are different than current active one (requested -> active):
  custom:video-decoder-ogg-theora: a1e56fd34408186e4bbccfd4996cb3dc -> 
  custom:container-muxer-webm: aa71ff27fc2769a1b78a27578f13a17b -> 
  custom:container-demuxer-webm: 4f35f7cbe854078d1ac9338744f61a02 -> 
  custom:video-encoder-webm-vp8: eb34c28f22e8b96e1ab97ce403110664 -> 
  custom:audio-encoder-webm-vorbis: bf7c407c2cedff20999df2af8eb42d56 -> 
  custom:framework-win-MediaFoundation: 216162199b28c13a410421893ffa2e32 -> 
  custom:container-demuxer-ogg: 62fdf1f143b41e24485cea50d1cbac27 -> 
  custom:video-decoder-webm-vp8: 9c59270c3fd7afecdb556c50c9e8de78 -> 
  custom:audio-decoder-ogg-vorbis: bf7c407c2cedff20999df2af8eb42d56 -> 
========================================================================
Received Import Request.
  Time since last request: 148876.910578 seconds.
  path: Assets/Mike/tileset_273.asset
  artifactKey: Guid(a97604fd226911e408d3db1fc632a135) Importer(815301076,1909f56bfc062723c751e8b465ee728b)
Start importing Assets/Mike/tileset_273.asset using Guid(a97604fd226911e408d3db1fc632a135) Importer(815301076,1909f56bfc062723c751e8b465ee728b)  -> (artifact id: '3f16002de782712533fb87655595f676') in 0.293432 seconds 
========================================================================
Received Import Request.
  Time since last request: 0.000039 seconds.
  path: Assets/Mike/tileset_344.asset
  artifactKey: Guid(880eb5d74ae4ba045872ec0058aba1c1) Importer(815301076,1909f56bfc062723c751e8b465ee728b)
Start importing Assets/Mike/tileset_344.asset using Guid(880eb5d74ae4ba045872ec0058aba1c1) Importer(815301076,1909f56bfc062723c751e8b465ee728b)  -> (artifact id: '5a31bef3b41d70f64d33ecd86575d1e1') in 0.009264 seconds 
========================================================================
Received Import Request.
  Time since last request: 0.000046 seconds.
  path: Assets/Mike/tileset_326.asset
  artifactKey: Guid(f244bcd45d44a6e4899ef2afdd12c1be) Importer(815301076,1909f56bfc062723c751e8b465ee728b)
Start importing Assets/Mike/tileset_326.asset using Guid(f244bcd45d44a6e4899ef2afdd12c1be) Importer(815301076,1909f56bfc062723c751e8b465ee728b)  -> (artifact id: 'bbe5d5ad20eb976ee787da8d671ac5e3') in 0.019087 seconds 
========================================================================
Received Import Request.
  Time since last request: 0.000100 seconds.
  path: Assets/Mike/tileset_357.asset
  artifactKey: Guid(21cf44722f7356148ae3f1c2c2fae689) Importer(815301076,1909f56bfc062723c751e8b465ee728b)
Start importing Assets/Mike/tileset_357.asset using Guid(21cf44722f7356148ae3f1c2c2fae689) Importer(815301076,1909f56bfc062723c751e8b465ee728b)  -> (artifact id: 'd44cdb0145a6b61e7658865622366416') in 0.009518 seconds 
========================================================================
Received Import Request.
  Time since last request: 0.000022 seconds.
  path: Assets/Mike/tileset_360.asset
  artifactKey: Guid(e9c5b4869013bd54694bc223380643e8) Importer(815301076,1909f56bfc062723c751e8b465ee728b)
Start importing Assets/Mike/tileset_360.asset using Guid(e9c5b4869013bd54694bc223380643e8) Importer(815301076,1909f56bfc062723c751e8b465ee728b)  -> (artifact id: '59a5252831e115def9363b4da93e9c66') in 0.009951 seconds 
========================================================================
Received Import Request.
  Time since last request: 0.000020 seconds.
  path: Assets/Mike/tileset_318.asset
  artifactKey: Guid(9e3d3e1947146ba4aa9a54a7c6ec1d30) Importer(815301076,1909f56bfc062723c751e8b465ee728b)
Start importing Assets/Mike/tileset_318.asset using Guid(9e3d3e1947146ba4aa9a54a7c6ec1d30) Importer(815301076,1909f56bfc062723c751e8b465ee728b)  -> (artifact id: '8ac8561c51c57caaa428249e86099196') in 0.009341 seconds 
========================================================================
Received Import Request.
  Time since last request: 0.000020 seconds.
  path: Assets/Mike/tileset_354.asset
  artifactKey: Guid(c35bd2dd2cf7c5d4a98b66be1f02850e) Importer(815301076,1909f56bfc062723c751e8b465ee728b)
Start importing Assets/Mike/tileset_354.asset using Guid(c35bd2dd2cf7c5d4a98b66be1f02850e) Importer(815301076,1909f56bfc062723c751e8b465ee728b)  -> (artifact id: 'd735eae4bc7134c419ef3abf274a6ad1') in 0.021282 seconds 
========================================================================
Received Import Request.
  Time since last request: 0.000028 seconds.
  path: Assets/Mike/tileset_309.asset
  artifactKey: Guid(8048323f6007eb44788f6af6153b8316) Importer(815301076,1909f56bfc062723c751e8b465ee728b)
Start importing Assets/Mike/tileset_309.asset using Guid(8048323f6007eb44788f6af6153b8316) Importer(815301076,1909f56bfc062723c751e8b465ee728b)  -> (artifact id: '9c305fb4f1ab9caca014145f492a8e02') in 0.020109 seconds 
========================================================================
Received Import Request.
  Time since last request: 0.000029 seconds.
  path: Assets/Mike/tileset_349.asset
  artifactKey: Guid(c24f5e3ec6f6009479a07adcbb69b757) Importer(815301076,1909f56bfc062723c751e8b465ee728b)
Start importing Assets/Mike/tileset_349.asset using Guid(c24f5e3ec6f6009479a07adcbb69b757) Importer(815301076,1909f56bfc062723c751e8b465ee728b)  -> (artifact id: '43302a9cd756b5b558ac631ec096f0f0') in 0.018813 seconds 
========================================================================
Received Import Request.
  Time since last request: 0.000050 seconds.
  path: Assets/Mike/tileset_361.asset
  artifactKey: Guid(172a7da68dab2bf4a9aed7fa9fd04511) Importer(815301076,1909f56bfc062723c751e8b465ee728b)
Start importing Assets/Mike/tileset_361.asset using Guid(172a7da68dab2bf4a9aed7fa9fd04511) Importer(815301076,1909f56bfc062723c751e8b465ee728b)  -> (artifact id: 'd558c479be7d4e3e32d7c170d1038477') in 0.018236 seconds 
========================================================================
Received Import Request.
  Time since last request: 0.000022 seconds.
  path: Assets/Mike/tileset_297.asset
  artifactKey: Guid(8733594d2b197da4aa18bf238ff01d04) Importer(815301076,1909f56bfc062723c751e8b465ee728b)
Start importing Assets/Mike/tileset_297.asset using Guid(8733594d2b197da4aa18bf238ff01d04) Importer(815301076,1909f56bfc062723c751e8b465ee728b)  -> (artifact id: '62899c5e05aca8910333534915bbb079') in 0.015306 seconds 
========================================================================
Received Import Request.
  Time since last request: 0.000029 seconds.
  path: Assets/Mike/tileset_363.asset
  artifactKey: Guid(520fbdadec7b1cb47a1d47e224989b76) Importer(815301076,1909f56bfc062723c751e8b465ee728b)
Start importing Assets/Mike/tileset_363.asset using Guid(520fbdadec7b1cb47a1d47e224989b76) Importer(815301076,1909f56bfc062723c751e8b465ee728b)  -> (artifact id: 'febeb43a10ce823327c9f06bc8ebd871') in 0.009530 seconds 
========================================================================
Received Import Request.
  Time since last request: 0.000045 seconds.
  path: Assets/Mike/tileset_313.asset
  artifactKey: Guid(829aba9ee98eb5744862514d9c2f6695) Importer(815301076,1909f56bfc062723c751e8b465ee728b)
Start importing Assets/Mike/tileset_313.asset using Guid(829aba9ee98eb5744862514d9c2f6695) Importer(815301076,1909f56bfc062723c751e8b465ee728b)  -> (artifact id: '910fabf277a9d30418569e844b3868ab') in 0.013516 seconds 
========================================================================
Received Import Request.
  Time since last request: 0.000029 seconds.
  path: Assets/Mike/tileset_319.asset
  artifactKey: Guid(47010c7e3da805f46a99406288a94510) Importer(815301076,1909f56bfc062723c751e8b465ee728b)
Start importing Assets/Mike/tileset_319.asset using Guid(47010c7e3da805f46a99406288a94510) Importer(815301076,1909f56bfc062723c751e8b465ee728b)  -> (artifact id: '60366497079b9feb4782469f6a6971f3') in 0.007802 seconds 
========================================================================
Received Import Request.
  Time since last request: 0.000022 seconds.
  path: Assets/Mike/tileset_284.asset
  artifactKey: Guid(3d0219e890275e74c9deb6b6268aaf28) Importer(815301076,1909f56bfc062723c751e8b465ee728b)
Start importing Assets/Mike/tileset_284.asset using Guid(3d0219e890275e74c9deb6b6268aaf28) Importer(815301076,1909f56bfc062723c751e8b465ee728b)  -> (artifact id: '9da45f197d30d92f174681d1a89b269a') in 0.226098 seconds 
========================================================================
Received Import Request.
  Time since last request: 0.000032 seconds.
  path: Assets/Mike/tileset_356.asset
  artifactKey: Guid(dd0da304314f0be40b9522afb670ce6e) Importer(815301076,1909f56bfc062723c751e8b465ee728b)
Start importing Assets/Mike/tileset_356.asset using Guid(dd0da304314f0be40b9522afb670ce6e) Importer(815301076,1909f56bfc062723c751e8b465ee728b)  -> (artifact id: 'b102fe5fb4526cfe5aa740f901fb5c76') in 0.019398 seconds 
========================================================================
Received Import Request.
  Time since last request: 0.000041 seconds.
  path: Assets/Mike/tileset_324.asset
  artifactKey: Guid(13c127c16677d894c98ed981daf23bc2) Importer(815301076,1909f56bfc062723c751e8b465ee728b)
Start importing Assets/Mike/tileset_324.asset using Guid(13c127c16677d894c98ed981daf23bc2) Importer(815301076,1909f56bfc062723c751e8b465ee728b)  -> (artifact id: 'b76def56dc727a774b0799d0311248d5') in 0.008143 seconds 
========================================================================
Received Import Request.
  Time since last request: 0.000074 seconds.
  path: Assets/Mike/tileset_290.asset
  artifactKey: Guid(5d9158a30b5833d4882f8cc3209b657a) Importer(815301076,1909f56bfc062723c751e8b465ee728b)
Start importing Assets/Mike/tileset_290.asset using Guid(5d9158a30b5833d4882f8cc3209b657a) Importer(815301076,1909f56bfc062723c751e8b465ee728b)  -> (artifact id: 'd28e60d06fae46d08a6757bc963f034b') in 0.009010 seconds 
========================================================================
Received Import Request.
  Time since last request: 0.000022 seconds.
  path: Assets/Mike/tileset_345.asset
  artifactKey: Guid(27c2bf874d285e045a5bd99734c1b99c) Importer(815301076,1909f56bfc062723c751e8b465ee728b)
Start importing Assets/Mike/tileset_345.asset using Guid(27c2bf874d285e045a5bd99734c1b99c) Importer(815301076,1909f56bfc062723c751e8b465ee728b)  -> (artifact id: 'b5bf7eea01d12b5b8783b302382584f4') in 0.016037 seconds 
========================================================================
Received Import Request.
  Time since last request: 0.000030 seconds.
  path: Assets/Mike/tileset_289.asset
  artifactKey: Guid(aef7e5966c4ac48488118d2105b71149) Importer(815301076,1909f56bfc062723c751e8b465ee728b)
Start importing Assets/Mike/tileset_289.asset using Guid(aef7e5966c4ac48488118d2105b71149) Importer(815301076,1909f56bfc062723c751e8b465ee728b)  -> (artifact id: 'ca97b9821d45788290bf793245e45b98') in 0.039741 seconds 
========================================================================
Received Import Request.
  Time since last request: 0.000033 seconds.
  path: Assets/Mike/tileset_310.asset
  artifactKey: Guid(fd0428df488362b4ca53f405698199ab) Importer(815301076,1909f56bfc062723c751e8b465ee728b)
Start importing Assets/Mike/tileset_310.asset using Guid(fd0428df488362b4ca53f405698199ab) Importer(815301076,1909f56bfc062723c751e8b465ee728b)  -> (artifact id: '5f4766e6129e05276cebff97ae360d37') in 0.017617 seconds 
========================================================================
Received Import Request.
  Time since last request: 0.000024 seconds.
  path: Assets/Mike/tileset_338.asset
  artifactKey: Guid(121bfb0e199725c43a4ae1fe76eecb0f) Importer(815301076,1909f56bfc062723c751e8b465ee728b)
Start importing Assets/Mike/tileset_338.asset using Guid(121bfb0e199725c43a4ae1fe76eecb0f) Importer(815301076,1909f56bfc062723c751e8b465ee728b)  -> (artifact id: '0c51de029045f26bcb1318ed8f98aab6') in 0.018626 seconds 
========================================================================
Received Import Request.
  Time since last request: 0.000037 seconds.
  path: Assets/Mike/tileset_282.asset
  artifactKey: Guid(e5645e34bb3ed4045a9c4cbcb90e12d1) Importer(815301076,1909f56bfc062723c751e8b465ee728b)
Start importing Assets/Mike/tileset_282.asset using Guid(e5645e34bb3ed4045a9c4cbcb90e12d1) Importer(815301076,1909f56bfc062723c751e8b465ee728b)  -> (artifact id: '80890aee741076738267adde31b05df0') in 0.015043 seconds 
Editor requested this worker to shutdown with reason: Scaling down because of idle timeout
AssetImportWorker is now disconnected from the server
Process exiting
Exiting without the bug reporter. Application will terminate with return code 0